CRITICAL - 2023-11-24 05:52:58 --> Trying to access array offset on value of type null
in APPPATH\Controllers\ManagepayrollController.php on line 41.
 1 APPPATH\Controllers\ManagepayrollController.php(41): CodeIgniter\Debug\Exceptions->errorHandler(2, 'Trying to access array offset on value of type null', 'C:\\xampp\\htdocs\\ci4\\HR-MS\\app\\Controllers\\ManagepayrollController.php', 41)
 2 SYSTEMPATH\CodeIgniter.php(932): App\Controllers\ManagepayrollController->fetchmanagepayroll()
 3 SYSTEMPATH\CodeIgniter.php(497): CodeIgniter\CodeIgniter->runController(Object(App\Controllers\ManagepayrollController))
 4 SYSTEMPATH\CodeIgniter.php(366): CodeIgniter\CodeIgniter->handleRequest(null, Object(Config\Cache), false)
 5 FCPATH\index.php(67): CodeIgniter\CodeIgniter->run()
CRITICAL - 2023-11-24 05:55:03 --> Undefined array key "order"
in APPPATH\Controllers\ManagepayrollController.php on line 53.
 1 APPPATH\Controllers\ManagepayrollController.php(53): CodeIgniter\Debug\Exceptions->errorHandler(2, 'Undefined array key "order"', 'C:\\xampp\\htdocs\\ci4\\HR-MS\\app\\Controllers\\ManagepayrollController.php', 53)
 2 SYSTEMPATH\CodeIgniter.php(932): App\Controllers\ManagepayrollController->fetchmanagepayroll()
 3 SYSTEMPATH\CodeIgniter.php(497): CodeIgniter\CodeIgniter->runController(Object(App\Controllers\ManagepayrollController))
 4 SYSTEMPATH\CodeIgniter.php(366): CodeIgniter\CodeIgniter->handleRequest(null, Object(Config\Cache), false)
 5 FCPATH\index.php(67): CodeIgniter\CodeIgniter->run()
CRITICAL - 2023-11-24 05:55:11 --> Undefined array key "order"
in APPPATH\Controllers\ManagepayrollController.php on line 42.
 1 APPPATH\Controllers\ManagepayrollController.php(42): CodeIgniter\Debug\Exceptions->errorHandler(2, 'Undefined array key "order"', 'C:\\xampp\\htdocs\\ci4\\HR-MS\\app\\Controllers\\ManagepayrollController.php', 42)
 2 SYSTEMPATH\CodeIgniter.php(932): App\Controllers\ManagepayrollController->fetchmanagepayroll()
 3 SYSTEMPATH\CodeIgniter.php(497): CodeIgniter\CodeIgniter->runController(Object(App\Controllers\ManagepayrollController))
 4 SYSTEMPATH\CodeIgniter.php(366): CodeIgniter\CodeIgniter->handleRequest(null, Object(Config\Cache), false)
 5 FCPATH\index.php(67): CodeIgniter\CodeIgniter->run()
CRITICAL - 2023-11-24 05:55:16 --> Undefined array key "order"
in APPPATH\Controllers\ManagepayrollController.php on line 42.
 1 APPPATH\Controllers\ManagepayrollController.php(42): CodeIgniter\Debug\Exceptions->errorHandler(2, 'Undefined array key "order"', 'C:\\xampp\\htdocs\\ci4\\HR-MS\\app\\Controllers\\ManagepayrollController.php', 42)
 2 SYSTEMPATH\CodeIgniter.php(932): App\Controllers\ManagepayrollController->fetchmanagepayroll()
 3 SYSTEMPATH\CodeIgniter.php(497): CodeIgniter\CodeIgniter->runController(Object(App\Controllers\ManagepayrollController))
 4 SYSTEMPATH\CodeIgniter.php(366): CodeIgniter\CodeIgniter->handleRequest(null, Object(Config\Cache), false)
 5 FCPATH\index.php(67): CodeIgniter\CodeIgniter->run()
