CRITICAL - 2024-01-12 08:59:13 --> Undefined array key "shift_id"
in APPPATH\Controllers\ContractController.php on line 73.
 1 APPPATH\Controllers\ContractController.php(73): CodeIgniter\Debug\Exceptions->errorHandler(2, 'Undefined array key "shift_id"', 'C:\\xampp\\htdocs\\ci4\\HR-MS2\\app\\Controllers\\ContractController.php', 73)
 2 SYSTEMPATH\CodeIgniter.php(932): App\Controllers\ContractController->fetchcontract()
 3 SYSTEMPATH\CodeIgniter.php(497): CodeIgniter\CodeIgniter->runController(Object(App\Controllers\ContractController))
 4 SYSTEMPATH\CodeIgniter.php(366): CodeIgniter\CodeIgniter->handleRequest(null, Object(Config\Cache), false)
 5 FCPATH\index.php(67): CodeIgniter\CodeIgniter->run()
CRITICAL - 2024-01-12 09:45:26 --> Updates are not allowed unless they contain a "where" or "like" clause.
in SYSTEMPATH\Model.php on line 391.
 1 SYSTEMPATH\BaseModel.php(943): CodeIgniter\Model->doUpdate(null, [...])
 2 SYSTEMPATH\Model.php(756): CodeIgniter\BaseModel->update(null, [...])
 3 APPPATH\Controllers\PaymentController.php(155): CodeIgniter\Model->update(null, [...])
 4 SYSTEMPATH\CodeIgniter.php(932): App\Controllers\PaymentController->updatepayment()
 5 SYSTEMPATH\CodeIgniter.php(497): CodeIgniter\CodeIgniter->runController(Object(App\Controllers\PaymentController))
 6 SYSTEMPATH\CodeIgniter.php(366): CodeIgniter\CodeIgniter->handleRequest(null, Object(Config\Cache), false)
 7 FCPATH\index.php(67): CodeIgniter\CodeIgniter->run()
CRITICAL - 2024-01-12 09:56:15 --> Updates are not allowed unless they contain a "where" or "like" clause.
in SYSTEMPATH\Model.php on line 391.
 1 SYSTEMPATH\BaseModel.php(943): CodeIgniter\Model->doUpdate(null, [...])
 2 SYSTEMPATH\Model.php(756): CodeIgniter\BaseModel->update(null, [...])
 3 APPPATH\Controllers\PaymentController.php(155): CodeIgniter\Model->update(null, [...])
 4 SYSTEMPATH\CodeIgniter.php(932): App\Controllers\PaymentController->updatepayment()
 5 SYSTEMPATH\CodeIgniter.php(497): CodeIgniter\CodeIgniter->runController(Object(App\Controllers\PaymentController))
 6 SYSTEMPATH\CodeIgniter.php(366): CodeIgniter\CodeIgniter->handleRequest(null, Object(Config\Cache), false)
 7 FCPATH\index.php(67): CodeIgniter\CodeIgniter->run()
CRITICAL - 2024-01-12 09:57:11 --> Updates are not allowed unless they contain a "where" or "like" clause.
in SYSTEMPATH\Model.php on line 391.
 1 SYSTEMPATH\BaseModel.php(943): CodeIgniter\Model->doUpdate(null, [...])
 2 SYSTEMPATH\Model.php(756): CodeIgniter\BaseModel->update(null, [...])
 3 APPPATH\Controllers\PaymentController.php(155): CodeIgniter\Model->update(null, [...])
 4 SYSTEMPATH\CodeIgniter.php(932): App\Controllers\PaymentController->updatepayment()
 5 SYSTEMPATH\CodeIgniter.php(497): CodeIgniter\CodeIgniter->runController(Object(App\Controllers\PaymentController))
 6 SYSTEMPATH\CodeIgniter.php(366): CodeIgniter\CodeIgniter->handleRequest(null, Object(Config\Cache), false)
 7 FCPATH\index.php(67): CodeIgniter\CodeIgniter->run()
CRITICAL - 2024-01-12 09:58:04 --> Updates are not allowed unless they contain a "where" or "like" clause.
in SYSTEMPATH\Model.php on line 391.
 1 SYSTEMPATH\BaseModel.php(943): CodeIgniter\Model->doUpdate(null, [...])
 2 SYSTEMPATH\Model.php(756): CodeIgniter\BaseModel->update(null, [...])
 3 APPPATH\Controllers\PaymentController.php(155): CodeIgniter\Model->update(null, [...])
 4 SYSTEMPATH\CodeIgniter.php(932): App\Controllers\PaymentController->updatepayment()
 5 SYSTEMPATH\CodeIgniter.php(497): CodeIgniter\CodeIgniter->runController(Object(App\Controllers\PaymentController))
 6 SYSTEMPATH\CodeIgniter.php(366): CodeIgniter\CodeIgniter->handleRequest(null, Object(Config\Cache), false)
 7 FCPATH\index.php(67): CodeIgniter\CodeIgniter->run()
CRITICAL - 2024-01-12 09:58:17 --> Updates are not allowed unless they contain a "where" or "like" clause.
in SYSTEMPATH\Model.php on line 391.
 1 SYSTEMPATH\BaseModel.php(943): CodeIgniter\Model->doUpdate(null, [...])
 2 SYSTEMPATH\Model.php(756): CodeIgniter\BaseModel->update(null, [...])
 3 APPPATH\Controllers\PaymentController.php(155): CodeIgniter\Model->update(null, [...])
 4 SYSTEMPATH\CodeIgniter.php(932): App\Controllers\PaymentController->updatepayment()
 5 SYSTEMPATH\CodeIgniter.php(497): CodeIgniter\CodeIgniter->runController(Object(App\Controllers\PaymentController))
 6 SYSTEMPATH\CodeIgniter.php(366): CodeIgniter\CodeIgniter->handleRequest(null, Object(Config\Cache), false)
 7 FCPATH\index.php(67): CodeIgniter\CodeIgniter->run()
CRITICAL - 2024-01-12 10:13:14 --> Undefined array key "jobt_ype_id"
in APPPATH\Controllers\JobtypeController.php on line 72.
 1 APPPATH\Controllers\JobtypeController.php(72): CodeIgniter\Debug\Exceptions->errorHandler(2, 'Undefined array key "jobt_ype_id"', 'C:\\xampp\\htdocs\\ci4\\HR-MS2\\app\\Controllers\\JobtypeController.php', 72)
 2 SYSTEMPATH\CodeIgniter.php(932): App\Controllers\JobtypeController->fetchjobtypes()
 3 SYSTEMPATH\CodeIgniter.php(497): CodeIgniter\CodeIgniter->runController(Object(App\Controllers\JobtypeController))
 4 SYSTEMPATH\CodeIgniter.php(366): CodeIgniter\CodeIgniter->handleRequest(null, Object(Config\Cache), false)
 5 FCPATH\index.php(67): CodeIgniter\CodeIgniter->run()
CRITICAL - 2024-01-12 10:13:24 --> Undefined array key "jobt_ype_id"
in APPPATH\Controllers\JobtypeController.php on line 72.
 1 APPPATH\Controllers\JobtypeController.php(72): CodeIgniter\Debug\Exceptions->errorHandler(2, 'Undefined array key "jobt_ype_id"', 'C:\\xampp\\htdocs\\ci4\\HR-MS2\\app\\Controllers\\JobtypeController.php', 72)
 2 SYSTEMPATH\CodeIgniter.php(932): App\Controllers\JobtypeController->fetchjobtypes()
 3 SYSTEMPATH\CodeIgniter.php(497): CodeIgniter\CodeIgniter->runController(Object(App\Controllers\JobtypeController))
 4 SYSTEMPATH\CodeIgniter.php(366): CodeIgniter\CodeIgniter->handleRequest(null, Object(Config\Cache), false)
 5 FCPATH\index.php(67): CodeIgniter\CodeIgniter->run()
CRITICAL - 2024-01-12 10:13:48 --> Undefined array key "jo_btype_id"
in APPPATH\Controllers\JobtypeController.php on line 76.
 1 APPPATH\Controllers\JobtypeController.php(76): CodeIgniter\Debug\Exceptions->errorHandler(2, 'Undefined array key "jo_btype_id"', 'C:\\xampp\\htdocs\\ci4\\HR-MS2\\app\\Controllers\\JobtypeController.php', 76)
 2 SYSTEMPATH\CodeIgniter.php(932): App\Controllers\JobtypeController->fetchjobtypes()
 3 SYSTEMPATH\CodeIgniter.php(497): CodeIgniter\CodeIgniter->runController(Object(App\Controllers\JobtypeController))
 4 SYSTEMPATH\CodeIgniter.php(366): CodeIgniter\CodeIgniter->handleRequest(null, Object(Config\Cache), false)
 5 FCPATH\index.php(67): CodeIgniter\CodeIgniter->run()
CRITICAL - 2024-01-12 10:14:02 --> Undefined array key "jo_btype_id"
in APPPATH\Controllers\JobtypeController.php on line 76.
 1 APPPATH\Controllers\JobtypeController.php(76): CodeIgniter\Debug\Exceptions->errorHandler(2, 'Undefined array key "jo_btype_id"', 'C:\\xampp\\htdocs\\ci4\\HR-MS2\\app\\Controllers\\JobtypeController.php', 76)
 2 SYSTEMPATH\CodeIgniter.php(932): App\Controllers\JobtypeController->fetchjobtypes()
 3 SYSTEMPATH\CodeIgniter.php(497): CodeIgniter\CodeIgniter->runController(Object(App\Controllers\JobtypeController))
 4 SYSTEMPATH\CodeIgniter.php(366): CodeIgniter\CodeIgniter->handleRequest(null, Object(Config\Cache), false)
 5 FCPATH\index.php(67): CodeIgniter\CodeIgniter->run()
