INFO - 2024-02-13 05:21:56 --> Session: Class initialized using 'CodeIgniter\Session\Handlers\FileHandler' driver.
INFO - 2024-02-13 05:22:08 --> Session: Class initialized using 'CodeIgniter\Session\Handlers\FileHandler' driver.
INFO - 2024-02-13 06:58:28 --> Session: Class initialized using 'CodeIgniter\Session\Handlers\FileHandler' driver.
CRITICAL - 2024-02-13 09:58:28 --> Cannot access offset of type string on string
in APPPATH\Views\emp-dashboard.php on line 67.
 1 SYSTEMPATH\View\View.php(224): include()
 2 SYSTEMPATH\View\View.php(227): CodeIgniter\View\View->CodeIgniter\View\{closure}()
 3 SYSTEMPATH\Common.php(1176): CodeIgniter\View\View->render('emp-dashboard', [], true)
 4 APPPATH\Controllers\EmpHomeController.php(59): view('emp-dashboard', [...])
 5 SYSTEMPATH\CodeIgniter.php(932): App\Controllers\EmpHomeController->HandleLoginCredentials()
 6 SYSTEMPATH\CodeIgniter.php(497): CodeIgniter\CodeIgniter->runController(Object(App\Controllers\EmpHomeController))
 7 SYSTEMPATH\CodeIgniter.php(366): CodeIgniter\CodeIgniter->handleRequest(null, Object(Config\Cache), false)
 8 FCPATH\index.php(67): CodeIgniter\CodeIgniter->run()
INFO - 2024-02-13 10:09:02 --> Session: Class initialized using 'CodeIgniter\Session\Handlers\FileHandler' driver.
CRITICAL - 2024-02-13 13:15:26 --> Undefined variable $results
in APPPATH\Views\emp-dashboard.php on line 67.
 1 APPPATH\Views\emp-dashboard.php(67): CodeIgniter\Debug\Exceptions->errorHandler(2, 'Undefined variable $results', 'C:\\xampp\\htdocs\\HR-MS\\app\\Views\\emp-dashboard.php', 67)
 2 SYSTEMPATH\View\View.php(224): include('C:\\xampp\\htdocs\\HR-MS\\app\\Views\\emp-dashboard.php')
 3 SYSTEMPATH\View\View.php(227): CodeIgniter\View\View->CodeIgniter\View\{closure}()
 4 SYSTEMPATH\Common.php(1176): CodeIgniter\View\View->render('emp-dashboard', [], true)
 5 APPPATH\Controllers\EmpHomeController.php(25): view('emp-dashboard')
 6 SYSTEMPATH\CodeIgniter.php(932): App\Controllers\EmpHomeController->index()
 7 SYSTEMPATH\CodeIgniter.php(497): CodeIgniter\CodeIgniter->runController(Object(App\Controllers\EmpHomeController))
 8 SYSTEMPATH\CodeIgniter.php(366): CodeIgniter\CodeIgniter->handleRequest(null, Object(Config\Cache), false)
 9 FCPATH\index.php(67): CodeIgniter\CodeIgniter->run()
INFO - 2024-02-13 10:19:04 --> Session: Class initialized using 'CodeIgniter\Session\Handlers\FileHandler' driver.
CRITICAL - 2024-02-13 13:22:55 --> Undefined variable $result
in APPPATH\Views\emp-dashboard.php on line 79.
 1 APPPATH\Views\emp-dashboard.php(79): CodeIgniter\Debug\Exceptions->errorHandler(2, 'Undefined variable $result', 'C:\\xampp\\htdocs\\HR-MS\\app\\Views\\emp-dashboard.php', 79)
 2 SYSTEMPATH\View\View.php(224): include('C:\\xampp\\htdocs\\HR-MS\\app\\Views\\emp-dashboard.php')
 3 SYSTEMPATH\View\View.php(227): CodeIgniter\View\View->CodeIgniter\View\{closure}()
 4 SYSTEMPATH\Common.php(1176): CodeIgniter\View\View->render('emp-dashboard', [], true)
 5 APPPATH\Controllers\EmpHomeController.php(25): view('emp-dashboard')
 6 SYSTEMPATH\CodeIgniter.php(932): App\Controllers\EmpHomeController->index()
 7 SYSTEMPATH\CodeIgniter.php(497): CodeIgniter\CodeIgniter->runController(Object(App\Controllers\EmpHomeController))
 8 SYSTEMPATH\CodeIgniter.php(366): CodeIgniter\CodeIgniter->handleRequest(null, Object(Config\Cache), false)
 9 FCPATH\index.php(67): CodeIgniter\CodeIgniter->run()
INFO - 2024-02-13 10:34:21 --> Session: Class initialized using 'CodeIgniter\Session\Handlers\FileHandler' driver.
CRITICAL - 2024-02-13 13:34:21 --> Cannot use object of type stdClass as array
in APPPATH\Views\emp-dashboard.php on line 67.
 1 SYSTEMPATH\View\View.php(224): include()
 2 SYSTEMPATH\View\View.php(227): CodeIgniter\View\View->CodeIgniter\View\{closure}()
 3 SYSTEMPATH\Common.php(1176): CodeIgniter\View\View->render('emp-dashboard', [], true)
 4 APPPATH\Controllers\EmpHomeController.php(56): view('emp-dashboard', [...])
 5 SYSTEMPATH\CodeIgniter.php(932): App\Controllers\EmpHomeController->HandleLoginCredentials()
 6 SYSTEMPATH\CodeIgniter.php(497): CodeIgniter\CodeIgniter->runController(Object(App\Controllers\EmpHomeController))
 7 SYSTEMPATH\CodeIgniter.php(366): CodeIgniter\CodeIgniter->handleRequest(null, Object(Config\Cache), false)
 8 FCPATH\index.php(67): CodeIgniter\CodeIgniter->run()
CRITICAL - 2024-02-13 18:30:58 --> Undefined property: App\Controllers\EmpHomeController::$employeeModel
in APPPATH\Controllers\EmpHomeController.php on line 80.
 1 APPPATH\Controllers\EmpHomeController.php(80): CodeIgniter\Debug\Exceptions->errorHandler(2, 'Undefined property: App\\Controllers\\EmpHomeController::$employeeModel', 'C:\\xampp\\htdocs\\HR-MS\\app\\Controllers\\EmpHomeController.php', 80)
 2 SYSTEMPATH\CodeIgniter.php(932): App\Controllers\EmpHomeController->handleLoginCredentials()
 3 SYSTEMPATH\CodeIgniter.php(497): CodeIgniter\CodeIgniter->runController(Object(App\Controllers\EmpHomeController))
 4 SYSTEMPATH\CodeIgniter.php(366): CodeIgniter\CodeIgniter->handleRequest(null, Object(Config\Cache), false)
 5 FCPATH\index.php(67): CodeIgniter\CodeIgniter->run()
INFO - 2024-02-13 18:43:43 --> Session: Class initialized using 'CodeIgniter\Session\Handlers\FileHandler' driver.
INFO - 2024-02-13 18:46:01 --> Session: Class initialized using 'CodeIgniter\Session\Handlers\FileHandler' driver.
CRITICAL - 2024-02-13 22:11:42 --> Undefined variable $time
in APPPATH\Views\emp-dashboard.php on line 74.
 1 APPPATH\Views\emp-dashboard.php(74): CodeIgniter\Debug\Exceptions->errorHandler(2, 'Undefined variable $time', 'C:\\xampp\\htdocs\\HR-MS\\app\\Views\\emp-dashboard.php', 74)
 2 SYSTEMPATH\View\View.php(224): include('C:\\xampp\\htdocs\\HR-MS\\app\\Views\\emp-dashboard.php')
 3 SYSTEMPATH\View\View.php(227): CodeIgniter\View\View->CodeIgniter\View\{closure}()
 4 SYSTEMPATH\Common.php(1176): CodeIgniter\View\View->render('emp-dashboard', [], true)
 5 APPPATH\Controllers\EmpHomeController.php(24): view('emp-dashboard')
 6 SYSTEMPATH\CodeIgniter.php(932): App\Controllers\EmpHomeController->index()
 7 SYSTEMPATH\CodeIgniter.php(497): CodeIgniter\CodeIgniter->runController(Object(App\Controllers\EmpHomeController))
 8 SYSTEMPATH\CodeIgniter.php(366): CodeIgniter\CodeIgniter->handleRequest(null, Object(Config\Cache), false)
 9 FCPATH\index.php(67): CodeIgniter\CodeIgniter->run()
CRITICAL - 2024-02-13 20:12:29 --> unlink(C:\xampp\htdocs\HR-MS\writable\debugbar/debugbar_1707849896.977541.json): No such file or directory
in SYSTEMPATH\Debug\Toolbar\Collectors\History.php on line 76.
 1 [internal function]: CodeIgniter\Debug\Exceptions->errorHandler(2, 'unlink(C:\\xampp\\htdocs\\HR-MS\\writable\\debugbar/debugbar_1707849896.977541.json): No such file or directory', 'C:\\xampp\\htdocs\\HR-MS\\vendor\\codeigniter4\\framework\\system\\Debug\\Toolbar\\Collectors\\History.php', 76)
 2 SYSTEMPATH\Debug\Toolbar\Collectors\History.php(76): unlink('C:\\xampp\\htdocs\\HR-MS\\writable\\debugbar/debugbar_1707849896.977541.json')
 3 SYSTEMPATH\Debug\Toolbar.php(495): CodeIgniter\Debug\Toolbar\Collectors\History->setFiles('1707855111.258388', 20)
 4 SYSTEMPATH\Debug\Toolbar.php(474): CodeIgniter\Debug\Toolbar->format([...], 'html')
 5 APPPATH\Config\Events.php(46): CodeIgniter\Debug\Toolbar->respond()
 6 SYSTEMPATH\Events\Events.php(148): CodeIgniter\Events\Events::Config\{closure}()
 7 SYSTEMPATH\CodeIgniter.php(348): CodeIgniter\Events\Events::trigger('pre_system')
 8 FCPATH\index.php(67): CodeIgniter\CodeIgniter->run()
INFO - 2024-02-13 20:15:45 --> Session: Class initialized using 'CodeIgniter\Session\Handlers\FileHandler' driver.
INFO - 2024-02-13 20:35:09 --> Session: Class initialized using 'CodeIgniter\Session\Handlers\FileHandler' driver.
CRITICAL - 2024-02-13 23:35:10 --> foreach() argument must be of type array|object, string given
in APPPATH\Views\emp-dashboard.php on line 68.
 1 APPPATH\Views\emp-dashboard.php(68): CodeIgniter\Debug\Exceptions->errorHandler(2, 'foreach() argument must be of type array|object, string given', 'C:\\xampp\\htdocs\\HR-MS\\app\\Views\\emp-dashboard.php', 68)
 2 SYSTEMPATH\View\View.php(224): include('C:\\xampp\\htdocs\\HR-MS\\app\\Views\\emp-dashboard.php')
 3 SYSTEMPATH\View\View.php(227): CodeIgniter\View\View->CodeIgniter\View\{closure}()
 4 SYSTEMPATH\Common.php(1176): CodeIgniter\View\View->render('emp-dashboard', [], true)
 5 APPPATH\Controllers\EmpHomeController.php(57): view('emp-dashboard', [...])
 6 SYSTEMPATH\CodeIgniter.php(932): App\Controllers\EmpHomeController->handleLoginCredentials()
 7 SYSTEMPATH\CodeIgniter.php(497): CodeIgniter\CodeIgniter->runController(Object(App\Controllers\EmpHomeController))
 8 SYSTEMPATH\CodeIgniter.php(366): CodeIgniter\CodeIgniter->handleRequest(null, Object(Config\Cache), false)
 9 FCPATH\index.php(67): CodeIgniter\CodeIgniter->run()
INFO - 2024-02-13 20:41:57 --> Session: Class initialized using 'CodeIgniter\Session\Handlers\FileHandler' driver.
CRITICAL - 2024-02-13 23:41:57 --> foreach() argument must be of type array|object, string given
in APPPATH\Views\emp-dashboard.php on line 68.
 1 APPPATH\Views\emp-dashboard.php(68): CodeIgniter\Debug\Exceptions->errorHandler(2, 'foreach() argument must be of type array|object, string given', 'C:\\xampp\\htdocs\\HR-MS\\app\\Views\\emp-dashboard.php', 68)
 2 SYSTEMPATH\View\View.php(224): include('C:\\xampp\\htdocs\\HR-MS\\app\\Views\\emp-dashboard.php')
 3 SYSTEMPATH\View\View.php(227): CodeIgniter\View\View->CodeIgniter\View\{closure}()
 4 SYSTEMPATH\Common.php(1176): CodeIgniter\View\View->render('emp-dashboard', [], true)
 5 APPPATH\Controllers\EmpHomeController.php(57): view('emp-dashboard', [...])
 6 SYSTEMPATH\CodeIgniter.php(932): App\Controllers\EmpHomeController->handleLoginCredentials()
 7 SYSTEMPATH\CodeIgniter.php(497): CodeIgniter\CodeIgniter->runController(Object(App\Controllers\EmpHomeController))
 8 SYSTEMPATH\CodeIgniter.php(366): CodeIgniter\CodeIgniter->handleRequest(null, Object(Config\Cache), false)
 9 FCPATH\index.php(67): CodeIgniter\CodeIgniter->run()
INFO - 2024-02-13 20:44:24 --> Session: Class initialized using 'CodeIgniter\Session\Handlers\FileHandler' driver.
CRITICAL - 2024-02-13 23:44:25 --> foreach() argument must be of type array|object, string given
in APPPATH\Views\emp-dashboard.php on line 68.
 1 APPPATH\Views\emp-dashboard.php(68): CodeIgniter\Debug\Exceptions->errorHandler(2, 'foreach() argument must be of type array|object, string given', 'C:\\xampp\\htdocs\\HR-MS\\app\\Views\\emp-dashboard.php', 68)
 2 SYSTEMPATH\View\View.php(224): include('C:\\xampp\\htdocs\\HR-MS\\app\\Views\\emp-dashboard.php')
 3 SYSTEMPATH\View\View.php(227): CodeIgniter\View\View->CodeIgniter\View\{closure}()
 4 SYSTEMPATH\Common.php(1176): CodeIgniter\View\View->render('emp-dashboard', [], true)
 5 APPPATH\Controllers\EmpHomeController.php(57): view('emp-dashboard', [...])
 6 SYSTEMPATH\CodeIgniter.php(932): App\Controllers\EmpHomeController->handleLoginCredentials()
 7 SYSTEMPATH\CodeIgniter.php(497): CodeIgniter\CodeIgniter->runController(Object(App\Controllers\EmpHomeController))
 8 SYSTEMPATH\CodeIgniter.php(366): CodeIgniter\CodeIgniter->handleRequest(null, Object(Config\Cache), false)
 9 FCPATH\index.php(67): CodeIgniter\CodeIgniter->run()
