CRITICAL - 2024-02-20 06:32:15 --> Cannot perform bitwise not on CodeIgniter\Router\RouteCollection
in APPPATH\Config\Routes.php on line 53.
 1 SYSTEMPATH\Router\RouteCollection.php(267): require()
 2 SYSTEMPATH\CodeIgniter.php(800): CodeIgniter\Router\RouteCollection->loadRoutes()
 3 SYSTEMPATH\CodeIgniter.php(447): CodeIgniter\CodeIgniter->tryToRouteIt(null)
 4 SYSTEMPATH\CodeIgniter.php(366): CodeIgniter\CodeIgniter->handleRequest(null, Object(Config\Cache), false)
 5 FCPATH\index.php(67): CodeIgniter\CodeIgniter->run()
INFO - 2024-02-20 06:36:55 --> Session: Class initialized using 'CodeIgniter\Session\Handlers\FileHandler' driver.
INFO - 2024-02-20 06:40:56 --> Session: Class initialized using 'CodeIgniter\Session\Handlers\FileHandler' driver.
INFO - 2024-02-20 06:41:10 --> Session: Class initialized using 'CodeIgniter\Session\Handlers\FileHandler' driver.
INFO - 2024-02-20 06:41:24 --> Session: Class initialized using 'CodeIgniter\Session\Handlers\FileHandler' driver.
INFO - 2024-02-20 06:41:45 --> Session: Class initialized using 'CodeIgniter\Session\Handlers\FileHandler' driver.
INFO - 2024-02-20 06:41:56 --> Session: Class initialized using 'CodeIgniter\Session\Handlers\FileHandler' driver.
INFO - 2024-02-20 06:41:57 --> Session: Class initialized using 'CodeIgniter\Session\Handlers\FileHandler' driver.
INFO - 2024-02-20 06:42:11 --> Session: Class initialized using 'CodeIgniter\Session\Handlers\FileHandler' driver.
INFO - 2024-02-20 06:42:11 --> Session: Class initialized using 'CodeIgniter\Session\Handlers\FileHandler' driver.
INFO - 2024-02-20 07:09:45 --> Session: Class initialized using 'CodeIgniter\Session\Handlers\FileHandler' driver.
INFO - 2024-02-20 07:17:01 --> Session: Class initialized using 'CodeIgniter\Session\Handlers\FileHandler' driver.
ERROR - 2024-02-20 07:21:34 --> mysqli_sql_exception: Unknown column 'department_table.branch' in 'on clause' in C:\xampp\htdocs\HR-MS\vendor\codeigniter4\framework\system\Database\MySQLi\Connection.php:295
Stack trace:
#0 C:\xampp\htdocs\HR-MS\vendor\codeigniter4\framework\system\Database\MySQLi\Connection.php(295): mysqli->query('SELECT COUNT(*)...', 0)
#1 C:\xampp\htdocs\HR-MS\vendor\codeigniter4\framework\system\Database\BaseConnection.php(692): CodeIgniter\Database\MySQLi\Connection->execute('SELECT COUNT(*)...')
#2 C:\xampp\htdocs\HR-MS\vendor\codeigniter4\framework\system\Database\BaseConnection.php(606): CodeIgniter\Database\BaseConnection->simpleQuery('SELECT COUNT(*)...')
#3 C:\xampp\htdocs\HR-MS\vendor\codeigniter4\framework\system\Database\BaseBuilder.php(1700): CodeIgniter\Database\BaseConnection->query('SELECT COUNT(*)...', Array, false)
#4 C:\xampp\htdocs\HR-MS\app\Controllers\DepartmentController.php(57): CodeIgniter\Database\BaseBuilder->countAllResults(false)
#5 C:\xampp\htdocs\HR-MS\vendor\codeigniter4\framework\system\CodeIgniter.php(932): App\Controllers\DepartmentController->fetchdepartments()
#6 C:\xampp\htdocs\HR-MS\vendor\codeigniter4\framework\system\CodeIgniter.php(497): CodeIgniter\CodeIgniter->runController(Object(App\Controllers\DepartmentController))
#7 C:\xampp\htdocs\HR-MS\vendor\codeigniter4\framework\system\CodeIgniter.php(366): CodeIgniter\CodeIgniter->handleRequest(NULL, Object(Config\Cache), false)
#8 C:\xampp\htdocs\HR-MS\index.php(67): CodeIgniter\CodeIgniter->run()
#9 {main}
CRITICAL - 2024-02-20 07:21:34 --> Unknown column 'department_table.branch' in 'on clause'
in SYSTEMPATH\Database\MySQLi\Connection.php on line 295.
 1 SYSTEMPATH\Database\MySQLi\Connection.php(295): mysqli->query('SELECT COUNT(*) AS `numrows`
FROM `department_table`
INNER JOIN `branch_manager_table` ON `department_table`.`branch` = `branch_manager_table`.`branch_manager_id`', 0)
 2 SYSTEMPATH\Database\BaseConnection.php(692): CodeIgniter\Database\MySQLi\Connection->execute('SELECT COUNT(*) AS `numrows`
FROM `department_table`
INNER JOIN `branch_manager_table` ON `department_table`.`branch` = `branch_manager_table`.`branch_manager_id`')
 3 SYSTEMPATH\Database\BaseConnection.php(606): CodeIgniter\Database\BaseConnection->simpleQuery('SELECT COUNT(*) AS `numrows`
FROM `department_table`
INNER JOIN `branch_manager_table` ON `department_table`.`branch` = `branch_manager_table`.`branch_manager_id`')
 4 SYSTEMPATH\Database\BaseBuilder.php(1700): CodeIgniter\Database\BaseConnection->query('SELECT COUNT(*) AS `numrows`
FROM `department_table`
INNER JOIN `branch_manager_table` ON `department_table`.`branch` = `branch_manager_table`.`branch_manager_id`', [], false)
 5 APPPATH\Controllers\DepartmentController.php(57): CodeIgniter\Database\BaseBuilder->countAllResults(false)
 6 SYSTEMPATH\CodeIgniter.php(932): App\Controllers\DepartmentController->fetchdepartments()
 7 SYSTEMPATH\CodeIgniter.php(497): CodeIgniter\CodeIgniter->runController(Object(App\Controllers\DepartmentController))
 8 SYSTEMPATH\CodeIgniter.php(366): CodeIgniter\CodeIgniter->handleRequest(null, Object(Config\Cache), false)
 9 FCPATH\index.php(67): CodeIgniter\CodeIgniter->run()
ERROR - 2024-02-20 07:21:50 --> mysqli_sql_exception: Unknown column 'department_table.branch' in 'on clause' in C:\xampp\htdocs\HR-MS\vendor\codeigniter4\framework\system\Database\MySQLi\Connection.php:295
Stack trace:
#0 C:\xampp\htdocs\HR-MS\vendor\codeigniter4\framework\system\Database\MySQLi\Connection.php(295): mysqli->query('SELECT COUNT(*)...', 0)
#1 C:\xampp\htdocs\HR-MS\vendor\codeigniter4\framework\system\Database\BaseConnection.php(692): CodeIgniter\Database\MySQLi\Connection->execute('SELECT COUNT(*)...')
#2 C:\xampp\htdocs\HR-MS\vendor\codeigniter4\framework\system\Database\BaseConnection.php(606): CodeIgniter\Database\BaseConnection->simpleQuery('SELECT COUNT(*)...')
#3 C:\xampp\htdocs\HR-MS\vendor\codeigniter4\framework\system\Database\BaseBuilder.php(1700): CodeIgniter\Database\BaseConnection->query('SELECT COUNT(*)...', Array, false)
#4 C:\xampp\htdocs\HR-MS\app\Controllers\DepartmentController.php(57): CodeIgniter\Database\BaseBuilder->countAllResults(false)
#5 C:\xampp\htdocs\HR-MS\vendor\codeigniter4\framework\system\CodeIgniter.php(932): App\Controllers\DepartmentController->fetchdepartments()
#6 C:\xampp\htdocs\HR-MS\vendor\codeigniter4\framework\system\CodeIgniter.php(497): CodeIgniter\CodeIgniter->runController(Object(App\Controllers\DepartmentController))
#7 C:\xampp\htdocs\HR-MS\vendor\codeigniter4\framework\system\CodeIgniter.php(366): CodeIgniter\CodeIgniter->handleRequest(NULL, Object(Config\Cache), false)
#8 C:\xampp\htdocs\HR-MS\index.php(67): CodeIgniter\CodeIgniter->run()
#9 {main}
CRITICAL - 2024-02-20 07:21:50 --> Unknown column 'department_table.branch' in 'on clause'
in SYSTEMPATH\Database\MySQLi\Connection.php on line 295.
 1 SYSTEMPATH\Database\MySQLi\Connection.php(295): mysqli->query('SELECT COUNT(*) AS `numrows`
FROM `department_table`
INNER JOIN `branch_manager_table` ON `department_table`.`branch` = `branch_manager_table`.`branch_manager_id`', 0)
 2 SYSTEMPATH\Database\BaseConnection.php(692): CodeIgniter\Database\MySQLi\Connection->execute('SELECT COUNT(*) AS `numrows`
FROM `department_table`
INNER JOIN `branch_manager_table` ON `department_table`.`branch` = `branch_manager_table`.`branch_manager_id`')
 3 SYSTEMPATH\Database\BaseConnection.php(606): CodeIgniter\Database\BaseConnection->simpleQuery('SELECT COUNT(*) AS `numrows`
FROM `department_table`
INNER JOIN `branch_manager_table` ON `department_table`.`branch` = `branch_manager_table`.`branch_manager_id`')
 4 SYSTEMPATH\Database\BaseBuilder.php(1700): CodeIgniter\Database\BaseConnection->query('SELECT COUNT(*) AS `numrows`
FROM `department_table`
INNER JOIN `branch_manager_table` ON `department_table`.`branch` = `branch_manager_table`.`branch_manager_id`', [], false)
 5 APPPATH\Controllers\DepartmentController.php(57): CodeIgniter\Database\BaseBuilder->countAllResults(false)
 6 SYSTEMPATH\CodeIgniter.php(932): App\Controllers\DepartmentController->fetchdepartments()
 7 SYSTEMPATH\CodeIgniter.php(497): CodeIgniter\CodeIgniter->runController(Object(App\Controllers\DepartmentController))
 8 SYSTEMPATH\CodeIgniter.php(366): CodeIgniter\CodeIgniter->handleRequest(null, Object(Config\Cache), false)
 9 FCPATH\index.php(67): CodeIgniter\CodeIgniter->run()
ERROR - 2024-02-20 07:22:01 --> mysqli_sql_exception: Unknown column 'department_table.branch' in 'on clause' in C:\xampp\htdocs\HR-MS\vendor\codeigniter4\framework\system\Database\MySQLi\Connection.php:295
Stack trace:
#0 C:\xampp\htdocs\HR-MS\vendor\codeigniter4\framework\system\Database\MySQLi\Connection.php(295): mysqli->query('SELECT COUNT(*)...', 0)
#1 C:\xampp\htdocs\HR-MS\vendor\codeigniter4\framework\system\Database\BaseConnection.php(692): CodeIgniter\Database\MySQLi\Connection->execute('SELECT COUNT(*)...')
#2 C:\xampp\htdocs\HR-MS\vendor\codeigniter4\framework\system\Database\BaseConnection.php(606): CodeIgniter\Database\BaseConnection->simpleQuery('SELECT COUNT(*)...')
#3 C:\xampp\htdocs\HR-MS\vendor\codeigniter4\framework\system\Database\BaseBuilder.php(1700): CodeIgniter\Database\BaseConnection->query('SELECT COUNT(*)...', Array, false)
#4 C:\xampp\htdocs\HR-MS\app\Controllers\DepartmentController.php(57): CodeIgniter\Database\BaseBuilder->countAllResults(false)
#5 C:\xampp\htdocs\HR-MS\vendor\codeigniter4\framework\system\CodeIgniter.php(932): App\Controllers\DepartmentController->fetchdepartments()
#6 C:\xampp\htdocs\HR-MS\vendor\codeigniter4\framework\system\CodeIgniter.php(497): CodeIgniter\CodeIgniter->runController(Object(App\Controllers\DepartmentController))
#7 C:\xampp\htdocs\HR-MS\vendor\codeigniter4\framework\system\CodeIgniter.php(366): CodeIgniter\CodeIgniter->handleRequest(NULL, Object(Config\Cache), false)
#8 C:\xampp\htdocs\HR-MS\index.php(67): CodeIgniter\CodeIgniter->run()
#9 {main}
CRITICAL - 2024-02-20 07:22:01 --> Unknown column 'department_table.branch' in 'on clause'
in SYSTEMPATH\Database\MySQLi\Connection.php on line 295.
 1 SYSTEMPATH\Database\MySQLi\Connection.php(295): mysqli->query('SELECT COUNT(*) AS `numrows`
FROM `department_table`
INNER JOIN `branch_manager_table` ON `department_table`.`branch` = `branch_manager_table`.`branch_manager_id`', 0)
 2 SYSTEMPATH\Database\BaseConnection.php(692): CodeIgniter\Database\MySQLi\Connection->execute('SELECT COUNT(*) AS `numrows`
FROM `department_table`
INNER JOIN `branch_manager_table` ON `department_table`.`branch` = `branch_manager_table`.`branch_manager_id`')
 3 SYSTEMPATH\Database\BaseConnection.php(606): CodeIgniter\Database\BaseConnection->simpleQuery('SELECT COUNT(*) AS `numrows`
FROM `department_table`
INNER JOIN `branch_manager_table` ON `department_table`.`branch` = `branch_manager_table`.`branch_manager_id`')
 4 SYSTEMPATH\Database\BaseBuilder.php(1700): CodeIgniter\Database\BaseConnection->query('SELECT COUNT(*) AS `numrows`
FROM `department_table`
INNER JOIN `branch_manager_table` ON `department_table`.`branch` = `branch_manager_table`.`branch_manager_id`', [], false)
 5 APPPATH\Controllers\DepartmentController.php(57): CodeIgniter\Database\BaseBuilder->countAllResults(false)
 6 SYSTEMPATH\CodeIgniter.php(932): App\Controllers\DepartmentController->fetchdepartments()
 7 SYSTEMPATH\CodeIgniter.php(497): CodeIgniter\CodeIgniter->runController(Object(App\Controllers\DepartmentController))
 8 SYSTEMPATH\CodeIgniter.php(366): CodeIgniter\CodeIgniter->handleRequest(null, Object(Config\Cache), false)
 9 FCPATH\index.php(67): CodeIgniter\CodeIgniter->run()
ERROR - 2024-02-20 07:26:07 --> mysqli_sql_exception: Unknown column 'department_table.branch' in 'on clause' in C:\xampp\htdocs\HR-MS\vendor\codeigniter4\framework\system\Database\MySQLi\Connection.php:295
Stack trace:
#0 C:\xampp\htdocs\HR-MS\vendor\codeigniter4\framework\system\Database\MySQLi\Connection.php(295): mysqli->query('SELECT COUNT(*)...', 0)
#1 C:\xampp\htdocs\HR-MS\vendor\codeigniter4\framework\system\Database\BaseConnection.php(692): CodeIgniter\Database\MySQLi\Connection->execute('SELECT COUNT(*)...')
#2 C:\xampp\htdocs\HR-MS\vendor\codeigniter4\framework\system\Database\BaseConnection.php(606): CodeIgniter\Database\BaseConnection->simpleQuery('SELECT COUNT(*)...')
#3 C:\xampp\htdocs\HR-MS\vendor\codeigniter4\framework\system\Database\BaseBuilder.php(1700): CodeIgniter\Database\BaseConnection->query('SELECT COUNT(*)...', Array, false)
#4 C:\xampp\htdocs\HR-MS\app\Controllers\DepartmentController.php(56): CodeIgniter\Database\BaseBuilder->countAllResults(false)
#5 C:\xampp\htdocs\HR-MS\vendor\codeigniter4\framework\system\CodeIgniter.php(932): App\Controllers\DepartmentController->fetchdepartments()
#6 C:\xampp\htdocs\HR-MS\vendor\codeigniter4\framework\system\CodeIgniter.php(497): CodeIgniter\CodeIgniter->runController(Object(App\Controllers\DepartmentController))
#7 C:\xampp\htdocs\HR-MS\vendor\codeigniter4\framework\system\CodeIgniter.php(366): CodeIgniter\CodeIgniter->handleRequest(NULL, Object(Config\Cache), false)
#8 C:\xampp\htdocs\HR-MS\index.php(67): CodeIgniter\CodeIgniter->run()
#9 {main}
CRITICAL - 2024-02-20 07:26:07 --> Unknown column 'department_table.branch' in 'on clause'
in SYSTEMPATH\Database\MySQLi\Connection.php on line 295.
 1 SYSTEMPATH\Database\MySQLi\Connection.php(295): mysqli->query('SELECT COUNT(*) AS `numrows`
FROM `department_table`
INNER JOIN `branch_manager_table` ON `department_table`.`branch` = `branch_manager_table`.`branch_manager_id`', 0)
 2 SYSTEMPATH\Database\BaseConnection.php(692): CodeIgniter\Database\MySQLi\Connection->execute('SELECT COUNT(*) AS `numrows`
FROM `department_table`
INNER JOIN `branch_manager_table` ON `department_table`.`branch` = `branch_manager_table`.`branch_manager_id`')
 3 SYSTEMPATH\Database\BaseConnection.php(606): CodeIgniter\Database\BaseConnection->simpleQuery('SELECT COUNT(*) AS `numrows`
FROM `department_table`
INNER JOIN `branch_manager_table` ON `department_table`.`branch` = `branch_manager_table`.`branch_manager_id`')
 4 SYSTEMPATH\Database\BaseBuilder.php(1700): CodeIgniter\Database\BaseConnection->query('SELECT COUNT(*) AS `numrows`
FROM `department_table`
INNER JOIN `branch_manager_table` ON `department_table`.`branch` = `branch_manager_table`.`branch_manager_id`', [], false)
 5 APPPATH\Controllers\DepartmentController.php(56): CodeIgniter\Database\BaseBuilder->countAllResults(false)
 6 SYSTEMPATH\CodeIgniter.php(932): App\Controllers\DepartmentController->fetchdepartments()
 7 SYSTEMPATH\CodeIgniter.php(497): CodeIgniter\CodeIgniter->runController(Object(App\Controllers\DepartmentController))
 8 SYSTEMPATH\CodeIgniter.php(366): CodeIgniter\CodeIgniter->handleRequest(null, Object(Config\Cache), false)
 9 FCPATH\index.php(67): CodeIgniter\CodeIgniter->run()
ERROR - 2024-02-20 07:26:18 --> mysqli_sql_exception: Unknown column 'department_table.branch' in 'on clause' in C:\xampp\htdocs\HR-MS\vendor\codeigniter4\framework\system\Database\MySQLi\Connection.php:295
Stack trace:
#0 C:\xampp\htdocs\HR-MS\vendor\codeigniter4\framework\system\Database\MySQLi\Connection.php(295): mysqli->query('SELECT COUNT(*)...', 0)
#1 C:\xampp\htdocs\HR-MS\vendor\codeigniter4\framework\system\Database\BaseConnection.php(692): CodeIgniter\Database\MySQLi\Connection->execute('SELECT COUNT(*)...')
#2 C:\xampp\htdocs\HR-MS\vendor\codeigniter4\framework\system\Database\BaseConnection.php(606): CodeIgniter\Database\BaseConnection->simpleQuery('SELECT COUNT(*)...')
#3 C:\xampp\htdocs\HR-MS\vendor\codeigniter4\framework\system\Database\BaseBuilder.php(1700): CodeIgniter\Database\BaseConnection->query('SELECT COUNT(*)...', Array, false)
#4 C:\xampp\htdocs\HR-MS\app\Controllers\DepartmentController.php(56): CodeIgniter\Database\BaseBuilder->countAllResults(false)
#5 C:\xampp\htdocs\HR-MS\vendor\codeigniter4\framework\system\CodeIgniter.php(932): App\Controllers\DepartmentController->fetchdepartments()
#6 C:\xampp\htdocs\HR-MS\vendor\codeigniter4\framework\system\CodeIgniter.php(497): CodeIgniter\CodeIgniter->runController(Object(App\Controllers\DepartmentController))
#7 C:\xampp\htdocs\HR-MS\vendor\codeigniter4\framework\system\CodeIgniter.php(366): CodeIgniter\CodeIgniter->handleRequest(NULL, Object(Config\Cache), false)
#8 C:\xampp\htdocs\HR-MS\index.php(67): CodeIgniter\CodeIgniter->run()
#9 {main}
CRITICAL - 2024-02-20 07:26:18 --> Unknown column 'department_table.branch' in 'on clause'
in SYSTEMPATH\Database\MySQLi\Connection.php on line 295.
 1 SYSTEMPATH\Database\MySQLi\Connection.php(295): mysqli->query('SELECT COUNT(*) AS `numrows`
FROM `department_table`
INNER JOIN `branch_manager_table` ON `department_table`.`branch` = `branch_manager_table`.`branch_manager_id`', 0)
 2 SYSTEMPATH\Database\BaseConnection.php(692): CodeIgniter\Database\MySQLi\Connection->execute('SELECT COUNT(*) AS `numrows`
FROM `department_table`
INNER JOIN `branch_manager_table` ON `department_table`.`branch` = `branch_manager_table`.`branch_manager_id`')
 3 SYSTEMPATH\Database\BaseConnection.php(606): CodeIgniter\Database\BaseConnection->simpleQuery('SELECT COUNT(*) AS `numrows`
FROM `department_table`
INNER JOIN `branch_manager_table` ON `department_table`.`branch` = `branch_manager_table`.`branch_manager_id`')
 4 SYSTEMPATH\Database\BaseBuilder.php(1700): CodeIgniter\Database\BaseConnection->query('SELECT COUNT(*) AS `numrows`
FROM `department_table`
INNER JOIN `branch_manager_table` ON `department_table`.`branch` = `branch_manager_table`.`branch_manager_id`', [], false)
 5 APPPATH\Controllers\DepartmentController.php(56): CodeIgniter\Database\BaseBuilder->countAllResults(false)
 6 SYSTEMPATH\CodeIgniter.php(932): App\Controllers\DepartmentController->fetchdepartments()
 7 SYSTEMPATH\CodeIgniter.php(497): CodeIgniter\CodeIgniter->runController(Object(App\Controllers\DepartmentController))
 8 SYSTEMPATH\CodeIgniter.php(366): CodeIgniter\CodeIgniter->handleRequest(null, Object(Config\Cache), false)
 9 FCPATH\index.php(67): CodeIgniter\CodeIgniter->run()
ERROR - 2024-02-20 07:27:21 --> mysqli_sql_exception: Unknown column 'department_table.branch' in 'on clause' in C:\xampp\htdocs\HR-MS\vendor\codeigniter4\framework\system\Database\MySQLi\Connection.php:295
Stack trace:
#0 C:\xampp\htdocs\HR-MS\vendor\codeigniter4\framework\system\Database\MySQLi\Connection.php(295): mysqli->query('SELECT COUNT(*)...', 0)
#1 C:\xampp\htdocs\HR-MS\vendor\codeigniter4\framework\system\Database\BaseConnection.php(692): CodeIgniter\Database\MySQLi\Connection->execute('SELECT COUNT(*)...')
#2 C:\xampp\htdocs\HR-MS\vendor\codeigniter4\framework\system\Database\BaseConnection.php(606): CodeIgniter\Database\BaseConnection->simpleQuery('SELECT COUNT(*)...')
#3 C:\xampp\htdocs\HR-MS\vendor\codeigniter4\framework\system\Database\BaseBuilder.php(1700): CodeIgniter\Database\BaseConnection->query('SELECT COUNT(*)...', Array, false)
#4 C:\xampp\htdocs\HR-MS\app\Controllers\DepartmentController.php(56): CodeIgniter\Database\BaseBuilder->countAllResults(false)
#5 C:\xampp\htdocs\HR-MS\vendor\codeigniter4\framework\system\CodeIgniter.php(932): App\Controllers\DepartmentController->fetchdepartments()
#6 C:\xampp\htdocs\HR-MS\vendor\codeigniter4\framework\system\CodeIgniter.php(497): CodeIgniter\CodeIgniter->runController(Object(App\Controllers\DepartmentController))
#7 C:\xampp\htdocs\HR-MS\vendor\codeigniter4\framework\system\CodeIgniter.php(366): CodeIgniter\CodeIgniter->handleRequest(NULL, Object(Config\Cache), false)
#8 C:\xampp\htdocs\HR-MS\index.php(67): CodeIgniter\CodeIgniter->run()
#9 {main}
CRITICAL - 2024-02-20 07:27:21 --> Unknown column 'department_table.branch' in 'on clause'
in SYSTEMPATH\Database\MySQLi\Connection.php on line 295.
 1 SYSTEMPATH\Database\MySQLi\Connection.php(295): mysqli->query('SELECT COUNT(*) AS `numrows`
FROM `department_table`
INNER JOIN `branch_manager_table` ON `department_table`.`branch` = `branch_manager_table`.`branch_manager_id`', 0)
 2 SYSTEMPATH\Database\BaseConnection.php(692): CodeIgniter\Database\MySQLi\Connection->execute('SELECT COUNT(*) AS `numrows`
FROM `department_table`
INNER JOIN `branch_manager_table` ON `department_table`.`branch` = `branch_manager_table`.`branch_manager_id`')
 3 SYSTEMPATH\Database\BaseConnection.php(606): CodeIgniter\Database\BaseConnection->simpleQuery('SELECT COUNT(*) AS `numrows`
FROM `department_table`
INNER JOIN `branch_manager_table` ON `department_table`.`branch` = `branch_manager_table`.`branch_manager_id`')
 4 SYSTEMPATH\Database\BaseBuilder.php(1700): CodeIgniter\Database\BaseConnection->query('SELECT COUNT(*) AS `numrows`
FROM `department_table`
INNER JOIN `branch_manager_table` ON `department_table`.`branch` = `branch_manager_table`.`branch_manager_id`', [], false)
 5 APPPATH\Controllers\DepartmentController.php(56): CodeIgniter\Database\BaseBuilder->countAllResults(false)
 6 SYSTEMPATH\CodeIgniter.php(932): App\Controllers\DepartmentController->fetchdepartments()
 7 SYSTEMPATH\CodeIgniter.php(497): CodeIgniter\CodeIgniter->runController(Object(App\Controllers\DepartmentController))
 8 SYSTEMPATH\CodeIgniter.php(366): CodeIgniter\CodeIgniter->handleRequest(null, Object(Config\Cache), false)
 9 FCPATH\index.php(67): CodeIgniter\CodeIgniter->run()
ERROR - 2024-02-20 07:28:20 --> mysqli_sql_exception: Unknown column 'department_table.branch' in 'on clause' in C:\xampp\htdocs\HR-MS\vendor\codeigniter4\framework\system\Database\MySQLi\Connection.php:295
Stack trace:
#0 C:\xampp\htdocs\HR-MS\vendor\codeigniter4\framework\system\Database\MySQLi\Connection.php(295): mysqli->query('SELECT COUNT(*)...', 0)
#1 C:\xampp\htdocs\HR-MS\vendor\codeigniter4\framework\system\Database\BaseConnection.php(692): CodeIgniter\Database\MySQLi\Connection->execute('SELECT COUNT(*)...')
#2 C:\xampp\htdocs\HR-MS\vendor\codeigniter4\framework\system\Database\BaseConnection.php(606): CodeIgniter\Database\BaseConnection->simpleQuery('SELECT COUNT(*)...')
#3 C:\xampp\htdocs\HR-MS\vendor\codeigniter4\framework\system\Database\BaseBuilder.php(1700): CodeIgniter\Database\BaseConnection->query('SELECT COUNT(*)...', Array, false)
#4 C:\xampp\htdocs\HR-MS\app\Controllers\DepartmentController.php(56): CodeIgniter\Database\BaseBuilder->countAllResults(false)
#5 C:\xampp\htdocs\HR-MS\vendor\codeigniter4\framework\system\CodeIgniter.php(932): App\Controllers\DepartmentController->fetchdepartments()
#6 C:\xampp\htdocs\HR-MS\vendor\codeigniter4\framework\system\CodeIgniter.php(497): CodeIgniter\CodeIgniter->runController(Object(App\Controllers\DepartmentController))
#7 C:\xampp\htdocs\HR-MS\vendor\codeigniter4\framework\system\CodeIgniter.php(366): CodeIgniter\CodeIgniter->handleRequest(NULL, Object(Config\Cache), false)
#8 C:\xampp\htdocs\HR-MS\index.php(67): CodeIgniter\CodeIgniter->run()
#9 {main}
CRITICAL - 2024-02-20 07:28:20 --> Unknown column 'department_table.branch' in 'on clause'
in SYSTEMPATH\Database\MySQLi\Connection.php on line 295.
 1 SYSTEMPATH\Database\MySQLi\Connection.php(295): mysqli->query('SELECT COUNT(*) AS `numrows`
FROM `department_table`
INNER JOIN `branch_manager_table` ON `department_table`.`branch` = `branch_manager_table`.`branch_manager_id`', 0)
 2 SYSTEMPATH\Database\BaseConnection.php(692): CodeIgniter\Database\MySQLi\Connection->execute('SELECT COUNT(*) AS `numrows`
FROM `department_table`
INNER JOIN `branch_manager_table` ON `department_table`.`branch` = `branch_manager_table`.`branch_manager_id`')
 3 SYSTEMPATH\Database\BaseConnection.php(606): CodeIgniter\Database\BaseConnection->simpleQuery('SELECT COUNT(*) AS `numrows`
FROM `department_table`
INNER JOIN `branch_manager_table` ON `department_table`.`branch` = `branch_manager_table`.`branch_manager_id`')
 4 SYSTEMPATH\Database\BaseBuilder.php(1700): CodeIgniter\Database\BaseConnection->query('SELECT COUNT(*) AS `numrows`
FROM `department_table`
INNER JOIN `branch_manager_table` ON `department_table`.`branch` = `branch_manager_table`.`branch_manager_id`', [], false)
 5 APPPATH\Controllers\DepartmentController.php(56): CodeIgniter\Database\BaseBuilder->countAllResults(false)
 6 SYSTEMPATH\CodeIgniter.php(932): App\Controllers\DepartmentController->fetchdepartments()
 7 SYSTEMPATH\CodeIgniter.php(497): CodeIgniter\CodeIgniter->runController(Object(App\Controllers\DepartmentController))
 8 SYSTEMPATH\CodeIgniter.php(366): CodeIgniter\CodeIgniter->handleRequest(null, Object(Config\Cache), false)
 9 FCPATH\index.php(67): CodeIgniter\CodeIgniter->run()
INFO - 2024-02-20 07:30:44 --> Session: Class initialized using 'CodeIgniter\Session\Handlers\FileHandler' driver.
ERROR - 2024-02-20 08:41:41 --> mysqli_sql_exception: Unknown column 'date' in 'field list' in C:\xampp\htdocs\HR-MS\vendor\codeigniter4\framework\system\Database\MySQLi\Connection.php:295
Stack trace:
#0 C:\xampp\htdocs\HR-MS\vendor\codeigniter4\framework\system\Database\MySQLi\Connection.php(295): mysqli->query('SELECT DISTINCT...', 0)
#1 C:\xampp\htdocs\HR-MS\vendor\codeigniter4\framework\system\Database\BaseConnection.php(692): CodeIgniter\Database\MySQLi\Connection->execute('SELECT DISTINCT...')
#2 C:\xampp\htdocs\HR-MS\vendor\codeigniter4\framework\system\Database\BaseConnection.php(606): CodeIgniter\Database\BaseConnection->simpleQuery('SELECT DISTINCT...')
#3 C:\xampp\htdocs\HR-MS\app\Controllers\AttendanceController.php(42): CodeIgniter\Database\BaseConnection->query('SELECT DISTINCT...', Array)
#4 C:\xampp\htdocs\HR-MS\vendor\codeigniter4\framework\system\CodeIgniter.php(932): App\Controllers\AttendanceController->index()
#5 C:\xampp\htdocs\HR-MS\vendor\codeigniter4\framework\system\CodeIgniter.php(497): CodeIgniter\CodeIgniter->runController(Object(App\Controllers\AttendanceController))
#6 C:\xampp\htdocs\HR-MS\vendor\codeigniter4\framework\system\CodeIgniter.php(366): CodeIgniter\CodeIgniter->handleRequest(NULL, Object(Config\Cache), false)
#7 C:\xampp\htdocs\HR-MS\index.php(67): CodeIgniter\CodeIgniter->run()
#8 {main}
CRITICAL - 2024-02-20 08:41:41 --> Unknown column 'date' in 'field list'
in SYSTEMPATH\Database\MySQLi\Connection.php on line 295.
 1 SYSTEMPATH\Database\MySQLi\Connection.php(295): mysqli->query('SELECT DISTINCT date FROM allowance_table', 0)
 2 SYSTEMPATH\Database\BaseConnection.php(692): CodeIgniter\Database\MySQLi\Connection->execute('SELECT DISTINCT date FROM allowance_table')
 3 SYSTEMPATH\Database\BaseConnection.php(606): CodeIgniter\Database\BaseConnection->simpleQuery('SELECT DISTINCT date FROM allowance_table')
 4 APPPATH\Controllers\AttendanceController.php(42): CodeIgniter\Database\BaseConnection->query('SELECT DISTINCT date FROM allowance_table', [])
 5 SYSTEMPATH\CodeIgniter.php(932): App\Controllers\AttendanceController->index()
 6 SYSTEMPATH\CodeIgniter.php(497): CodeIgniter\CodeIgniter->runController(Object(App\Controllers\AttendanceController))
 7 SYSTEMPATH\CodeIgniter.php(366): CodeIgniter\CodeIgniter->handleRequest(null, Object(Config\Cache), false)
 8 FCPATH\index.php(67): CodeIgniter\CodeIgniter->run()
CRITICAL - 2024-02-20 08:44:04 --> Invalid file: "attendance.php"
in SYSTEMPATH\Exceptions\FrameworkException.php on line 33.
 1 SYSTEMPATH\View\View.php(212): CodeIgniter\Exceptions\FrameworkException::forInvalidFile('attendance.php')
 2 SYSTEMPATH\Common.php(1176): CodeIgniter\View\View->render('attendance', [], true)
 3 APPPATH\Controllers\AttendanceController.php(45): view('attendance', [...])
 4 SYSTEMPATH\CodeIgniter.php(932): App\Controllers\AttendanceController->index()
 5 SYSTEMPATH\CodeIgniter.php(497): CodeIgniter\CodeIgniter->runController(Object(App\Controllers\AttendanceController))
 6 SYSTEMPATH\CodeIgniter.php(366): CodeIgniter\CodeIgniter->handleRequest(null, Object(Config\Cache), false)
 7 FCPATH\index.php(67): CodeIgniter\CodeIgniter->run()
CRITICAL - 2024-02-20 08:48:25 --> Invalid file: "create_attendance.php"
in SYSTEMPATH\Exceptions\FrameworkException.php on line 33.
 1 SYSTEMPATH\View\View.php(212): CodeIgniter\Exceptions\FrameworkException::forInvalidFile('create_attendance.php')
 2 SYSTEMPATH\Common.php(1176): CodeIgniter\View\View->render('create_attendance', [], true)
 3 APPPATH\Controllers\AttendanceController.php(45): view('create_attendance', [...])
 4 SYSTEMPATH\CodeIgniter.php(932): App\Controllers\AttendanceController->index()
 5 SYSTEMPATH\CodeIgniter.php(497): CodeIgniter\CodeIgniter->runController(Object(App\Controllers\AttendanceController))
 6 SYSTEMPATH\CodeIgniter.php(366): CodeIgniter\CodeIgniter->handleRequest(null, Object(Config\Cache), false)
 7 FCPATH\index.php(67): CodeIgniter\CodeIgniter->run()
