CRITICAL - 2023-09-25 04:59:57 --> Undefined variable $title
in APPPATH\Views\permission.php on line 7.
 1 APPPATH\Views\permission.php(7): CodeIgniter\Debug\Exceptions->errorHandler(2, 'Undefined variable $title', 'C:\\xampp\\htdocs\\HR-MS\\app\\Views\\permission.php', 7)
 2 SYSTEMPATH\View\View.php(224): include('C:\\xampp\\htdocs\\HR-MS\\app\\Views\\permission.php')
 3 SYSTEMPATH\View\View.php(227): CodeIgniter\View\View->CodeIgniter\View\{closure}()
 4 SYSTEMPATH\Common.php(1176): CodeIgniter\View\View->render('permission', [], true)
 5 APPPATH\Controllers\Home.php(110): view('permission', [...])
 6 SYSTEMPATH\CodeIgniter.php(932): App\Controllers\Home->Permission()
 7 SYSTEMPATH\CodeIgniter.php(497): CodeIgniter\CodeIgniter->runController(Object(App\Controllers\Home))
 8 SYSTEMPATH\CodeIgniter.php(366): CodeIgniter\CodeIgniter->handleRequest(null, Object(Config\Cache), false)
 9 FCPATH\index.php(67): CodeIgniter\CodeIgniter->run()
CRITICAL - 2023-09-25 05:01:15 --> Undefined constant "page"
in APPPATH\Views\permission.php on line 7.
 1 SYSTEMPATH\View\View.php(224): include()
 2 SYSTEMPATH\View\View.php(227): CodeIgniter\View\View->CodeIgniter\View\{closure}()
 3 SYSTEMPATH\Common.php(1176): CodeIgniter\View\View->render('permission', [], true)
 4 APPPATH\Controllers\Home.php(110): view('permission', [...])
 5 SYSTEMPATH\CodeIgniter.php(932): App\Controllers\Home->Permission()
 6 SYSTEMPATH\CodeIgniter.php(497): CodeIgniter\CodeIgniter->runController(Object(App\Controllers\Home))
 7 SYSTEMPATH\CodeIgniter.php(366): CodeIgniter\CodeIgniter->handleRequest(null, Object(Config\Cache), false)
 8 FCPATH\index.php(67): CodeIgniter\CodeIgniter->run()
CRITICAL - 2023-09-25 05:02:16 --> Undefined variable $page_title
in APPPATH\Views\permission.php on line 7.
 1 APPPATH\Views\permission.php(7): CodeIgniter\Debug\Exceptions->errorHandler(2, 'Undefined variable $page_title', 'C:\\xampp\\htdocs\\HR-MS\\app\\Views\\permission.php', 7)
 2 SYSTEMPATH\View\View.php(224): include('C:\\xampp\\htdocs\\HR-MS\\app\\Views\\permission.php')
 3 SYSTEMPATH\View\View.php(227): CodeIgniter\View\View->CodeIgniter\View\{closure}()
 4 SYSTEMPATH\Common.php(1176): CodeIgniter\View\View->render('permission', [], true)
 5 APPPATH\Controllers\Home.php(110): view('permission', [...])
 6 SYSTEMPATH\CodeIgniter.php(932): App\Controllers\Home->Permission()
 7 SYSTEMPATH\CodeIgniter.php(497): CodeIgniter\CodeIgniter->runController(Object(App\Controllers\Home))
 8 SYSTEMPATH\CodeIgniter.php(366): CodeIgniter\CodeIgniter->handleRequest(null, Object(Config\Cache), false)
 9 FCPATH\index.php(67): CodeIgniter\CodeIgniter->run()
CRITICAL - 2023-09-25 08:12:20 --> Undefined variable $active
in APPPATH\Views\create-employee.php on line 14.
 1 APPPATH\Views\create-employee.php(14): CodeIgniter\Debug\Exceptions->errorHandler(2, 'Undefined variable $active', 'C:\\xampp\\htdocs\\HR-MS\\app\\Views\\create-employee.php', 14)
 2 SYSTEMPATH\View\View.php(224): include('C:\\xampp\\htdocs\\HR-MS\\app\\Views\\create-employee.php')
 3 SYSTEMPATH\View\View.php(227): CodeIgniter\View\View->CodeIgniter\View\{closure}()
 4 SYSTEMPATH\Common.php(1176): CodeIgniter\View\View->render('create-employee', [], true)
 5 APPPATH\Controllers\Home.php(23): view('create-employee')
 6 SYSTEMPATH\CodeIgniter.php(932): App\Controllers\Home->CreateEmployee()
 7 SYSTEMPATH\CodeIgniter.php(497): CodeIgniter\CodeIgniter->runController(Object(App\Controllers\Home))
 8 SYSTEMPATH\CodeIgniter.php(366): CodeIgniter\CodeIgniter->handleRequest(null, Object(Config\Cache), false)
 9 FCPATH\index.php(67): CodeIgniter\CodeIgniter->run()
CRITICAL - 2023-09-25 12:21:56 --> Undefined variable $active
in APPPATH\Views\create-employee.php on line 14.
 1 APPPATH\Views\create-employee.php(14): CodeIgniter\Debug\Exceptions->errorHandler(2, 'Undefined variable $active', 'C:\\xampp\\htdocs\\HR-MS\\app\\Views\\create-employee.php', 14)
 2 SYSTEMPATH\View\View.php(224): include('C:\\xampp\\htdocs\\HR-MS\\app\\Views\\create-employee.php')
 3 SYSTEMPATH\View\View.php(227): CodeIgniter\View\View->CodeIgniter\View\{closure}()
 4 SYSTEMPATH\Common.php(1176): CodeIgniter\View\View->render('create-employee', [], true)
 5 APPPATH\Controllers\Home.php(23): view('create-employee')
 6 SYSTEMPATH\CodeIgniter.php(932): App\Controllers\Home->CreateEmployee()
 7 SYSTEMPATH\CodeIgniter.php(497): CodeIgniter\CodeIgniter->runController(Object(App\Controllers\Home))
 8 SYSTEMPATH\CodeIgniter.php(366): CodeIgniter\CodeIgniter->handleRequest(null, Object(Config\Cache), false)
 9 FCPATH\index.php(67): CodeIgniter\CodeIgniter->run()
CRITICAL - 2023-09-25 12:23:24 --> Undefined variable $active
in APPPATH\Views\create-employee.php on line 14.
 1 APPPATH\Views\create-employee.php(14): CodeIgniter\Debug\Exceptions->errorHandler(2, 'Undefined variable $active', 'C:\\xampp\\htdocs\\HR-MS\\app\\Views\\create-employee.php', 14)
 2 SYSTEMPATH\View\View.php(224): include('C:\\xampp\\htdocs\\HR-MS\\app\\Views\\create-employee.php')
 3 SYSTEMPATH\View\View.php(227): CodeIgniter\View\View->CodeIgniter\View\{closure}()
 4 SYSTEMPATH\Common.php(1176): CodeIgniter\View\View->render('create-employee', [], true)
 5 APPPATH\Controllers\Home.php(23): view('create-employee')
 6 SYSTEMPATH\CodeIgniter.php(932): App\Controllers\Home->CreateEmployee()
 7 SYSTEMPATH\CodeIgniter.php(497): CodeIgniter\CodeIgniter->runController(Object(App\Controllers\Home))
 8 SYSTEMPATH\CodeIgniter.php(366): CodeIgniter\CodeIgniter->handleRequest(null, Object(Config\Cache), false)
 9 FCPATH\index.php(67): CodeIgniter\CodeIgniter->run()
