CRITICAL - 2023-11-23 08:10:48 --> SQLSTATE[42S22]: Column not found: 1054 Unknown column 'id' in 'where clause'
in APPPATH\Controllers\ManagepayrollController.php on line 51.
 1 APPPATH\Controllers\ManagepayrollController.php(51): PDOStatement->execute()
 2 SYSTEMPATH\CodeIgniter.php(932): App\Controllers\ManagepayrollController->fetchmanagepayroll()
 3 SYSTEMPATH\CodeIgniter.php(497): CodeIgniter\CodeIgniter->runController(Object(App\Controllers\ManagepayrollController))
 4 SYSTEMPATH\CodeIgniter.php(366): CodeIgniter\CodeIgniter->handleRequest(null, Object(Config\Cache), false)
 5 FCPATH\index.php(67): CodeIgniter\CodeIgniter->run()
CRITICAL - 2023-11-23 08:10:57 --> SQLSTATE[42S22]: Column not found: 1054 Unknown column 'id' in 'where clause'
in APPPATH\Controllers\ManagepayrollController.php on line 51.
 1 APPPATH\Controllers\ManagepayrollController.php(51): PDOStatement->execute()
 2 SYSTEMPATH\CodeIgniter.php(932): App\Controllers\ManagepayrollController->fetchmanagepayroll()
 3 SYSTEMPATH\CodeIgniter.php(497): CodeIgniter\CodeIgniter->runController(Object(App\Controllers\ManagepayrollController))
 4 SYSTEMPATH\CodeIgniter.php(366): CodeIgniter\CodeIgniter->handleRequest(null, Object(Config\Cache), false)
 5 FCPATH\index.php(67): CodeIgniter\CodeIgniter->run()
CRITICAL - 2023-11-23 08:11:36 --> SQLSTATE[42S22]: Column not found: 1054 Unknown column 'id' in 'order clause'
in APPPATH\Controllers\ManagepayrollController.php on line 51.
 1 APPPATH\Controllers\ManagepayrollController.php(51): PDOStatement->execute()
 2 SYSTEMPATH\CodeIgniter.php(932): App\Controllers\ManagepayrollController->fetchmanagepayroll()
 3 SYSTEMPATH\CodeIgniter.php(497): CodeIgniter\CodeIgniter->runController(Object(App\Controllers\ManagepayrollController))
 4 SYSTEMPATH\CodeIgniter.php(366): CodeIgniter\CodeIgniter->handleRequest(null, Object(Config\Cache), false)
 5 FCPATH\index.php(67): CodeIgniter\CodeIgniter->run()
CRITICAL - 2023-11-23 08:43:53 --> Undefined array key "last_name"
in APPPATH\Controllers\ManagepayrollController.php on line 60.
 1 APPPATH\Controllers\ManagepayrollController.php(60): CodeIgniter\Debug\Exceptions->errorHandler(2, 'Undefined array key "last_name"', 'C:\\xampp\\htdocs\\ci4\\HR-MS\\app\\Controllers\\ManagepayrollController.php', 60)
 2 SYSTEMPATH\CodeIgniter.php(932): App\Controllers\ManagepayrollController->fetchmanagepayroll()
 3 SYSTEMPATH\CodeIgniter.php(497): CodeIgniter\CodeIgniter->runController(Object(App\Controllers\ManagepayrollController))
 4 SYSTEMPATH\CodeIgniter.php(366): CodeIgniter\CodeIgniter->handleRequest(null, Object(Config\Cache), false)
 5 FCPATH\index.php(67): CodeIgniter\CodeIgniter->run()
CRITICAL - 2023-11-23 08:44:41 --> Undefined array key "employee.last_name"
in APPPATH\Controllers\ManagepayrollController.php on line 60.
 1 APPPATH\Controllers\ManagepayrollController.php(60): CodeIgniter\Debug\Exceptions->errorHandler(2, 'Undefined array key "employee.last_name"', 'C:\\xampp\\htdocs\\ci4\\HR-MS\\app\\Controllers\\ManagepayrollController.php', 60)
 2 SYSTEMPATH\CodeIgniter.php(932): App\Controllers\ManagepayrollController->fetchmanagepayroll()
 3 SYSTEMPATH\CodeIgniter.php(497): CodeIgniter\CodeIgniter->runController(Object(App\Controllers\ManagepayrollController))
 4 SYSTEMPATH\CodeIgniter.php(366): CodeIgniter\CodeIgniter->handleRequest(null, Object(Config\Cache), false)
 5 FCPATH\index.php(67): CodeIgniter\CodeIgniter->run()
CRITICAL - 2023-11-23 08:48:27 --> SQLSTATE[42S22]: Column not found: 1054 Unknown column 'year' in 'where clause'
in APPPATH\Controllers\ManagepayrollController.php on line 51.
 1 APPPATH\Controllers\ManagepayrollController.php(51): PDOStatement->execute()
 2 SYSTEMPATH\CodeIgniter.php(932): App\Controllers\ManagepayrollController->fetchmanagepayroll()
 3 SYSTEMPATH\CodeIgniter.php(497): CodeIgniter\CodeIgniter->runController(Object(App\Controllers\ManagepayrollController))
 4 SYSTEMPATH\CodeIgniter.php(366): CodeIgniter\CodeIgniter->handleRequest(null, Object(Config\Cache), false)
 5 FCPATH\index.php(67): CodeIgniter\CodeIgniter->run()
CRITICAL - 2023-11-23 08:48:37 --> SQLSTATE[42S22]: Column not found: 1054 Unknown column 'year' in 'where clause'
in APPPATH\Controllers\ManagepayrollController.php on line 51.
 1 APPPATH\Controllers\ManagepayrollController.php(51): PDOStatement->execute()
 2 SYSTEMPATH\CodeIgniter.php(932): App\Controllers\ManagepayrollController->fetchmanagepayroll()
 3 SYSTEMPATH\CodeIgniter.php(497): CodeIgniter\CodeIgniter->runController(Object(App\Controllers\ManagepayrollController))
 4 SYSTEMPATH\CodeIgniter.php(366): CodeIgniter\CodeIgniter->handleRequest(null, Object(Config\Cache), false)
 5 FCPATH\index.php(67): CodeIgniter\CodeIgniter->run()
CRITICAL - 2023-11-23 08:49:31 --> SQLSTATE[42S22]: Column not found: 1054 Unknown column 'payroll_table.year' in 'where clause'
in APPPATH\Controllers\ManagepayrollController.php on line 51.
 1 APPPATH\Controllers\ManagepayrollController.php(51): PDOStatement->execute()
 2 SYSTEMPATH\CodeIgniter.php(932): App\Controllers\ManagepayrollController->fetchmanagepayroll()
 3 SYSTEMPATH\CodeIgniter.php(497): CodeIgniter\CodeIgniter->runController(Object(App\Controllers\ManagepayrollController))
 4 SYSTEMPATH\CodeIgniter.php(366): CodeIgniter\CodeIgniter->handleRequest(null, Object(Config\Cache), false)
 5 FCPATH\index.php(67): CodeIgniter\CodeIgniter->run()
CRITICAL - 2023-11-23 08:49:45 --> SQLSTATE[42S22]: Column not found: 1054 Unknown column 'month' in 'where clause'
in APPPATH\Controllers\ManagepayrollController.php on line 51.
 1 APPPATH\Controllers\ManagepayrollController.php(51): PDOStatement->execute()
 2 SYSTEMPATH\CodeIgniter.php(932): App\Controllers\ManagepayrollController->fetchmanagepayroll()
 3 SYSTEMPATH\CodeIgniter.php(497): CodeIgniter\CodeIgniter->runController(Object(App\Controllers\ManagepayrollController))
 4 SYSTEMPATH\CodeIgniter.php(366): CodeIgniter\CodeIgniter->handleRequest(null, Object(Config\Cache), false)
 5 FCPATH\index.php(67): CodeIgniter\CodeIgniter->run()
CRITICAL - 2023-11-23 08:51:13 --> SQLSTATE[42S22]: Column not found: 1054 Unknown column '_year' in 'where clause'
in APPPATH\Controllers\ManagepayrollController.php on line 51.
 1 APPPATH\Controllers\ManagepayrollController.php(51): PDOStatement->execute()
 2 SYSTEMPATH\CodeIgniter.php(932): App\Controllers\ManagepayrollController->fetchmanagepayroll()
 3 SYSTEMPATH\CodeIgniter.php(497): CodeIgniter\CodeIgniter->runController(Object(App\Controllers\ManagepayrollController))
 4 SYSTEMPATH\CodeIgniter.php(366): CodeIgniter\CodeIgniter->handleRequest(null, Object(Config\Cache), false)
 5 FCPATH\index.php(67): CodeIgniter\CodeIgniter->run()
CRITICAL - 2023-11-23 09:23:30 --> Undefined array key ""
in APPPATH\Controllers\ManagepayrollController.php on line 28.
 1 APPPATH\Controllers\ManagepayrollController.php(28): CodeIgniter\Debug\Exceptions->errorHandler(2, 'Undefined array key ""', 'C:\\xampp\\htdocs\\ci4\\HR-MS\\app\\Controllers\\ManagepayrollController.php', 28)
 2 SYSTEMPATH\CodeIgniter.php(932): App\Controllers\ManagepayrollController->fetchmanagepayroll()
 3 SYSTEMPATH\CodeIgniter.php(497): CodeIgniter\CodeIgniter->runController(Object(App\Controllers\ManagepayrollController))
 4 SYSTEMPATH\CodeIgniter.php(366): CodeIgniter\CodeIgniter->handleRequest(null, Object(Config\Cache), false)
 5 FCPATH\index.php(67): CodeIgniter\CodeIgniter->run()
CRITICAL - 2023-11-23 10:35:45 --> SQLSTATE[42000]: Syntax error or access violation: 1064 You have an error in your SQL syntax; check the manual that corresponds to your MariaDB server version for the right syntax to use near 'pay_date LIKE %2023% AND %2023-10% ORDER BY payroll_id DESC LIMIT 0, 10' at line 1
in APPPATH\Controllers\ManagepayrollController.php on line 52.
 1 APPPATH\Controllers\ManagepayrollController.php(52): PDOStatement->execute()
 2 SYSTEMPATH\CodeIgniter.php(932): App\Controllers\ManagepayrollController->fetchmanagepayroll()
 3 SYSTEMPATH\CodeIgniter.php(497): CodeIgniter\CodeIgniter->runController(Object(App\Controllers\ManagepayrollController))
 4 SYSTEMPATH\CodeIgniter.php(366): CodeIgniter\CodeIgniter->handleRequest(null, Object(Config\Cache), false)
 5 FCPATH\index.php(67): CodeIgniter\CodeIgniter->run()
CRITICAL - 2023-11-23 10:35:51 --> SQLSTATE[42000]: Syntax error or access violation: 1064 You have an error in your SQL syntax; check the manual that corresponds to your MariaDB server version for the right syntax to use near 'pay_date LIKE %2023% AND %2023-10% ORDER BY payroll_id DESC LIMIT 0, 10' at line 1
in APPPATH\Controllers\ManagepayrollController.php on line 52.
 1 APPPATH\Controllers\ManagepayrollController.php(52): PDOStatement->execute()
 2 SYSTEMPATH\CodeIgniter.php(932): App\Controllers\ManagepayrollController->fetchmanagepayroll()
 3 SYSTEMPATH\CodeIgniter.php(497): CodeIgniter\CodeIgniter->runController(Object(App\Controllers\ManagepayrollController))
 4 SYSTEMPATH\CodeIgniter.php(366): CodeIgniter\CodeIgniter->handleRequest(null, Object(Config\Cache), false)
 5 FCPATH\index.php(67): CodeIgniter\CodeIgniter->run()
CRITICAL - 2023-11-23 10:37:31 --> SQLSTATE[42000]: Syntax error or access violation: 1064 You have an error in your SQL syntax; check the manual that corresponds to your MariaDB server version for the right syntax to use near '%2023% AND %2023-10% ORDER BY payroll_id DESC LIMIT 0, 10' at line 1
in APPPATH\Controllers\ManagepayrollController.php on line 52.
 1 APPPATH\Controllers\ManagepayrollController.php(52): PDOStatement->execute()
 2 SYSTEMPATH\CodeIgniter.php(932): App\Controllers\ManagepayrollController->fetchmanagepayroll()
 3 SYSTEMPATH\CodeIgniter.php(497): CodeIgniter\CodeIgniter->runController(Object(App\Controllers\ManagepayrollController))
 4 SYSTEMPATH\CodeIgniter.php(366): CodeIgniter\CodeIgniter->handleRequest(null, Object(Config\Cache), false)
 5 FCPATH\index.php(67): CodeIgniter\CodeIgniter->run()
CRITICAL - 2023-11-23 10:37:37 --> SQLSTATE[42000]: Syntax error or access violation: 1064 You have an error in your SQL syntax; check the manual that corresponds to your MariaDB server version for the right syntax to use near '%2023% AND %2023-10% ORDER BY payroll_id DESC LIMIT 0, 10' at line 1
in APPPATH\Controllers\ManagepayrollController.php on line 52.
 1 APPPATH\Controllers\ManagepayrollController.php(52): PDOStatement->execute()
 2 SYSTEMPATH\CodeIgniter.php(932): App\Controllers\ManagepayrollController->fetchmanagepayroll()
 3 SYSTEMPATH\CodeIgniter.php(497): CodeIgniter\CodeIgniter->runController(Object(App\Controllers\ManagepayrollController))
 4 SYSTEMPATH\CodeIgniter.php(366): CodeIgniter\CodeIgniter->handleRequest(null, Object(Config\Cache), false)
 5 FCPATH\index.php(67): CodeIgniter\CodeIgniter->run()
CRITICAL - 2023-11-23 10:41:57 --> SQLSTATE[42000]: Syntax error or access violation: 1064 You have an error in your SQL syntax; check the manual that corresponds to your MariaDB server version for the right syntax to use near 'WHERE LIKE %2023% AND %2023-10% ORDER BY payroll_id DESC LIMIT 0, 10' at line 2
in APPPATH\Controllers\ManagepayrollController.php on line 53.
 1 APPPATH\Controllers\ManagepayrollController.php(53): PDOStatement->execute()
 2 SYSTEMPATH\CodeIgniter.php(932): App\Controllers\ManagepayrollController->fetchmanagepayroll()
 3 SYSTEMPATH\CodeIgniter.php(497): CodeIgniter\CodeIgniter->runController(Object(App\Controllers\ManagepayrollController))
 4 SYSTEMPATH\CodeIgniter.php(366): CodeIgniter\CodeIgniter->handleRequest(null, Object(Config\Cache), false)
 5 FCPATH\index.php(67): CodeIgniter\CodeIgniter->run()
CRITICAL - 2023-11-23 10:42:45 --> SQLSTATE[42000]: Syntax error or access violation: 1064 You have an error in your SQL syntax; check the manual that corresponds to your MariaDB server version for the right syntax to use near 'WHERE pay_date LIKE %2023% AND %2023-10% ORDER BY payroll_id DESC LIMIT 0, 10' at line 2
in APPPATH\Controllers\ManagepayrollController.php on line 53.
 1 APPPATH\Controllers\ManagepayrollController.php(53): PDOStatement->execute()
 2 SYSTEMPATH\CodeIgniter.php(932): App\Controllers\ManagepayrollController->fetchmanagepayroll()
 3 SYSTEMPATH\CodeIgniter.php(497): CodeIgniter\CodeIgniter->runController(Object(App\Controllers\ManagepayrollController))
 4 SYSTEMPATH\CodeIgniter.php(366): CodeIgniter\CodeIgniter->handleRequest(null, Object(Config\Cache), false)
 5 FCPATH\index.php(67): CodeIgniter\CodeIgniter->run()
CRITICAL - 2023-11-23 10:43:46 --> SQLSTATE[42000]: Syntax error or access violation: 1064 You have an error in your SQL syntax; check the manual that corresponds to your MariaDB server version for the right syntax to use near 'WHERE pay_date LIKE %2023% AND pay_date LIKE %2023-10% ORDER BY payroll_id DE...' at line 2
in APPPATH\Controllers\ManagepayrollController.php on line 53.
 1 APPPATH\Controllers\ManagepayrollController.php(53): PDOStatement->execute()
 2 SYSTEMPATH\CodeIgniter.php(932): App\Controllers\ManagepayrollController->fetchmanagepayroll()
 3 SYSTEMPATH\CodeIgniter.php(497): CodeIgniter\CodeIgniter->runController(Object(App\Controllers\ManagepayrollController))
 4 SYSTEMPATH\CodeIgniter.php(366): CodeIgniter\CodeIgniter->handleRequest(null, Object(Config\Cache), false)
 5 FCPATH\index.php(67): CodeIgniter\CodeIgniter->run()
CRITICAL - 2023-11-23 10:46:06 --> SQLSTATE[42000]: Syntax error or access violation: 1064 You have an error in your SQL syntax; check the manual that corresponds to your MariaDB server version for the right syntax to use near 'WHERE pay_date LIKE '%2023%' AND pay_date LIKE '%2023-10%'ORDER BY payroll_id...' at line 2
in APPPATH\Controllers\ManagepayrollController.php on line 54.
 1 APPPATH\Controllers\ManagepayrollController.php(54): PDOStatement->execute()
 2 SYSTEMPATH\CodeIgniter.php(932): App\Controllers\ManagepayrollController->fetchmanagepayroll()
 3 SYSTEMPATH\CodeIgniter.php(497): CodeIgniter\CodeIgniter->runController(Object(App\Controllers\ManagepayrollController))
 4 SYSTEMPATH\CodeIgniter.php(366): CodeIgniter\CodeIgniter->handleRequest(null, Object(Config\Cache), false)
 5 FCPATH\index.php(67): CodeIgniter\CodeIgniter->run()
CRITICAL - 2023-11-23 10:46:46 --> SQLSTATE[42000]: Syntax error or access violation: 1064 You have an error in your SQL syntax; check the manual that corresponds to your MariaDB server version for the right syntax to use near 'WHERE pay_date LIKE '%2023%' AND pay_date LIKE '%2023-10%' ORDER BY payroll_i...' at line 2
in APPPATH\Controllers\ManagepayrollController.php on line 54.
 1 APPPATH\Controllers\ManagepayrollController.php(54): PDOStatement->execute()
 2 SYSTEMPATH\CodeIgniter.php(932): App\Controllers\ManagepayrollController->fetchmanagepayroll()
 3 SYSTEMPATH\CodeIgniter.php(497): CodeIgniter\CodeIgniter->runController(Object(App\Controllers\ManagepayrollController))
 4 SYSTEMPATH\CodeIgniter.php(366): CodeIgniter\CodeIgniter->handleRequest(null, Object(Config\Cache), false)
 5 FCPATH\index.php(67): CodeIgniter\CodeIgniter->run()
CRITICAL - 2023-11-23 10:47:58 --> SQLSTATE[42000]: Syntax error or access violation: 1064 You have an error in your SQL syntax; check the manual that corresponds to your MariaDB server version for the right syntax to use near 'WHERE pay_date LIKE '%2023%' AND pay_date LIKE '%2023-10%' ORDER BY payroll_i...' at line 2
in APPPATH\Controllers\ManagepayrollController.php on line 54.
 1 APPPATH\Controllers\ManagepayrollController.php(54): PDOStatement->execute()
 2 SYSTEMPATH\CodeIgniter.php(932): App\Controllers\ManagepayrollController->fetchmanagepayroll()
 3 SYSTEMPATH\CodeIgniter.php(497): CodeIgniter\CodeIgniter->runController(Object(App\Controllers\ManagepayrollController))
 4 SYSTEMPATH\CodeIgniter.php(366): CodeIgniter\CodeIgniter->handleRequest(null, Object(Config\Cache), false)
 5 FCPATH\index.php(67): CodeIgniter\CodeIgniter->run()
CRITICAL - 2023-11-23 18:04:53 --> SQLSTATE[42000]: Syntax error or access violation: 1064 You have an error in your SQL syntax; check the manual that corresponds to your MariaDB server version for the right syntax to use near 'WHERE payroll_table.payroll_id LIKE "%%" OR employee_table.first_name LIKE "%...' at line 3
in APPPATH\Controllers\ManagepayrollController.php on line 53.
 1 APPPATH\Controllers\ManagepayrollController.php(53): PDOStatement->execute()
 2 SYSTEMPATH\CodeIgniter.php(932): App\Controllers\ManagepayrollController->fetchmanagepayroll()
 3 SYSTEMPATH\CodeIgniter.php(497): CodeIgniter\CodeIgniter->runController(Object(App\Controllers\ManagepayrollController))
 4 SYSTEMPATH\CodeIgniter.php(366): CodeIgniter\CodeIgniter->handleRequest(null, Object(Config\Cache), false)
 5 FCPATH\index.php(67): CodeIgniter\CodeIgniter->run()
CRITICAL - 2023-11-23 18:04:59 --> SQLSTATE[42000]: Syntax error or access violation: 1064 You have an error in your SQL syntax; check the manual that corresponds to your MariaDB server version for the right syntax to use near 'WHERE payroll_table.payroll_id LIKE "%%" OR employee_table.first_name LIKE "%...' at line 3
in APPPATH\Controllers\ManagepayrollController.php on line 53.
 1 APPPATH\Controllers\ManagepayrollController.php(53): PDOStatement->execute()
 2 SYSTEMPATH\CodeIgniter.php(932): App\Controllers\ManagepayrollController->fetchmanagepayroll()
 3 SYSTEMPATH\CodeIgniter.php(497): CodeIgniter\CodeIgniter->runController(Object(App\Controllers\ManagepayrollController))
 4 SYSTEMPATH\CodeIgniter.php(366): CodeIgniter\CodeIgniter->handleRequest(null, Object(Config\Cache), false)
 5 FCPATH\index.php(67): CodeIgniter\CodeIgniter->run()
CRITICAL - 2023-11-23 18:09:27 --> CodeIgniter\Database\BaseConnection::prepare(): Argument #1 ($func) must be of type Closure, string given, called in C:\xampp\htdocs\ci4\HR-MS\app\Controllers\ManagepayrollController.php on line 88
in SYSTEMPATH\Database\BaseConnection.php on line 920.
 1 APPPATH\Controllers\ManagepayrollController.php(88): CodeIgniter\Database\BaseConnection->prepare('SELECT employee_table.first_name, employee_table.last_name, payroll_table.net_pay, payroll_table.pay_date 
            FROM payroll_table 
            INNER JOIN employee_table ON payroll_table.employee_id = employee_table.employee_id WHERE (payroll_table.payroll_id LIKE "%%" OR employee_table.first_name LIKE "%%" OR employee_table.last_name LIKE "%%") ORDER BY payroll_table.payroll_id DESC LIMIT 0, 10')
 2 SYSTEMPATH\CodeIgniter.php(932): App\Controllers\ManagepayrollController->fetchmanagepayroll()
 3 SYSTEMPATH\CodeIgniter.php(497): CodeIgniter\CodeIgniter->runController(Object(App\Controllers\ManagepayrollController))
 4 SYSTEMPATH\CodeIgniter.php(366): CodeIgniter\CodeIgniter->handleRequest(null, Object(Config\Cache), false)
 5 FCPATH\index.php(67): CodeIgniter\CodeIgniter->run()
CRITICAL - 2023-11-23 18:09:33 --> CodeIgniter\Database\BaseConnection::prepare(): Argument #1 ($func) must be of type Closure, string given, called in C:\xampp\htdocs\ci4\HR-MS\app\Controllers\ManagepayrollController.php on line 46
in SYSTEMPATH\Database\BaseConnection.php on line 920.
 1 APPPATH\Controllers\ManagepayrollController.php(46): CodeIgniter\Database\BaseConnection->prepare('SELECT employee_table.first_name, employee_table.last_name, payroll_table.net_pay, payroll_table.pay_date 
                   FROM payroll_table 
                   INNER JOIN employee_table ON payroll_table.employee_id = employee_table.employee_id WHERE (payroll_table.pay_date LIKE \'%2023%\' AND payroll_table.pay_date LIKE \'%2023-10%\') AND (payroll_table.payroll_id LIKE "%%" OR employee_table.first_name LIKE "%%" OR employee_table.last_name LIKE "%%") ORDER BY payroll_table.payroll_id DESC LIMIT 0, 10')
 2 SYSTEMPATH\CodeIgniter.php(932): App\Controllers\ManagepayrollController->fetchmanagepayroll()
 3 SYSTEMPATH\CodeIgniter.php(497): CodeIgniter\CodeIgniter->runController(Object(App\Controllers\ManagepayrollController))
 4 SYSTEMPATH\CodeIgniter.php(366): CodeIgniter\CodeIgniter->handleRequest(null, Object(Config\Cache), false)
 5 FCPATH\index.php(67): CodeIgniter\CodeIgniter->run()
CRITICAL - 2023-11-23 18:09:38 --> CodeIgniter\Database\BaseConnection::prepare(): Argument #1 ($func) must be of type Closure, string given, called in C:\xampp\htdocs\ci4\HR-MS\app\Controllers\ManagepayrollController.php on line 46
in SYSTEMPATH\Database\BaseConnection.php on line 920.
 1 APPPATH\Controllers\ManagepayrollController.php(46): CodeIgniter\Database\BaseConnection->prepare('SELECT employee_table.first_name, employee_table.last_name, payroll_table.net_pay, payroll_table.pay_date 
                   FROM payroll_table 
                   INNER JOIN employee_table ON payroll_table.employee_id = employee_table.employee_id WHERE (payroll_table.pay_date LIKE \'%2023%\' AND payroll_table.pay_date LIKE \'%2023-10%\') AND (payroll_table.payroll_id LIKE "%%" OR employee_table.first_name LIKE "%%" OR employee_table.last_name LIKE "%%") ORDER BY payroll_table.payroll_id DESC LIMIT 0, 10')
 2 SYSTEMPATH\CodeIgniter.php(932): App\Controllers\ManagepayrollController->fetchmanagepayroll()
 3 SYSTEMPATH\CodeIgniter.php(497): CodeIgniter\CodeIgniter->runController(Object(App\Controllers\ManagepayrollController))
 4 SYSTEMPATH\CodeIgniter.php(366): CodeIgniter\CodeIgniter->handleRequest(null, Object(Config\Cache), false)
 5 FCPATH\index.php(67): CodeIgniter\CodeIgniter->run()
CRITICAL - 2023-11-23 18:15:23 --> SQLSTATE[42000]: Syntax error or access violation: 1064 You have an error in your SQL syntax; check the manual that corresponds to your MariaDB server version for the right syntax to use near '%2023% AND payroll_table.pay_date LIKE %2023-10%) AND (payroll_table.payroll_...' at line 3
in APPPATH\Controllers\ManagepayrollController.php on line 47.
 1 APPPATH\Controllers\ManagepayrollController.php(47): PDOStatement->execute()
 2 SYSTEMPATH\CodeIgniter.php(932): App\Controllers\ManagepayrollController->fetchmanagepayroll()
 3 SYSTEMPATH\CodeIgniter.php(497): CodeIgniter\CodeIgniter->runController(Object(App\Controllers\ManagepayrollController))
 4 SYSTEMPATH\CodeIgniter.php(366): CodeIgniter\CodeIgniter->handleRequest(null, Object(Config\Cache), false)
 5 FCPATH\index.php(67): CodeIgniter\CodeIgniter->run()
WARNING - 2023-11-23 18:25:41 --> [DEPRECATED] Creation of dynamic property App\Controllers\ManagepayrollController::$db is deprecated in APPPATH\Controllers\ManagepayrollController.php on line 14.
 1 SYSTEMPATH\CodeIgniter.php(904): App\Controllers\ManagepayrollController->__construct()
 2 SYSTEMPATH\CodeIgniter.php(488): CodeIgniter\CodeIgniter->createController()
 3 SYSTEMPATH\CodeIgniter.php(366): CodeIgniter\CodeIgniter->handleRequest(null, Object(Config\Cache), false)
 4 FCPATH\index.php(67): CodeIgniter\CodeIgniter->run()
CRITICAL - 2023-11-23 18:25:41 --> Class "App\Controllers\ManagepayrollModel" not found
in APPPATH\Controllers\ManagepayrollController.php on line 15.
 1 SYSTEMPATH\CodeIgniter.php(904): App\Controllers\ManagepayrollController->__construct()
 2 SYSTEMPATH\CodeIgniter.php(488): CodeIgniter\CodeIgniter->createController()
 3 SYSTEMPATH\CodeIgniter.php(366): CodeIgniter\CodeIgniter->handleRequest(null, Object(Config\Cache), false)
 4 FCPATH\index.php(67): CodeIgniter\CodeIgniter->run()
WARNING - 2023-11-23 18:27:05 --> [DEPRECATED] Creation of dynamic property App\Controllers\ManagepayrollController::$db is deprecated in APPPATH\Controllers\ManagepayrollController.php on line 15.
 1 SYSTEMPATH\CodeIgniter.php(904): App\Controllers\ManagepayrollController->__construct()
 2 SYSTEMPATH\CodeIgniter.php(488): CodeIgniter\CodeIgniter->createController()
 3 SYSTEMPATH\CodeIgniter.php(366): CodeIgniter\CodeIgniter->handleRequest(null, Object(Config\Cache), false)
 4 FCPATH\index.php(67): CodeIgniter\CodeIgniter->run()
CRITICAL - 2023-11-23 18:27:05 --> Trying to access array offset on value of type null
in APPPATH\Controllers\ManagepayrollController.php on line 77.
 1 APPPATH\Controllers\ManagepayrollController.php(77): CodeIgniter\Debug\Exceptions->errorHandler(2, 'Trying to access array offset on value of type null', 'C:\\xampp\\htdocs\\ci4\\HR-MS\\app\\Controllers\\ManagepayrollController.php', 77)
 2 SYSTEMPATH\CodeIgniter.php(932): App\Controllers\ManagepayrollController->fetchmanagepayroll()
 3 SYSTEMPATH\CodeIgniter.php(497): CodeIgniter\CodeIgniter->runController(Object(App\Controllers\ManagepayrollController))
 4 SYSTEMPATH\CodeIgniter.php(366): CodeIgniter\CodeIgniter->handleRequest(null, Object(Config\Cache), false)
 5 FCPATH\index.php(67): CodeIgniter\CodeIgniter->run()
CRITICAL - 2023-11-23 18:30:09 --> Trying to access array offset on value of type null
in APPPATH\Controllers\ManagepayrollController.php on line 79.
 1 APPPATH\Controllers\ManagepayrollController.php(79): CodeIgniter\Debug\Exceptions->errorHandler(2, 'Trying to access array offset on value of type null', 'C:\\xampp\\htdocs\\ci4\\HR-MS\\app\\Controllers\\ManagepayrollController.php', 79)
 2 SYSTEMPATH\CodeIgniter.php(932): App\Controllers\ManagepayrollController->fetchmanagepayroll()
 3 SYSTEMPATH\CodeIgniter.php(497): CodeIgniter\CodeIgniter->runController(Object(App\Controllers\ManagepayrollController))
 4 SYSTEMPATH\CodeIgniter.php(366): CodeIgniter\CodeIgniter->handleRequest(null, Object(Config\Cache), false)
 5 FCPATH\index.php(67): CodeIgniter\CodeIgniter->run()
CRITICAL - 2023-11-23 18:30:17 --> Trying to access array offset on value of type null
in APPPATH\Controllers\ManagepayrollController.php on line 79.
 1 APPPATH\Controllers\ManagepayrollController.php(79): CodeIgniter\Debug\Exceptions->errorHandler(2, 'Trying to access array offset on value of type null', 'C:\\xampp\\htdocs\\ci4\\HR-MS\\app\\Controllers\\ManagepayrollController.php', 79)
 2 SYSTEMPATH\CodeIgniter.php(932): App\Controllers\ManagepayrollController->fetchmanagepayroll()
 3 SYSTEMPATH\CodeIgniter.php(497): CodeIgniter\CodeIgniter->runController(Object(App\Controllers\ManagepayrollController))
 4 SYSTEMPATH\CodeIgniter.php(366): CodeIgniter\CodeIgniter->handleRequest(null, Object(Config\Cache), false)
 5 FCPATH\index.php(67): CodeIgniter\CodeIgniter->run()
CRITICAL - 2023-11-23 18:32:09 --> Trying to access array offset on value of type null
in APPPATH\Controllers\ManagepayrollController.php on line 79.
 1 APPPATH\Controllers\ManagepayrollController.php(79): CodeIgniter\Debug\Exceptions->errorHandler(2, 'Trying to access array offset on value of type null', 'C:\\xampp\\htdocs\\ci4\\HR-MS\\app\\Controllers\\ManagepayrollController.php', 79)
 2 SYSTEMPATH\CodeIgniter.php(932): App\Controllers\ManagepayrollController->fetchmanagepayroll()
 3 SYSTEMPATH\CodeIgniter.php(497): CodeIgniter\CodeIgniter->runController(Object(App\Controllers\ManagepayrollController))
 4 SYSTEMPATH\CodeIgniter.php(366): CodeIgniter\CodeIgniter->handleRequest(null, Object(Config\Cache), false)
 5 FCPATH\index.php(67): CodeIgniter\CodeIgniter->run()
CRITICAL - 2023-11-23 18:36:27 --> Call to undefined method App\Models\ManagepayrollModel::table_count
in SYSTEMPATH\Model.php on line 838.
 1 APPPATH\Controllers\ManagepayrollController.php(108): CodeIgniter\Model->__call('table_count', [...])
 2 SYSTEMPATH\CodeIgniter.php(932): App\Controllers\ManagepayrollController->fetchmanagepayroll()
 3 SYSTEMPATH\CodeIgniter.php(497): CodeIgniter\CodeIgniter->runController(Object(App\Controllers\ManagepayrollController))
 4 SYSTEMPATH\CodeIgniter.php(366): CodeIgniter\CodeIgniter->handleRequest(null, Object(Config\Cache), false)
 5 FCPATH\index.php(67): CodeIgniter\CodeIgniter->run()
CRITICAL - 2023-11-23 18:40:36 --> Trying to access array offset on value of type null
in APPPATH\Controllers\ManagepayrollController.php on line 79.
 1 APPPATH\Controllers\ManagepayrollController.php(79): CodeIgniter\Debug\Exceptions->errorHandler(2, 'Trying to access array offset on value of type null', 'C:\\xampp\\htdocs\\ci4\\HR-MS\\app\\Controllers\\ManagepayrollController.php', 79)
 2 SYSTEMPATH\CodeIgniter.php(932): App\Controllers\ManagepayrollController->fetchmanagepayroll()
 3 SYSTEMPATH\CodeIgniter.php(497): CodeIgniter\CodeIgniter->runController(Object(App\Controllers\ManagepayrollController))
 4 SYSTEMPATH\CodeIgniter.php(366): CodeIgniter\CodeIgniter->handleRequest(null, Object(Config\Cache), false)
 5 FCPATH\index.php(67): CodeIgniter\CodeIgniter->run()
WARNING - 2023-11-23 18:41:10 --> [DEPRECATED] Creation of dynamic property App\Controllers\ManagepayrollController::$db is deprecated in APPPATH\Controllers\ManagepayrollController.php on line 15.
 1 SYSTEMPATH\CodeIgniter.php(904): App\Controllers\ManagepayrollController->__construct()
 2 SYSTEMPATH\CodeIgniter.php(488): CodeIgniter\CodeIgniter->createController()
 3 SYSTEMPATH\CodeIgniter.php(366): CodeIgniter\CodeIgniter->handleRequest(null, Object(Config\Cache), false)
 4 FCPATH\index.php(67): CodeIgniter\CodeIgniter->run()
CRITICAL - 2023-11-23 18:41:10 --> Call to undefined method App\Models\ManagepayrollModel::table_count
in SYSTEMPATH\Model.php on line 838.
 1 APPPATH\Controllers\ManagepayrollController.php(104): CodeIgniter\Model->__call('table_count', [...])
 2 SYSTEMPATH\CodeIgniter.php(932): App\Controllers\ManagepayrollController->fetchmanagepayroll()
 3 SYSTEMPATH\CodeIgniter.php(497): CodeIgniter\CodeIgniter->runController(Object(App\Controllers\ManagepayrollController))
 4 SYSTEMPATH\CodeIgniter.php(366): CodeIgniter\CodeIgniter->handleRequest(null, Object(Config\Cache), false)
 5 FCPATH\index.php(67): CodeIgniter\CodeIgniter->run()
CRITICAL - 2023-11-23 18:48:45 --> SQLSTATE[42000]: Syntax error or access violation: 1064 You have an error in your SQL syntax; check the manual that corresponds to your MariaDB server version for the right syntax to use near 'AND (payroll_table.payroll_id LIKE "%%" OR employee_table.first_name LIKE "%%...' at line 3
in APPPATH\Controllers\ManagepayrollController.php on line 49.
 1 APPPATH\Controllers\ManagepayrollController.php(49): PDOStatement->execute()
 2 SYSTEMPATH\CodeIgniter.php(932): App\Controllers\ManagepayrollController->fetchmanagepayroll()
 3 SYSTEMPATH\CodeIgniter.php(497): CodeIgniter\CodeIgniter->runController(Object(App\Controllers\ManagepayrollController))
 4 SYSTEMPATH\CodeIgniter.php(366): CodeIgniter\CodeIgniter->handleRequest(null, Object(Config\Cache), false)
 5 FCPATH\index.php(67): CodeIgniter\CodeIgniter->run()
CRITICAL - 2023-11-23 18:57:05 --> Call to a member function table() on null
in APPPATH\Controllers\ManagepayrollController.php on line 21.
 1 SYSTEMPATH\CodeIgniter.php(932): App\Controllers\ManagepayrollController->fetchmanagepayroll()
 2 SYSTEMPATH\CodeIgniter.php(497): CodeIgniter\CodeIgniter->runController(Object(App\Controllers\ManagepayrollController))
 3 SYSTEMPATH\CodeIgniter.php(366): CodeIgniter\CodeIgniter->handleRequest(null, Object(Config\Cache), false)
 4 FCPATH\index.php(67): CodeIgniter\CodeIgniter->run()
CRITICAL - 2023-11-23 18:57:15 --> Call to a member function table() on null
in APPPATH\Controllers\ManagepayrollController.php on line 21.
 1 SYSTEMPATH\CodeIgniter.php(932): App\Controllers\ManagepayrollController->fetchmanagepayroll()
 2 SYSTEMPATH\CodeIgniter.php(497): CodeIgniter\CodeIgniter->runController(Object(App\Controllers\ManagepayrollController))
 3 SYSTEMPATH\CodeIgniter.php(366): CodeIgniter\CodeIgniter->handleRequest(null, Object(Config\Cache), false)
 4 FCPATH\index.php(67): CodeIgniter\CodeIgniter->run()
CRITICAL - 2023-11-23 19:03:02 --> SQLSTATE[42000]: Syntax error or access violation: 1064 You have an error in your SQL syntax; check the manual that corresponds to your MariaDB server version for the right syntax to use near ') ORDER BY payroll_table.payroll_id DESC LIMIT 0, 10' at line 3
in APPPATH\Controllers\ManagepayrollController.php on line 95.
 1 APPPATH\Controllers\ManagepayrollController.php(95): PDOStatement->execute()
 2 SYSTEMPATH\CodeIgniter.php(932): App\Controllers\ManagepayrollController->fetchmanagepayroll()
 3 SYSTEMPATH\CodeIgniter.php(497): CodeIgniter\CodeIgniter->runController(Object(App\Controllers\ManagepayrollController))
 4 SYSTEMPATH\CodeIgniter.php(366): CodeIgniter\CodeIgniter->handleRequest(null, Object(Config\Cache), false)
 5 FCPATH\index.php(67): CodeIgniter\CodeIgniter->run()
CRITICAL - 2023-11-23 19:03:21 --> SQLSTATE[42000]: Syntax error or access violation: 1064 You have an error in your SQL syntax; check the manual that corresponds to your MariaDB server version for the right syntax to use near ') ORDER BY payroll_table.payroll_id DESC LIMIT 0, 10' at line 3
in APPPATH\Controllers\ManagepayrollController.php on line 95.
 1 APPPATH\Controllers\ManagepayrollController.php(95): PDOStatement->execute()
 2 SYSTEMPATH\CodeIgniter.php(932): App\Controllers\ManagepayrollController->fetchmanagepayroll()
 3 SYSTEMPATH\CodeIgniter.php(497): CodeIgniter\CodeIgniter->runController(Object(App\Controllers\ManagepayrollController))
 4 SYSTEMPATH\CodeIgniter.php(366): CodeIgniter\CodeIgniter->handleRequest(null, Object(Config\Cache), false)
 5 FCPATH\index.php(67): CodeIgniter\CodeIgniter->run()
CRITICAL - 2023-11-23 19:04:14 --> SQLSTATE[42000]: Syntax error or access violation: 1064 You have an error in your SQL syntax; check the manual that corresponds to your MariaDB server version for the right syntax to use near ') ORDER BY payroll_table.payroll_id DESC LIMIT 0, 10' at line 3
in APPPATH\Controllers\ManagepayrollController.php on line 95.
 1 APPPATH\Controllers\ManagepayrollController.php(95): PDOStatement->execute()
 2 SYSTEMPATH\CodeIgniter.php(932): App\Controllers\ManagepayrollController->fetchmanagepayroll()
 3 SYSTEMPATH\CodeIgniter.php(497): CodeIgniter\CodeIgniter->runController(Object(App\Controllers\ManagepayrollController))
 4 SYSTEMPATH\CodeIgniter.php(366): CodeIgniter\CodeIgniter->handleRequest(null, Object(Config\Cache), false)
 5 FCPATH\index.php(67): CodeIgniter\CodeIgniter->run()
CRITICAL - 2023-11-23 19:04:23 --> SQLSTATE[42000]: Syntax error or access violation: 1064 You have an error in your SQL syntax; check the manual that corresponds to your MariaDB server version for the right syntax to use near ') ORDER BY payroll_table.payroll_id DESC LIMIT 0, 10' at line 3
in APPPATH\Controllers\ManagepayrollController.php on line 95.
 1 APPPATH\Controllers\ManagepayrollController.php(95): PDOStatement->execute()
 2 SYSTEMPATH\CodeIgniter.php(932): App\Controllers\ManagepayrollController->fetchmanagepayroll()
 3 SYSTEMPATH\CodeIgniter.php(497): CodeIgniter\CodeIgniter->runController(Object(App\Controllers\ManagepayrollController))
 4 SYSTEMPATH\CodeIgniter.php(366): CodeIgniter\CodeIgniter->handleRequest(null, Object(Config\Cache), false)
 5 FCPATH\index.php(67): CodeIgniter\CodeIgniter->run()
CRITICAL - 2023-11-23 19:06:17 --> SQLSTATE[42000]: Syntax error or access violation: 1064 You have an error in your SQL syntax; check the manual that corresponds to your MariaDB server version for the right syntax to use near 'FROM payroll_table 
            INNER JOIN employee_table ON payroll_table.em...' at line 2
in APPPATH\Controllers\ManagepayrollController.php on line 95.
 1 APPPATH\Controllers\ManagepayrollController.php(95): PDOStatement->execute()
 2 SYSTEMPATH\CodeIgniter.php(932): App\Controllers\ManagepayrollController->fetchmanagepayroll()
 3 SYSTEMPATH\CodeIgniter.php(497): CodeIgniter\CodeIgniter->runController(Object(App\Controllers\ManagepayrollController))
 4 SYSTEMPATH\CodeIgniter.php(366): CodeIgniter\CodeIgniter->handleRequest(null, Object(Config\Cache), false)
 5 FCPATH\index.php(67): CodeIgniter\CodeIgniter->run()
CRITICAL - 2023-11-23 19:06:45 --> SQLSTATE[42000]: Syntax error or access violation: 1064 You have an error in your SQL syntax; check the manual that corresponds to your MariaDB server version for the right syntax to use near 'FROM payroll_table 
            INNER JOIN employee_table ON payroll_table.em...' at line 2
in APPPATH\Controllers\ManagepayrollController.php on line 95.
 1 APPPATH\Controllers\ManagepayrollController.php(95): PDOStatement->execute()
 2 SYSTEMPATH\CodeIgniter.php(932): App\Controllers\ManagepayrollController->fetchmanagepayroll()
 3 SYSTEMPATH\CodeIgniter.php(497): CodeIgniter\CodeIgniter->runController(Object(App\Controllers\ManagepayrollController))
 4 SYSTEMPATH\CodeIgniter.php(366): CodeIgniter\CodeIgniter->handleRequest(null, Object(Config\Cache), false)
 5 FCPATH\index.php(67): CodeIgniter\CodeIgniter->run()
CRITICAL - 2023-11-23 19:07:37 --> SQLSTATE[42000]: Syntax error or access violation: 1064 You have an error in your SQL syntax; check the manual that corresponds to your MariaDB server version for the right syntax to use near ') ORDER BY payroll_table.payroll_id DESC LIMIT 0, 10' at line 3
in APPPATH\Controllers\ManagepayrollController.php on line 95.
 1 APPPATH\Controllers\ManagepayrollController.php(95): PDOStatement->execute()
 2 SYSTEMPATH\CodeIgniter.php(932): App\Controllers\ManagepayrollController->fetchmanagepayroll()
 3 SYSTEMPATH\CodeIgniter.php(497): CodeIgniter\CodeIgniter->runController(Object(App\Controllers\ManagepayrollController))
 4 SYSTEMPATH\CodeIgniter.php(366): CodeIgniter\CodeIgniter->handleRequest(null, Object(Config\Cache), false)
 5 FCPATH\index.php(67): CodeIgniter\CodeIgniter->run()
CRITICAL - 2023-11-23 19:07:44 --> SQLSTATE[42000]: Syntax error or access violation: 1064 You have an error in your SQL syntax; check the manual that corresponds to your MariaDB server version for the right syntax to use near ') ORDER BY payroll_table.payroll_id DESC LIMIT 0, 10' at line 3
in APPPATH\Controllers\ManagepayrollController.php on line 95.
 1 APPPATH\Controllers\ManagepayrollController.php(95): PDOStatement->execute()
 2 SYSTEMPATH\CodeIgniter.php(932): App\Controllers\ManagepayrollController->fetchmanagepayroll()
 3 SYSTEMPATH\CodeIgniter.php(497): CodeIgniter\CodeIgniter->runController(Object(App\Controllers\ManagepayrollController))
 4 SYSTEMPATH\CodeIgniter.php(366): CodeIgniter\CodeIgniter->handleRequest(null, Object(Config\Cache), false)
 5 FCPATH\index.php(67): CodeIgniter\CodeIgniter->run()
CRITICAL - 2023-11-23 19:08:36 --> SQLSTATE[42000]: Syntax error or access violation: 1064 You have an error in your SQL syntax; check the manual that corresponds to your MariaDB server version for the right syntax to use near ') ORDER BY payroll_table.payroll_id DESC LIMIT 0, 10' at line 3
in APPPATH\Controllers\ManagepayrollController.php on line 95.
 1 APPPATH\Controllers\ManagepayrollController.php(95): PDOStatement->execute()
 2 SYSTEMPATH\CodeIgniter.php(932): App\Controllers\ManagepayrollController->fetchmanagepayroll()
 3 SYSTEMPATH\CodeIgniter.php(497): CodeIgniter\CodeIgniter->runController(Object(App\Controllers\ManagepayrollController))
 4 SYSTEMPATH\CodeIgniter.php(366): CodeIgniter\CodeIgniter->handleRequest(null, Object(Config\Cache), false)
 5 FCPATH\index.php(67): CodeIgniter\CodeIgniter->run()
CRITICAL - 2023-11-23 19:09:17 --> SQLSTATE[42000]: Syntax error or access violation: 1064 You have an error in your SQL syntax; check the manual that corresponds to your MariaDB server version for the right syntax to use near ') ORDER BY payroll_table.payroll_id DESC LIMIT 0, 10' at line 3
in APPPATH\Controllers\ManagepayrollController.php on line 95.
 1 APPPATH\Controllers\ManagepayrollController.php(95): PDOStatement->execute()
 2 SYSTEMPATH\CodeIgniter.php(932): App\Controllers\ManagepayrollController->fetchmanagepayroll()
 3 SYSTEMPATH\CodeIgniter.php(497): CodeIgniter\CodeIgniter->runController(Object(App\Controllers\ManagepayrollController))
 4 SYSTEMPATH\CodeIgniter.php(366): CodeIgniter\CodeIgniter->handleRequest(null, Object(Config\Cache), false)
 5 FCPATH\index.php(67): CodeIgniter\CodeIgniter->run()
CRITICAL - 2023-11-23 19:10:59 --> SQLSTATE[42000]: Syntax error or access violation: 1064 You have an error in your SQL syntax; check the manual that corresponds to your MariaDB server version for the right syntax to use near ') ORDER BY payroll_table.payroll_id DESC LIMIT 0, 10' at line 3
in APPPATH\Controllers\ManagepayrollController.php on line 95.
 1 APPPATH\Controllers\ManagepayrollController.php(95): PDOStatement->execute()
 2 SYSTEMPATH\CodeIgniter.php(932): App\Controllers\ManagepayrollController->fetchmanagepayroll()
 3 SYSTEMPATH\CodeIgniter.php(497): CodeIgniter\CodeIgniter->runController(Object(App\Controllers\ManagepayrollController))
 4 SYSTEMPATH\CodeIgniter.php(366): CodeIgniter\CodeIgniter->handleRequest(null, Object(Config\Cache), false)
 5 FCPATH\index.php(67): CodeIgniter\CodeIgniter->run()
CRITICAL - 2023-11-23 19:11:17 --> SQLSTATE[42000]: Syntax error or access violation: 1064 You have an error in your SQL syntax; check the manual that corresponds to your MariaDB server version for the right syntax to use near ') ORDER BY payroll_table.payroll_id DESC LIMIT 0, 10' at line 3
in APPPATH\Controllers\ManagepayrollController.php on line 95.
 1 APPPATH\Controllers\ManagepayrollController.php(95): PDOStatement->execute()
 2 SYSTEMPATH\CodeIgniter.php(932): App\Controllers\ManagepayrollController->fetchmanagepayroll()
 3 SYSTEMPATH\CodeIgniter.php(497): CodeIgniter\CodeIgniter->runController(Object(App\Controllers\ManagepayrollController))
 4 SYSTEMPATH\CodeIgniter.php(366): CodeIgniter\CodeIgniter->handleRequest(null, Object(Config\Cache), false)
 5 FCPATH\index.php(67): CodeIgniter\CodeIgniter->run()
CRITICAL - 2023-11-23 19:13:03 --> SQLSTATE[42000]: Syntax error or access violation: 1064 You have an error in your SQL syntax; check the manual that corresponds to your MariaDB server version for the right syntax to use near ') ORDER BY payroll_table.payroll_id DESC LIMIT 0, 10' at line 3
in APPPATH\Controllers\ManagepayrollController.php on line 95.
 1 APPPATH\Controllers\ManagepayrollController.php(95): PDOStatement->execute()
 2 SYSTEMPATH\CodeIgniter.php(932): App\Controllers\ManagepayrollController->fetchmanagepayroll()
 3 SYSTEMPATH\CodeIgniter.php(497): CodeIgniter\CodeIgniter->runController(Object(App\Controllers\ManagepayrollController))
 4 SYSTEMPATH\CodeIgniter.php(366): CodeIgniter\CodeIgniter->handleRequest(null, Object(Config\Cache), false)
 5 FCPATH\index.php(67): CodeIgniter\CodeIgniter->run()
CRITICAL - 2023-11-23 19:14:22 --> SQLSTATE[42000]: Syntax error or access violation: 1064 You have an error in your SQL syntax; check the manual that corresponds to your MariaDB server version for the right syntax to use near ') ORDER BY payroll_table.payroll_id DESC LIMIT 0, 10' at line 3
in APPPATH\Controllers\ManagepayrollController.php on line 95.
 1 APPPATH\Controllers\ManagepayrollController.php(95): PDOStatement->execute()
 2 SYSTEMPATH\CodeIgniter.php(932): App\Controllers\ManagepayrollController->fetchmanagepayroll()
 3 SYSTEMPATH\CodeIgniter.php(497): CodeIgniter\CodeIgniter->runController(Object(App\Controllers\ManagepayrollController))
 4 SYSTEMPATH\CodeIgniter.php(366): CodeIgniter\CodeIgniter->handleRequest(null, Object(Config\Cache), false)
 5 FCPATH\index.php(67): CodeIgniter\CodeIgniter->run()
CRITICAL - 2023-11-23 19:16:33 --> SQLSTATE[42000]: Syntax error or access violation: 1064 You have an error in your SQL syntax; check the manual that corresponds to your MariaDB server version for the right syntax to use near ') OR payroll_table.net_pay LIKE "%%") ORDER BY payroll_table.payroll_id DESC ...' at line 3
in APPPATH\Controllers\ManagepayrollController.php on line 54.
 1 APPPATH\Controllers\ManagepayrollController.php(54): PDOStatement->execute()
 2 SYSTEMPATH\CodeIgniter.php(932): App\Controllers\ManagepayrollController->fetchmanagepayroll()
 3 SYSTEMPATH\CodeIgniter.php(497): CodeIgniter\CodeIgniter->runController(Object(App\Controllers\ManagepayrollController))
 4 SYSTEMPATH\CodeIgniter.php(366): CodeIgniter\CodeIgniter->handleRequest(null, Object(Config\Cache), false)
 5 FCPATH\index.php(67): CodeIgniter\CodeIgniter->run()
CRITICAL - 2023-11-23 19:16:38 --> SQLSTATE[42000]: Syntax error or access violation: 1064 You have an error in your SQL syntax; check the manual that corresponds to your MariaDB server version for the right syntax to use near ') OR payroll_table.net_pay LIKE "%%") ORDER BY payroll_table.payroll_id DESC ...' at line 3
in APPPATH\Controllers\ManagepayrollController.php on line 54.
 1 APPPATH\Controllers\ManagepayrollController.php(54): PDOStatement->execute()
 2 SYSTEMPATH\CodeIgniter.php(932): App\Controllers\ManagepayrollController->fetchmanagepayroll()
 3 SYSTEMPATH\CodeIgniter.php(497): CodeIgniter\CodeIgniter->runController(Object(App\Controllers\ManagepayrollController))
 4 SYSTEMPATH\CodeIgniter.php(366): CodeIgniter\CodeIgniter->handleRequest(null, Object(Config\Cache), false)
 5 FCPATH\index.php(67): CodeIgniter\CodeIgniter->run()
CRITICAL - 2023-11-23 19:16:44 --> SQLSTATE[42000]: Syntax error or access violation: 1064 You have an error in your SQL syntax; check the manual that corresponds to your MariaDB server version for the right syntax to use near ') OR payroll_table.net_pay LIKE "%%") ORDER BY payroll_table.payroll_id DESC ...' at line 3
in APPPATH\Controllers\ManagepayrollController.php on line 54.
 1 APPPATH\Controllers\ManagepayrollController.php(54): PDOStatement->execute()
 2 SYSTEMPATH\CodeIgniter.php(932): App\Controllers\ManagepayrollController->fetchmanagepayroll()
 3 SYSTEMPATH\CodeIgniter.php(497): CodeIgniter\CodeIgniter->runController(Object(App\Controllers\ManagepayrollController))
 4 SYSTEMPATH\CodeIgniter.php(366): CodeIgniter\CodeIgniter->handleRequest(null, Object(Config\Cache), false)
 5 FCPATH\index.php(67): CodeIgniter\CodeIgniter->run()
CRITICAL - 2023-11-23 19:18:26 --> SQLSTATE[42000]: Syntax error or access violation: 1064 You have an error in your SQL syntax; check the manual that corresponds to your MariaDB server version for the right syntax to use near ') ORDER BY payroll_table.payroll_id DESC LIMIT 0, 10' at line 3
in APPPATH\Controllers\ManagepayrollController.php on line 53.
 1 APPPATH\Controllers\ManagepayrollController.php(53): PDOStatement->execute()
 2 SYSTEMPATH\CodeIgniter.php(932): App\Controllers\ManagepayrollController->fetchmanagepayroll()
 3 SYSTEMPATH\CodeIgniter.php(497): CodeIgniter\CodeIgniter->runController(Object(App\Controllers\ManagepayrollController))
 4 SYSTEMPATH\CodeIgniter.php(366): CodeIgniter\CodeIgniter->handleRequest(null, Object(Config\Cache), false)
 5 FCPATH\index.php(67): CodeIgniter\CodeIgniter->run()
CRITICAL - 2023-11-23 19:30:21 --> Undefined array key "employee_id"
in APPPATH\Controllers\ManagepayrollController.php on line 137.
 1 APPPATH\Controllers\ManagepayrollController.php(137): CodeIgniter\Debug\Exceptions->errorHandler(2, 'Undefined array key "employee_id"', 'C:\\xampp\\htdocs\\ci4\\HR-MS\\app\\Controllers\\ManagepayrollController.php', 137)
 2 SYSTEMPATH\CodeIgniter.php(932): App\Controllers\ManagepayrollController->fetchmanagepayroll()
 3 SYSTEMPATH\CodeIgniter.php(497): CodeIgniter\CodeIgniter->runController(Object(App\Controllers\ManagepayrollController))
 4 SYSTEMPATH\CodeIgniter.php(366): CodeIgniter\CodeIgniter->handleRequest(null, Object(Config\Cache), false)
 5 FCPATH\index.php(67): CodeIgniter\CodeIgniter->run()
CRITICAL - 2023-11-23 19:31:10 --> Undefined array key "payroll_table.employee_id"
in APPPATH\Controllers\ManagepayrollController.php on line 137.
 1 APPPATH\Controllers\ManagepayrollController.php(137): CodeIgniter\Debug\Exceptions->errorHandler(2, 'Undefined array key "payroll_table.employee_id"', 'C:\\xampp\\htdocs\\ci4\\HR-MS\\app\\Controllers\\ManagepayrollController.php', 137)
 2 SYSTEMPATH\CodeIgniter.php(932): App\Controllers\ManagepayrollController->fetchmanagepayroll()
 3 SYSTEMPATH\CodeIgniter.php(497): CodeIgniter\CodeIgniter->runController(Object(App\Controllers\ManagepayrollController))
 4 SYSTEMPATH\CodeIgniter.php(366): CodeIgniter\CodeIgniter->handleRequest(null, Object(Config\Cache), false)
 5 FCPATH\index.php(67): CodeIgniter\CodeIgniter->run()
CRITICAL - 2023-11-23 19:31:52 --> Undefined array key "payroll_table.payroll_id"
in APPPATH\Controllers\ManagepayrollController.php on line 137.
 1 APPPATH\Controllers\ManagepayrollController.php(137): CodeIgniter\Debug\Exceptions->errorHandler(2, 'Undefined array key "payroll_table.payroll_id"', 'C:\\xampp\\htdocs\\ci4\\HR-MS\\app\\Controllers\\ManagepayrollController.php', 137)
 2 SYSTEMPATH\CodeIgniter.php(932): App\Controllers\ManagepayrollController->fetchmanagepayroll()
 3 SYSTEMPATH\CodeIgniter.php(497): CodeIgniter\CodeIgniter->runController(Object(App\Controllers\ManagepayrollController))
 4 SYSTEMPATH\CodeIgniter.php(366): CodeIgniter\CodeIgniter->handleRequest(null, Object(Config\Cache), false)
 5 FCPATH\index.php(67): CodeIgniter\CodeIgniter->run()
CRITICAL - 2023-11-23 19:32:29 --> Undefined array key "payroll_id"
in APPPATH\Controllers\ManagepayrollController.php on line 137.
 1 APPPATH\Controllers\ManagepayrollController.php(137): CodeIgniter\Debug\Exceptions->errorHandler(2, 'Undefined array key "payroll_id"', 'C:\\xampp\\htdocs\\ci4\\HR-MS\\app\\Controllers\\ManagepayrollController.php', 137)
 2 SYSTEMPATH\CodeIgniter.php(932): App\Controllers\ManagepayrollController->fetchmanagepayroll()
 3 SYSTEMPATH\CodeIgniter.php(497): CodeIgniter\CodeIgniter->runController(Object(App\Controllers\ManagepayrollController))
 4 SYSTEMPATH\CodeIgniter.php(366): CodeIgniter\CodeIgniter->handleRequest(null, Object(Config\Cache), false)
 5 FCPATH\index.php(67): CodeIgniter\CodeIgniter->run()
CRITICAL - 2023-11-23 19:34:01 --> Undefined array key "payroll_id"
in APPPATH\Controllers\ManagepayrollController.php on line 137.
 1 APPPATH\Controllers\ManagepayrollController.php(137): CodeIgniter\Debug\Exceptions->errorHandler(2, 'Undefined array key "payroll_id"', 'C:\\xampp\\htdocs\\ci4\\HR-MS\\app\\Controllers\\ManagepayrollController.php', 137)
 2 SYSTEMPATH\CodeIgniter.php(932): App\Controllers\ManagepayrollController->fetchmanagepayroll()
 3 SYSTEMPATH\CodeIgniter.php(497): CodeIgniter\CodeIgniter->runController(Object(App\Controllers\ManagepayrollController))
 4 SYSTEMPATH\CodeIgniter.php(366): CodeIgniter\CodeIgniter->handleRequest(null, Object(Config\Cache), false)
 5 FCPATH\index.php(67): CodeIgniter\CodeIgniter->run()
CRITICAL - 2023-11-23 19:34:50 --> Undefined array key "payroll_table.payroll_id"
in APPPATH\Controllers\ManagepayrollController.php on line 137.
 1 APPPATH\Controllers\ManagepayrollController.php(137): CodeIgniter\Debug\Exceptions->errorHandler(2, 'Undefined array key "payroll_table.payroll_id"', 'C:\\xampp\\htdocs\\ci4\\HR-MS\\app\\Controllers\\ManagepayrollController.php', 137)
 2 SYSTEMPATH\CodeIgniter.php(932): App\Controllers\ManagepayrollController->fetchmanagepayroll()
 3 SYSTEMPATH\CodeIgniter.php(497): CodeIgniter\CodeIgniter->runController(Object(App\Controllers\ManagepayrollController))
 4 SYSTEMPATH\CodeIgniter.php(366): CodeIgniter\CodeIgniter->handleRequest(null, Object(Config\Cache), false)
 5 FCPATH\index.php(67): CodeIgniter\CodeIgniter->run()
CRITICAL - 2023-11-23 19:35:30 --> Undefined array key "id"
in APPPATH\Controllers\ManagepayrollController.php on line 137.
 1 APPPATH\Controllers\ManagepayrollController.php(137): CodeIgniter\Debug\Exceptions->errorHandler(2, 'Undefined array key "id"', 'C:\\xampp\\htdocs\\ci4\\HR-MS\\app\\Controllers\\ManagepayrollController.php', 137)
 2 SYSTEMPATH\CodeIgniter.php(932): App\Controllers\ManagepayrollController->fetchmanagepayroll()
 3 SYSTEMPATH\CodeIgniter.php(497): CodeIgniter\CodeIgniter->runController(Object(App\Controllers\ManagepayrollController))
 4 SYSTEMPATH\CodeIgniter.php(366): CodeIgniter\CodeIgniter->handleRequest(null, Object(Config\Cache), false)
 5 FCPATH\index.php(67): CodeIgniter\CodeIgniter->run()
CRITICAL - 2023-11-23 19:36:34 --> Undefined array key "payroll_id"
in APPPATH\Controllers\ManagepayrollController.php on line 137.
 1 APPPATH\Controllers\ManagepayrollController.php(137): CodeIgniter\Debug\Exceptions->errorHandler(2, 'Undefined array key "payroll_id"', 'C:\\xampp\\htdocs\\ci4\\HR-MS\\app\\Controllers\\ManagepayrollController.php', 137)
 2 SYSTEMPATH\CodeIgniter.php(932): App\Controllers\ManagepayrollController->fetchmanagepayroll()
 3 SYSTEMPATH\CodeIgniter.php(497): CodeIgniter\CodeIgniter->runController(Object(App\Controllers\ManagepayrollController))
 4 SYSTEMPATH\CodeIgniter.php(366): CodeIgniter\CodeIgniter->handleRequest(null, Object(Config\Cache), false)
 5 FCPATH\index.php(67): CodeIgniter\CodeIgniter->run()
CRITICAL - 2023-11-23 19:47:52 --> syntax error, unexpected variable "$data"
in APPPATH\Controllers\ManagepayrollController.php on line 68.
 1 SYSTEMPATH\Autoloader\Autoloader.php(291): CodeIgniter\Autoloader\Autoloader->includeFile('C:\\xampp\\htdocs\\ci4\\HR-MS\\app\\Controllers\\ManagepayrollController.php')
 2 SYSTEMPATH\Autoloader\Autoloader.php(269): CodeIgniter\Autoloader\Autoloader->loadInNamespace('App\\Controllers\\ManagepayrollController')
 3 [internal function]: CodeIgniter\Autoloader\Autoloader->loadClass('App\\Controllers\\ManagepayrollController')
 4 SYSTEMPATH\CodeIgniter.php(890): class_exists('\\App\\Controllers\\ManagepayrollController', true)
 5 SYSTEMPATH\CodeIgniter.php(484): CodeIgniter\CodeIgniter->startController()
 6 SYSTEMPATH\CodeIgniter.php(366): CodeIgniter\CodeIgniter->handleRequest(null, Object(Config\Cache), false)
 7 FCPATH\index.php(67): CodeIgniter\CodeIgniter->run()
CRITICAL - 2023-11-23 19:48:06 --> syntax error, unexpected variable "$data"
in APPPATH\Controllers\ManagepayrollController.php on line 68.
 1 SYSTEMPATH\Autoloader\Autoloader.php(291): CodeIgniter\Autoloader\Autoloader->includeFile('C:\\xampp\\htdocs\\ci4\\HR-MS\\app\\Controllers\\ManagepayrollController.php')
 2 SYSTEMPATH\Autoloader\Autoloader.php(269): CodeIgniter\Autoloader\Autoloader->loadInNamespace('App\\Controllers\\ManagepayrollController')
 3 [internal function]: CodeIgniter\Autoloader\Autoloader->loadClass('App\\Controllers\\ManagepayrollController')
 4 SYSTEMPATH\CodeIgniter.php(890): class_exists('\\App\\Controllers\\ManagepayrollController', true)
 5 SYSTEMPATH\CodeIgniter.php(484): CodeIgniter\CodeIgniter->startController()
 6 SYSTEMPATH\CodeIgniter.php(366): CodeIgniter\CodeIgniter->handleRequest(null, Object(Config\Cache), false)
 7 FCPATH\index.php(67): CodeIgniter\CodeIgniter->run()
CRITICAL - 2023-11-23 19:48:19 --> syntax error, unexpected variable "$data"
in APPPATH\Controllers\ManagepayrollController.php on line 68.
 1 SYSTEMPATH\Autoloader\Autoloader.php(291): CodeIgniter\Autoloader\Autoloader->includeFile('C:\\xampp\\htdocs\\ci4\\HR-MS\\app\\Controllers\\ManagepayrollController.php')
 2 SYSTEMPATH\Autoloader\Autoloader.php(269): CodeIgniter\Autoloader\Autoloader->loadInNamespace('App\\Controllers\\ManagepayrollController')
 3 [internal function]: CodeIgniter\Autoloader\Autoloader->loadClass('App\\Controllers\\ManagepayrollController')
 4 SYSTEMPATH\CodeIgniter.php(890): class_exists('\\App\\Controllers\\ManagepayrollController', true)
 5 SYSTEMPATH\CodeIgniter.php(484): CodeIgniter\CodeIgniter->startController()
 6 SYSTEMPATH\CodeIgniter.php(366): CodeIgniter\CodeIgniter->handleRequest(null, Object(Config\Cache), false)
 7 FCPATH\index.php(67): CodeIgniter\CodeIgniter->run()
CRITICAL - 2023-11-23 19:48:28 --> syntax error, unexpected variable "$data"
in APPPATH\Controllers\ManagepayrollController.php on line 68.
 1 SYSTEMPATH\Autoloader\Autoloader.php(291): CodeIgniter\Autoloader\Autoloader->includeFile('C:\\xampp\\htdocs\\ci4\\HR-MS\\app\\Controllers\\ManagepayrollController.php')
 2 SYSTEMPATH\Autoloader\Autoloader.php(269): CodeIgniter\Autoloader\Autoloader->loadInNamespace('App\\Controllers\\ManagepayrollController')
 3 [internal function]: CodeIgniter\Autoloader\Autoloader->loadClass('App\\Controllers\\ManagepayrollController')
 4 SYSTEMPATH\CodeIgniter.php(890): class_exists('\\App\\Controllers\\ManagepayrollController', true)
 5 SYSTEMPATH\CodeIgniter.php(484): CodeIgniter\CodeIgniter->startController()
 6 SYSTEMPATH\CodeIgniter.php(366): CodeIgniter\CodeIgniter->handleRequest(null, Object(Config\Cache), false)
 7 FCPATH\index.php(67): CodeIgniter\CodeIgniter->run()
CRITICAL - 2023-11-23 19:49:10 --> syntax error, unexpected token "<"
in APPPATH\Controllers\ManagepayrollController.php on line 66.
 1 SYSTEMPATH\Autoloader\Autoloader.php(291): CodeIgniter\Autoloader\Autoloader->includeFile('C:\\xampp\\htdocs\\ci4\\HR-MS\\app\\Controllers\\ManagepayrollController.php')
 2 SYSTEMPATH\Autoloader\Autoloader.php(269): CodeIgniter\Autoloader\Autoloader->loadInNamespace('App\\Controllers\\ManagepayrollController')
 3 [internal function]: CodeIgniter\Autoloader\Autoloader->loadClass('App\\Controllers\\ManagepayrollController')
 4 SYSTEMPATH\CodeIgniter.php(890): class_exists('\\App\\Controllers\\ManagepayrollController', true)
 5 SYSTEMPATH\CodeIgniter.php(484): CodeIgniter\CodeIgniter->startController()
 6 SYSTEMPATH\CodeIgniter.php(366): CodeIgniter\CodeIgniter->handleRequest(null, Object(Config\Cache), false)
 7 FCPATH\index.php(67): CodeIgniter\CodeIgniter->run()
CRITICAL - 2023-11-23 19:52:40 --> Undefined array key "payroll_id"
in APPPATH\Controllers\ManagepayrollController.php on line 110.
 1 APPPATH\Controllers\ManagepayrollController.php(110): CodeIgniter\Debug\Exceptions->errorHandler(2, 'Undefined array key "payroll_id"', 'C:\\xampp\\htdocs\\ci4\\HR-MS\\app\\Controllers\\ManagepayrollController.php', 110)
 2 SYSTEMPATH\CodeIgniter.php(932): App\Controllers\ManagepayrollController->fetchmanagepayroll()
 3 SYSTEMPATH\CodeIgniter.php(497): CodeIgniter\CodeIgniter->runController(Object(App\Controllers\ManagepayrollController))
 4 SYSTEMPATH\CodeIgniter.php(366): CodeIgniter\CodeIgniter->handleRequest(null, Object(Config\Cache), false)
 5 FCPATH\index.php(67): CodeIgniter\CodeIgniter->run()
CRITICAL - 2023-11-23 19:53:07 --> Undefined array key "payroll_id"
in APPPATH\Controllers\ManagepayrollController.php on line 110.
 1 APPPATH\Controllers\ManagepayrollController.php(110): CodeIgniter\Debug\Exceptions->errorHandler(2, 'Undefined array key "payroll_id"', 'C:\\xampp\\htdocs\\ci4\\HR-MS\\app\\Controllers\\ManagepayrollController.php', 110)
 2 SYSTEMPATH\CodeIgniter.php(932): App\Controllers\ManagepayrollController->fetchmanagepayroll()
 3 SYSTEMPATH\CodeIgniter.php(497): CodeIgniter\CodeIgniter->runController(Object(App\Controllers\ManagepayrollController))
 4 SYSTEMPATH\CodeIgniter.php(366): CodeIgniter\CodeIgniter->handleRequest(null, Object(Config\Cache), false)
 5 FCPATH\index.php(67): CodeIgniter\CodeIgniter->run()
CRITICAL - 2023-11-23 19:53:25 --> Undefined array key "payroll_id"
in APPPATH\Controllers\ManagepayrollController.php on line 110.
 1 APPPATH\Controllers\ManagepayrollController.php(110): CodeIgniter\Debug\Exceptions->errorHandler(2, 'Undefined array key "payroll_id"', 'C:\\xampp\\htdocs\\ci4\\HR-MS\\app\\Controllers\\ManagepayrollController.php', 110)
 2 SYSTEMPATH\CodeIgniter.php(932): App\Controllers\ManagepayrollController->fetchmanagepayroll()
 3 SYSTEMPATH\CodeIgniter.php(497): CodeIgniter\CodeIgniter->runController(Object(App\Controllers\ManagepayrollController))
 4 SYSTEMPATH\CodeIgniter.php(366): CodeIgniter\CodeIgniter->handleRequest(null, Object(Config\Cache), false)
 5 FCPATH\index.php(67): CodeIgniter\CodeIgniter->run()
CRITICAL - 2023-11-23 19:53:29 --> Undefined array key "payroll_id"
in APPPATH\Controllers\ManagepayrollController.php on line 110.
 1 APPPATH\Controllers\ManagepayrollController.php(110): CodeIgniter\Debug\Exceptions->errorHandler(2, 'Undefined array key "payroll_id"', 'C:\\xampp\\htdocs\\ci4\\HR-MS\\app\\Controllers\\ManagepayrollController.php', 110)
 2 SYSTEMPATH\CodeIgniter.php(932): App\Controllers\ManagepayrollController->fetchmanagepayroll()
 3 SYSTEMPATH\CodeIgniter.php(497): CodeIgniter\CodeIgniter->runController(Object(App\Controllers\ManagepayrollController))
 4 SYSTEMPATH\CodeIgniter.php(366): CodeIgniter\CodeIgniter->handleRequest(null, Object(Config\Cache), false)
 5 FCPATH\index.php(67): CodeIgniter\CodeIgniter->run()
CRITICAL - 2023-11-23 20:00:54 --> Undefined array key "payroll_id"
in APPPATH\Controllers\ManagepayrollController.php on line 141.
 1 APPPATH\Controllers\ManagepayrollController.php(141): CodeIgniter\Debug\Exceptions->errorHandler(2, 'Undefined array key "payroll_id"', 'C:\\xampp\\htdocs\\ci4\\HR-MS\\app\\Controllers\\ManagepayrollController.php', 141)
 2 SYSTEMPATH\CodeIgniter.php(932): App\Controllers\ManagepayrollController->fetchmanagepayroll()
 3 SYSTEMPATH\CodeIgniter.php(497): CodeIgniter\CodeIgniter->runController(Object(App\Controllers\ManagepayrollController))
 4 SYSTEMPATH\CodeIgniter.php(366): CodeIgniter\CodeIgniter->handleRequest(null, Object(Config\Cache), false)
 5 FCPATH\index.php(67): CodeIgniter\CodeIgniter->run()
CRITICAL - 2023-11-23 20:01:03 --> Undefined array key "payroll_id"
in APPPATH\Controllers\ManagepayrollController.php on line 141.
 1 APPPATH\Controllers\ManagepayrollController.php(141): CodeIgniter\Debug\Exceptions->errorHandler(2, 'Undefined array key "payroll_id"', 'C:\\xampp\\htdocs\\ci4\\HR-MS\\app\\Controllers\\ManagepayrollController.php', 141)
 2 SYSTEMPATH\CodeIgniter.php(932): App\Controllers\ManagepayrollController->fetchmanagepayroll()
 3 SYSTEMPATH\CodeIgniter.php(497): CodeIgniter\CodeIgniter->runController(Object(App\Controllers\ManagepayrollController))
 4 SYSTEMPATH\CodeIgniter.php(366): CodeIgniter\CodeIgniter->handleRequest(null, Object(Config\Cache), false)
 5 FCPATH\index.php(67): CodeIgniter\CodeIgniter->run()
CRITICAL - 2023-11-23 20:01:40 --> Undefined array key "payroll_table.payroll_id"
in APPPATH\Controllers\ManagepayrollController.php on line 141.
 1 APPPATH\Controllers\ManagepayrollController.php(141): CodeIgniter\Debug\Exceptions->errorHandler(2, 'Undefined array key "payroll_table.payroll_id"', 'C:\\xampp\\htdocs\\ci4\\HR-MS\\app\\Controllers\\ManagepayrollController.php', 141)
 2 SYSTEMPATH\CodeIgniter.php(932): App\Controllers\ManagepayrollController->fetchmanagepayroll()
 3 SYSTEMPATH\CodeIgniter.php(497): CodeIgniter\CodeIgniter->runController(Object(App\Controllers\ManagepayrollController))
 4 SYSTEMPATH\CodeIgniter.php(366): CodeIgniter\CodeIgniter->handleRequest(null, Object(Config\Cache), false)
 5 FCPATH\index.php(67): CodeIgniter\CodeIgniter->run()
CRITICAL - 2023-11-23 20:06:19 --> Undefined array key "payroll_table.net_pay"
in APPPATH\Controllers\ManagepayrollController.php on line 129.
 1 APPPATH\Controllers\ManagepayrollController.php(129): CodeIgniter\Debug\Exceptions->errorHandler(2, 'Undefined array key "payroll_table.net_pay"', 'C:\\xampp\\htdocs\\ci4\\HR-MS\\app\\Controllers\\ManagepayrollController.php', 129)
 2 SYSTEMPATH\CodeIgniter.php(932): App\Controllers\ManagepayrollController->fetchmanagepayroll()
 3 SYSTEMPATH\CodeIgniter.php(497): CodeIgniter\CodeIgniter->runController(Object(App\Controllers\ManagepayrollController))
 4 SYSTEMPATH\CodeIgniter.php(366): CodeIgniter\CodeIgniter->handleRequest(null, Object(Config\Cache), false)
 5 FCPATH\index.php(67): CodeIgniter\CodeIgniter->run()
CRITICAL - 2023-11-23 20:06:40 --> Undefined array key "payroll_table.net_pay"
in APPPATH\Controllers\ManagepayrollController.php on line 129.
 1 APPPATH\Controllers\ManagepayrollController.php(129): CodeIgniter\Debug\Exceptions->errorHandler(2, 'Undefined array key "payroll_table.net_pay"', 'C:\\xampp\\htdocs\\ci4\\HR-MS\\app\\Controllers\\ManagepayrollController.php', 129)
 2 SYSTEMPATH\CodeIgniter.php(932): App\Controllers\ManagepayrollController->fetchmanagepayroll()
 3 SYSTEMPATH\CodeIgniter.php(497): CodeIgniter\CodeIgniter->runController(Object(App\Controllers\ManagepayrollController))
 4 SYSTEMPATH\CodeIgniter.php(366): CodeIgniter\CodeIgniter->handleRequest(null, Object(Config\Cache), false)
 5 FCPATH\index.php(67): CodeIgniter\CodeIgniter->run()
CRITICAL - 2023-11-23 20:07:27 --> Undefined array key "payroll_id"
in APPPATH\Controllers\ManagepayrollController.php on line 129.
 1 APPPATH\Controllers\ManagepayrollController.php(129): CodeIgniter\Debug\Exceptions->errorHandler(2, 'Undefined array key "payroll_id"', 'C:\\xampp\\htdocs\\ci4\\HR-MS\\app\\Controllers\\ManagepayrollController.php', 129)
 2 SYSTEMPATH\CodeIgniter.php(932): App\Controllers\ManagepayrollController->fetchmanagepayroll()
 3 SYSTEMPATH\CodeIgniter.php(497): CodeIgniter\CodeIgniter->runController(Object(App\Controllers\ManagepayrollController))
 4 SYSTEMPATH\CodeIgniter.php(366): CodeIgniter\CodeIgniter->handleRequest(null, Object(Config\Cache), false)
 5 FCPATH\index.php(67): CodeIgniter\CodeIgniter->run()
CRITICAL - 2023-11-23 20:08:06 --> SQLSTATE[42000]: Syntax error or access violation: 1064 You have an error in your SQL syntax; check the manual that corresponds to your MariaDB server version for the right syntax to use near 'FROM payroll_table 
            INNER JOIN employee_table ON payroll_table.em...' at line 2
in APPPATH\Controllers\ManagepayrollController.php on line 122.
 1 APPPATH\Controllers\ManagepayrollController.php(122): PDOStatement->execute()
 2 SYSTEMPATH\CodeIgniter.php(932): App\Controllers\ManagepayrollController->fetchmanagepayroll()
 3 SYSTEMPATH\CodeIgniter.php(497): CodeIgniter\CodeIgniter->runController(Object(App\Controllers\ManagepayrollController))
 4 SYSTEMPATH\CodeIgniter.php(366): CodeIgniter\CodeIgniter->handleRequest(null, Object(Config\Cache), false)
 5 FCPATH\index.php(67): CodeIgniter\CodeIgniter->run()
CRITICAL - 2023-11-23 20:09:02 --> SQLSTATE[42000]: Syntax error or access violation: 1064 You have an error in your SQL syntax; check the manual that corresponds to your MariaDB server version for the right syntax to use near 'FROM payroll_table 
            INNER JOIN employee_table ON payroll_table.em...' at line 2
in APPPATH\Controllers\ManagepayrollController.php on line 122.
 1 APPPATH\Controllers\ManagepayrollController.php(122): PDOStatement->execute()
 2 SYSTEMPATH\CodeIgniter.php(932): App\Controllers\ManagepayrollController->fetchmanagepayroll()
 3 SYSTEMPATH\CodeIgniter.php(497): CodeIgniter\CodeIgniter->runController(Object(App\Controllers\ManagepayrollController))
 4 SYSTEMPATH\CodeIgniter.php(366): CodeIgniter\CodeIgniter->handleRequest(null, Object(Config\Cache), false)
 5 FCPATH\index.php(67): CodeIgniter\CodeIgniter->run()
CRITICAL - 2023-11-23 20:09:27 --> SQLSTATE[42000]: Syntax error or access violation: 1064 You have an error in your SQL syntax; check the manual that corresponds to your MariaDB server version for the right syntax to use near 'FROM payroll_table 
            INNER JOIN employee_table ON payroll_table.em...' at line 2
in APPPATH\Controllers\ManagepayrollController.php on line 122.
 1 APPPATH\Controllers\ManagepayrollController.php(122): PDOStatement->execute()
 2 SYSTEMPATH\CodeIgniter.php(932): App\Controllers\ManagepayrollController->fetchmanagepayroll()
 3 SYSTEMPATH\CodeIgniter.php(497): CodeIgniter\CodeIgniter->runController(Object(App\Controllers\ManagepayrollController))
 4 SYSTEMPATH\CodeIgniter.php(366): CodeIgniter\CodeIgniter->handleRequest(null, Object(Config\Cache), false)
 5 FCPATH\index.php(67): CodeIgniter\CodeIgniter->run()
CRITICAL - 2023-11-23 20:10:07 --> SQLSTATE[42000]: Syntax error or access violation: 1064 You have an error in your SQL syntax; check the manual that corresponds to your MariaDB server version for the right syntax to use near 'FROM payroll_table 
            INNER JOIN employee_table ON payroll_table.em...' at line 2
in APPPATH\Controllers\ManagepayrollController.php on line 122.
 1 APPPATH\Controllers\ManagepayrollController.php(122): PDOStatement->execute()
 2 SYSTEMPATH\CodeIgniter.php(932): App\Controllers\ManagepayrollController->fetchmanagepayroll()
 3 SYSTEMPATH\CodeIgniter.php(497): CodeIgniter\CodeIgniter->runController(Object(App\Controllers\ManagepayrollController))
 4 SYSTEMPATH\CodeIgniter.php(366): CodeIgniter\CodeIgniter->handleRequest(null, Object(Config\Cache), false)
 5 FCPATH\index.php(67): CodeIgniter\CodeIgniter->run()
CRITICAL - 2023-11-23 20:11:06 --> SQLSTATE[42000]: Syntax error or access violation: 1064 You have an error in your SQL syntax; check the manual that corresponds to your MariaDB server version for the right syntax to use near 'FROM payroll_table 
            INNER JOIN employee_table ON payroll_table.em...' at line 2
in APPPATH\Controllers\ManagepayrollController.php on line 122.
 1 APPPATH\Controllers\ManagepayrollController.php(122): PDOStatement->execute()
 2 SYSTEMPATH\CodeIgniter.php(932): App\Controllers\ManagepayrollController->fetchmanagepayroll()
 3 SYSTEMPATH\CodeIgniter.php(497): CodeIgniter\CodeIgniter->runController(Object(App\Controllers\ManagepayrollController))
 4 SYSTEMPATH\CodeIgniter.php(366): CodeIgniter\CodeIgniter->handleRequest(null, Object(Config\Cache), false)
 5 FCPATH\index.php(67): CodeIgniter\CodeIgniter->run()
CRITICAL - 2023-11-23 20:11:15 --> SQLSTATE[42000]: Syntax error or access violation: 1064 You have an error in your SQL syntax; check the manual that corresponds to your MariaDB server version for the right syntax to use near 'FROM payroll_table 
            INNER JOIN employee_table ON payroll_table.em...' at line 2
in APPPATH\Controllers\ManagepayrollController.php on line 122.
 1 APPPATH\Controllers\ManagepayrollController.php(122): PDOStatement->execute()
 2 SYSTEMPATH\CodeIgniter.php(932): App\Controllers\ManagepayrollController->fetchmanagepayroll()
 3 SYSTEMPATH\CodeIgniter.php(497): CodeIgniter\CodeIgniter->runController(Object(App\Controllers\ManagepayrollController))
 4 SYSTEMPATH\CodeIgniter.php(366): CodeIgniter\CodeIgniter->handleRequest(null, Object(Config\Cache), false)
 5 FCPATH\index.php(67): CodeIgniter\CodeIgniter->run()
CRITICAL - 2023-11-23 20:15:13 --> Undefined array key "payroll_id"
in APPPATH\Controllers\ManagepayrollController.php on line 73.
 1 APPPATH\Controllers\ManagepayrollController.php(73): CodeIgniter\Debug\Exceptions->errorHandler(2, 'Undefined array key "payroll_id"', 'C:\\xampp\\htdocs\\ci4\\HR-MS\\app\\Controllers\\ManagepayrollController.php', 73)
 2 SYSTEMPATH\CodeIgniter.php(932): App\Controllers\ManagepayrollController->fetchmanagepayroll()
 3 SYSTEMPATH\CodeIgniter.php(497): CodeIgniter\CodeIgniter->runController(Object(App\Controllers\ManagepayrollController))
 4 SYSTEMPATH\CodeIgniter.php(366): CodeIgniter\CodeIgniter->handleRequest(null, Object(Config\Cache), false)
 5 FCPATH\index.php(67): CodeIgniter\CodeIgniter->run()
CRITICAL - 2023-11-23 20:15:21 --> Undefined array key "payroll_id"
in APPPATH\Controllers\ManagepayrollController.php on line 73.
 1 APPPATH\Controllers\ManagepayrollController.php(73): CodeIgniter\Debug\Exceptions->errorHandler(2, 'Undefined array key "payroll_id"', 'C:\\xampp\\htdocs\\ci4\\HR-MS\\app\\Controllers\\ManagepayrollController.php', 73)
 2 SYSTEMPATH\CodeIgniter.php(932): App\Controllers\ManagepayrollController->fetchmanagepayroll()
 3 SYSTEMPATH\CodeIgniter.php(497): CodeIgniter\CodeIgniter->runController(Object(App\Controllers\ManagepayrollController))
 4 SYSTEMPATH\CodeIgniter.php(366): CodeIgniter\CodeIgniter->handleRequest(null, Object(Config\Cache), false)
 5 FCPATH\index.php(67): CodeIgniter\CodeIgniter->run()
