CRITICAL - 2024-01-11 20:02:42 --> Undefined array key "shift_id"
in APPPATH\Controllers\DeductionController.php on line 82.
 1 APPPATH\Controllers\DeductionController.php(82): CodeIgniter\Debug\Exceptions->errorHandler(2, 'Undefined array key "shift_id"', 'C:\\xampp\\htdocs\\ci4\\HR-MS2\\app\\Controllers\\DeductionController.php', 82)
 2 SYSTEMPATH\CodeIgniter.php(932): App\Controllers\DeductionController->fetchdeductions()
 3 SYSTEMPATH\CodeIgniter.php(497): CodeIgniter\CodeIgniter->runController(Object(App\Controllers\DeductionController))
 4 SYSTEMPATH\CodeIgniter.php(366): CodeIgniter\CodeIgniter->handleRequest(null, Object(Config\Cache), false)
 5 FCPATH\index.php(67): CodeIgniter\CodeIgniter->run()
CRITICAL - 2024-01-11 20:02:52 --> Undefined array key "shift_id"
in APPPATH\Controllers\DeductionController.php on line 82.
 1 APPPATH\Controllers\DeductionController.php(82): CodeIgniter\Debug\Exceptions->errorHandler(2, 'Undefined array key "shift_id"', 'C:\\xampp\\htdocs\\ci4\\HR-MS2\\app\\Controllers\\DeductionController.php', 82)
 2 SYSTEMPATH\CodeIgniter.php(932): App\Controllers\DeductionController->fetchdeductions()
 3 SYSTEMPATH\CodeIgniter.php(497): CodeIgniter\CodeIgniter->runController(Object(App\Controllers\DeductionController))
 4 SYSTEMPATH\CodeIgniter.php(366): CodeIgniter\CodeIgniter->handleRequest(null, Object(Config\Cache), false)
 5 FCPATH\index.php(67): CodeIgniter\CodeIgniter->run()
CRITICAL - 2024-01-11 21:00:53 --> Undefined array key "payment_id"
in APPPATH\Controllers\PaymentController.php on line 73.
 1 APPPATH\Controllers\PaymentController.php(73): CodeIgniter\Debug\Exceptions->errorHandler(2, 'Undefined array key "payment_id"', 'C:\\xampp\\htdocs\\ci4\\HR-MS2\\app\\Controllers\\PaymentController.php', 73)
 2 SYSTEMPATH\CodeIgniter.php(932): App\Controllers\PaymentController->fetchpayments()
 3 SYSTEMPATH\CodeIgniter.php(497): CodeIgniter\CodeIgniter->runController(Object(App\Controllers\PaymentController))
 4 SYSTEMPATH\CodeIgniter.php(366): CodeIgniter\CodeIgniter->handleRequest(null, Object(Config\Cache), false)
 5 FCPATH\index.php(67): CodeIgniter\CodeIgniter->run()
CRITICAL - 2024-01-11 21:02:56 --> Undefined array key "payment_id"
in APPPATH\Controllers\PaymentController.php on line 73.
 1 APPPATH\Controllers\PaymentController.php(73): CodeIgniter\Debug\Exceptions->errorHandler(2, 'Undefined array key "payment_id"', 'C:\\xampp\\htdocs\\ci4\\HR-MS2\\app\\Controllers\\PaymentController.php', 73)
 2 SYSTEMPATH\CodeIgniter.php(932): App\Controllers\PaymentController->fetchpayments()
 3 SYSTEMPATH\CodeIgniter.php(497): CodeIgniter\CodeIgniter->runController(Object(App\Controllers\PaymentController))
 4 SYSTEMPATH\CodeIgniter.php(366): CodeIgniter\CodeIgniter->handleRequest(null, Object(Config\Cache), false)
 5 FCPATH\index.php(67): CodeIgniter\CodeIgniter->run()
ERROR - 2024-01-11 21:05:06 --> mysqli_sql_exception: Unknown column 'payment_type' in 'field list' in C:\xampp\htdocs\ci4\HR-MS2\vendor\codeigniter4\framework\system\Database\MySQLi\Connection.php:295
Stack trace:
#0 C:\xampp\htdocs\ci4\HR-MS2\vendor\codeigniter4\framework\system\Database\MySQLi\Connection.php(295): mysqli->query('INSERT INTO `pa...', 0)
#1 C:\xampp\htdocs\ci4\HR-MS2\vendor\codeigniter4\framework\system\Database\BaseConnection.php(692): CodeIgniter\Database\MySQLi\Connection->execute('INSERT INTO `pa...')
#2 C:\xampp\htdocs\ci4\HR-MS2\vendor\codeigniter4\framework\system\Database\BaseConnection.php(606): CodeIgniter\Database\BaseConnection->simpleQuery('INSERT INTO `pa...')
#3 C:\xampp\htdocs\ci4\HR-MS2\vendor\codeigniter4\framework\system\Database\BaseBuilder.php(2309): CodeIgniter\Database\BaseConnection->query('INSERT INTO `pa...', Array, false)
#4 C:\xampp\htdocs\ci4\HR-MS2\vendor\codeigniter4\framework\system\Model.php(330): CodeIgniter\Database\BaseBuilder->insert()
#5 C:\xampp\htdocs\ci4\HR-MS2\vendor\codeigniter4\framework\system\BaseModel.php(782): CodeIgniter\Model->doInsert(Array)
#6 C:\xampp\htdocs\ci4\HR-MS2\vendor\codeigniter4\framework\system\Model.php(730): CodeIgniter\BaseModel->insert(Array, true)
#7 C:\xampp\htdocs\ci4\HR-MS2\app\Controllers\PaymentController.php(134): CodeIgniter\Model->insert(Array)
#8 C:\xampp\htdocs\ci4\HR-MS2\vendor\codeigniter4\framework\system\CodeIgniter.php(932): App\Controllers\PaymentController->addpayment()
#9 C:\xampp\htdocs\ci4\HR-MS2\vendor\codeigniter4\framework\system\CodeIgniter.php(497): CodeIgniter\CodeIgniter->runController(Object(App\Controllers\PaymentController))
#10 C:\xampp\htdocs\ci4\HR-MS2\vendor\codeigniter4\framework\system\CodeIgniter.php(366): CodeIgniter\CodeIgniter->handleRequest(NULL, Object(Config\Cache), false)
#11 C:\xampp\htdocs\ci4\HR-MS2\index.php(67): CodeIgniter\CodeIgniter->run()
#12 {main}
CRITICAL - 2024-01-11 21:05:06 --> Unknown column 'payment_type' in 'field list'
in SYSTEMPATH\Database\MySQLi\Connection.php on line 295.
 1 SYSTEMPATH\Database\MySQLi\Connection.php(295): mysqli->query('INSERT INTO `payement_table` (`payment_type`) VALUES (\'Loan\')', 0)
 2 SYSTEMPATH\Database\BaseConnection.php(692): CodeIgniter\Database\MySQLi\Connection->execute('INSERT INTO `payement_table` (`payment_type`) VALUES (\'Loan\')')
 3 SYSTEMPATH\Database\BaseConnection.php(606): CodeIgniter\Database\BaseConnection->simpleQuery('INSERT INTO `payement_table` (`payment_type`) VALUES (\'Loan\')')
 4 SYSTEMPATH\Database\BaseBuilder.php(2309): CodeIgniter\Database\BaseConnection->query('INSERT INTO `payement_table` (`payment_type`) VALUES (:payment_type:)', [...], false)
 5 SYSTEMPATH\Model.php(330): CodeIgniter\Database\BaseBuilder->insert()
 6 SYSTEMPATH\BaseModel.php(782): CodeIgniter\Model->doInsert([...])
 7 SYSTEMPATH\Model.php(730): CodeIgniter\BaseModel->insert([...], true)
 8 APPPATH\Controllers\PaymentController.php(134): CodeIgniter\Model->insert([...])
 9 SYSTEMPATH\CodeIgniter.php(932): App\Controllers\PaymentController->addpayment()
10 SYSTEMPATH\CodeIgniter.php(497): CodeIgniter\CodeIgniter->runController(Object(App\Controllers\PaymentController))
11 SYSTEMPATH\CodeIgniter.php(366): CodeIgniter\CodeIgniter->handleRequest(null, Object(Config\Cache), false)
12 FCPATH\index.php(67): CodeIgniter\CodeIgniter->run()
ERROR - 2024-01-11 21:05:10 --> mysqli_sql_exception: Unknown column 'payment_type' in 'field list' in C:\xampp\htdocs\ci4\HR-MS2\vendor\codeigniter4\framework\system\Database\MySQLi\Connection.php:295
Stack trace:
#0 C:\xampp\htdocs\ci4\HR-MS2\vendor\codeigniter4\framework\system\Database\MySQLi\Connection.php(295): mysqli->query('INSERT INTO `pa...', 0)
#1 C:\xampp\htdocs\ci4\HR-MS2\vendor\codeigniter4\framework\system\Database\BaseConnection.php(692): CodeIgniter\Database\MySQLi\Connection->execute('INSERT INTO `pa...')
#2 C:\xampp\htdocs\ci4\HR-MS2\vendor\codeigniter4\framework\system\Database\BaseConnection.php(606): CodeIgniter\Database\BaseConnection->simpleQuery('INSERT INTO `pa...')
#3 C:\xampp\htdocs\ci4\HR-MS2\vendor\codeigniter4\framework\system\Database\BaseBuilder.php(2309): CodeIgniter\Database\BaseConnection->query('INSERT INTO `pa...', Array, false)
#4 C:\xampp\htdocs\ci4\HR-MS2\vendor\codeigniter4\framework\system\Model.php(330): CodeIgniter\Database\BaseBuilder->insert()
#5 C:\xampp\htdocs\ci4\HR-MS2\vendor\codeigniter4\framework\system\BaseModel.php(782): CodeIgniter\Model->doInsert(Array)
#6 C:\xampp\htdocs\ci4\HR-MS2\vendor\codeigniter4\framework\system\Model.php(730): CodeIgniter\BaseModel->insert(Array, true)
#7 C:\xampp\htdocs\ci4\HR-MS2\app\Controllers\PaymentController.php(134): CodeIgniter\Model->insert(Array)
#8 C:\xampp\htdocs\ci4\HR-MS2\vendor\codeigniter4\framework\system\CodeIgniter.php(932): App\Controllers\PaymentController->addpayment()
#9 C:\xampp\htdocs\ci4\HR-MS2\vendor\codeigniter4\framework\system\CodeIgniter.php(497): CodeIgniter\CodeIgniter->runController(Object(App\Controllers\PaymentController))
#10 C:\xampp\htdocs\ci4\HR-MS2\vendor\codeigniter4\framework\system\CodeIgniter.php(366): CodeIgniter\CodeIgniter->handleRequest(NULL, Object(Config\Cache), false)
#11 C:\xampp\htdocs\ci4\HR-MS2\index.php(67): CodeIgniter\CodeIgniter->run()
#12 {main}
CRITICAL - 2024-01-11 21:05:10 --> Unknown column 'payment_type' in 'field list'
in SYSTEMPATH\Database\MySQLi\Connection.php on line 295.
 1 SYSTEMPATH\Database\MySQLi\Connection.php(295): mysqli->query('INSERT INTO `payement_table` (`payment_type`) VALUES (\'Loan\')', 0)
 2 SYSTEMPATH\Database\BaseConnection.php(692): CodeIgniter\Database\MySQLi\Connection->execute('INSERT INTO `payement_table` (`payment_type`) VALUES (\'Loan\')')
 3 SYSTEMPATH\Database\BaseConnection.php(606): CodeIgniter\Database\BaseConnection->simpleQuery('INSERT INTO `payement_table` (`payment_type`) VALUES (\'Loan\')')
 4 SYSTEMPATH\Database\BaseBuilder.php(2309): CodeIgniter\Database\BaseConnection->query('INSERT INTO `payement_table` (`payment_type`) VALUES (:payment_type:)', [...], false)
 5 SYSTEMPATH\Model.php(330): CodeIgniter\Database\BaseBuilder->insert()
 6 SYSTEMPATH\BaseModel.php(782): CodeIgniter\Model->doInsert([...])
 7 SYSTEMPATH\Model.php(730): CodeIgniter\BaseModel->insert([...], true)
 8 APPPATH\Controllers\PaymentController.php(134): CodeIgniter\Model->insert([...])
 9 SYSTEMPATH\CodeIgniter.php(932): App\Controllers\PaymentController->addpayment()
10 SYSTEMPATH\CodeIgniter.php(497): CodeIgniter\CodeIgniter->runController(Object(App\Controllers\PaymentController))
11 SYSTEMPATH\CodeIgniter.php(366): CodeIgniter\CodeIgniter->handleRequest(null, Object(Config\Cache), false)
12 FCPATH\index.php(67): CodeIgniter\CodeIgniter->run()
CRITICAL - 2024-01-11 21:05:49 --> There is no data to insert.
in SYSTEMPATH\BaseModel.php on line 762.
 1 SYSTEMPATH\BaseModel.php(762): CodeIgniter\Database\Exceptions\DataException::forEmptyDataset('insert')
 2 SYSTEMPATH\Model.php(730): CodeIgniter\BaseModel->insert([], true)
 3 APPPATH\Controllers\PaymentController.php(134): CodeIgniter\Model->insert([...])
 4 SYSTEMPATH\CodeIgniter.php(932): App\Controllers\PaymentController->addpayment()
 5 SYSTEMPATH\CodeIgniter.php(497): CodeIgniter\CodeIgniter->runController(Object(App\Controllers\PaymentController))
 6 SYSTEMPATH\CodeIgniter.php(366): CodeIgniter\CodeIgniter->handleRequest(null, Object(Config\Cache), false)
 7 FCPATH\index.php(67): CodeIgniter\CodeIgniter->run()
