ERROR - 2023-10-18 19:05:28 --> mysqli_sql_exception: Unknown column '3' in 'order clause' in C:\xampp\htdocs\HR-MS\vendor\codeigniter4\framework\system\Database\MySQLi\Connection.php:295
Stack trace:
#0 C:\xampp\htdocs\HR-MS\vendor\codeigniter4\framework\system\Database\MySQLi\Connection.php(295): mysqli->query('SELECT `departm...', 0)
#1 C:\xampp\htdocs\HR-MS\vendor\codeigniter4\framework\system\Database\BaseConnection.php(692): CodeIgniter\Database\MySQLi\Connection->execute('SELECT `departm...')
#2 C:\xampp\htdocs\HR-MS\vendor\codeigniter4\framework\system\Database\BaseConnection.php(606): CodeIgniter\Database\BaseConnection->simpleQuery('SELECT `departm...')
#3 C:\xampp\htdocs\HR-MS\vendor\codeigniter4\framework\system\Database\BaseBuilder.php(1616): CodeIgniter\Database\BaseConnection->query('SELECT `departm...', Array, false)
#4 C:\xampp\htdocs\HR-MS\app\Controllers\DepartmentController.php(57): CodeIgniter\Database\BaseBuilder->get()
#5 C:\xampp\htdocs\HR-MS\vendor\codeigniter4\framework\system\CodeIgniter.php(932): App\Controllers\DepartmentController->fetchdepartment()
#6 C:\xampp\htdocs\HR-MS\vendor\codeigniter4\framework\system\CodeIgniter.php(497): CodeIgniter\CodeIgniter->runController(Object(App\Controllers\DepartmentController))
#7 C:\xampp\htdocs\HR-MS\vendor\codeigniter4\framework\system\CodeIgniter.php(366): CodeIgniter\CodeIgniter->handleRequest(NULL, Object(Config\Cache), false)
#8 C:\xampp\htdocs\HR-MS\index.php(67): CodeIgniter\CodeIgniter->run()
#9 {main}
CRITICAL - 2023-10-18 19:05:28 --> Unknown column '3' in 'order clause'
in SYSTEMPATH\Database\MySQLi\Connection.php on line 295.
 1 SYSTEMPATH\Database\MySQLi\Connection.php(295): mysqli->query('SELECT `department_table`.*
FROM `department_table`
ORDER BY 3 ASC
 LIMIT 10', 0)
 2 SYSTEMPATH\Database\BaseConnection.php(692): CodeIgniter\Database\MySQLi\Connection->execute('SELECT `department_table`.*
FROM `department_table`
ORDER BY 3 ASC
 LIMIT 10')
 3 SYSTEMPATH\Database\BaseConnection.php(606): CodeIgniter\Database\BaseConnection->simpleQuery('SELECT `department_table`.*
FROM `department_table`
ORDER BY 3 ASC
 LIMIT 10')
 4 SYSTEMPATH\Database\BaseBuilder.php(1616): CodeIgniter\Database\BaseConnection->query('SELECT `department_table`.*
FROM `department_table`
ORDER BY 3 ASC
 LIMIT 10', [], false)
 5 APPPATH\Controllers\DepartmentController.php(57): CodeIgniter\Database\BaseBuilder->get()
 6 SYSTEMPATH\CodeIgniter.php(932): App\Controllers\DepartmentController->fetchdepartment()
 7 SYSTEMPATH\CodeIgniter.php(497): CodeIgniter\CodeIgniter->runController(Object(App\Controllers\DepartmentController))
 8 SYSTEMPATH\CodeIgniter.php(366): CodeIgniter\CodeIgniter->handleRequest(null, Object(Config\Cache), false)
 9 FCPATH\index.php(67): CodeIgniter\CodeIgniter->run()
CRITICAL - 2023-10-18 19:42:07 --> Invalid file: "payroll.php"
in SYSTEMPATH\Exceptions\FrameworkException.php on line 33.
 1 SYSTEMPATH\View\View.php(212): CodeIgniter\Exceptions\FrameworkException::forInvalidFile('payroll.php')
 2 SYSTEMPATH\Common.php(1176): CodeIgniter\View\View->render('payroll', [], true)
 3 APPPATH\Controllers\Home.php(136): view('payroll')
 4 SYSTEMPATH\CodeIgniter.php(932): App\Controllers\Home->Payroll()
 5 SYSTEMPATH\CodeIgniter.php(497): CodeIgniter\CodeIgniter->runController(Object(App\Controllers\Home))
 6 SYSTEMPATH\CodeIgniter.php(366): CodeIgniter\CodeIgniter->handleRequest(null, Object(Config\Cache), false)
 7 FCPATH\index.php(67): CodeIgniter\CodeIgniter->run()
CRITICAL - 2023-10-18 19:43:00 --> Invalid file: "payroll.php"
in SYSTEMPATH\Exceptions\FrameworkException.php on line 33.
 1 SYSTEMPATH\View\View.php(212): CodeIgniter\Exceptions\FrameworkException::forInvalidFile('payroll.php')
 2 SYSTEMPATH\Common.php(1176): CodeIgniter\View\View->render('payroll', [], true)
 3 APPPATH\Controllers\Home.php(136): view('payroll')
 4 SYSTEMPATH\CodeIgniter.php(932): App\Controllers\Home->Payroll()
 5 SYSTEMPATH\CodeIgniter.php(497): CodeIgniter\CodeIgniter->runController(Object(App\Controllers\Home))
 6 SYSTEMPATH\CodeIgniter.php(366): CodeIgniter\CodeIgniter->handleRequest(null, Object(Config\Cache), false)
 7 FCPATH\index.php(67): CodeIgniter\CodeIgniter->run()
