CRITICAL - 2024-02-10 16:02:14 --> Undefined variable $dept_count
in APPPATH\Views\index.php on line 28.
 1 APPPATH\Views\index.php(28): CodeIgniter\Debug\Exceptions->errorHandler(2, 'Undefined variable $dept_count', 'C:\\xampp\\htdocs\\HR-MS\\app\\Views\\index.php', 28)
 2 SYSTEMPATH\View\View.php(224): include('C:\\xampp\\htdocs\\HR-MS\\app\\Views\\index.php')
 3 SYSTEMPATH\View\View.php(227): CodeIgniter\View\View->CodeIgniter\View\{closure}()
 4 SYSTEMPATH\Common.php(1176): CodeIgniter\View\View->render('index', [], true)
 5 APPPATH\Controllers\Home.php(22): view('index')
 6 SYSTEMPATH\CodeIgniter.php(932): App\Controllers\Home->index()
 7 SYSTEMPATH\CodeIgniter.php(497): CodeIgniter\CodeIgniter->runController(Object(App\Controllers\Home))
 8 SYSTEMPATH\CodeIgniter.php(366): CodeIgniter\CodeIgniter->handleRequest(null, Object(Config\Cache), false)
 9 FCPATH\index.php(67): CodeIgniter\CodeIgniter->run()
CRITICAL - 2024-02-10 16:07:41 --> Call to undefined function link_tag()
in APPPATH\Views\layouts\master.php on line 16.
 1 SYSTEMPATH\View\View.php(224): include()
 2 SYSTEMPATH\View\View.php(227): CodeIgniter\View\View->CodeIgniter\View\{closure}()
 3 SYSTEMPATH\View\View.php(240): CodeIgniter\View\View->render('layouts/master', [], true)
 4 SYSTEMPATH\Common.php(1176): CodeIgniter\View\View->render('index', [], true)
 5 APPPATH\Controllers\DashboardController.php(16): view('index', [...])
 6 SYSTEMPATH\CodeIgniter.php(932): App\Controllers\DashboardController->department()
 7 SYSTEMPATH\CodeIgniter.php(497): CodeIgniter\CodeIgniter->runController(Object(App\Controllers\DashboardController))
 8 SYSTEMPATH\CodeIgniter.php(366): CodeIgniter\CodeIgniter->handleRequest(null, Object(Config\Cache), false)
 9 FCPATH\index.php(67): CodeIgniter\CodeIgniter->run()
CRITICAL - 2024-02-10 16:08:25 --> Undefined variable $dept_count
in APPPATH\Views\index.php on line 28.
 1 APPPATH\Views\index.php(28): CodeIgniter\Debug\Exceptions->errorHandler(2, 'Undefined variable $dept_count', 'C:\\xampp\\htdocs\\HR-MS\\app\\Views\\index.php', 28)
 2 SYSTEMPATH\View\View.php(224): include('C:\\xampp\\htdocs\\HR-MS\\app\\Views\\index.php')
 3 SYSTEMPATH\View\View.php(227): CodeIgniter\View\View->CodeIgniter\View\{closure}()
 4 SYSTEMPATH\Common.php(1176): CodeIgniter\View\View->render('index', [], true)
 5 APPPATH\Controllers\Home.php(22): view('index')
 6 SYSTEMPATH\CodeIgniter.php(932): App\Controllers\Home->index()
 7 SYSTEMPATH\CodeIgniter.php(497): CodeIgniter\CodeIgniter->runController(Object(App\Controllers\Home))
 8 SYSTEMPATH\CodeIgniter.php(366): CodeIgniter\CodeIgniter->handleRequest(null, Object(Config\Cache), false)
 9 FCPATH\index.php(67): CodeIgniter\CodeIgniter->run()
CRITICAL - 2024-02-10 16:08:31 --> Call to undefined function link_tag()
in APPPATH\Views\layouts\master.php on line 16.
 1 SYSTEMPATH\View\View.php(224): include()
 2 SYSTEMPATH\View\View.php(227): CodeIgniter\View\View->CodeIgniter\View\{closure}()
 3 SYSTEMPATH\View\View.php(240): CodeIgniter\View\View->render('layouts/master', [], true)
 4 SYSTEMPATH\Common.php(1176): CodeIgniter\View\View->render('index', [], true)
 5 APPPATH\Controllers\DashboardController.php(16): view('index', [...])
 6 SYSTEMPATH\CodeIgniter.php(932): App\Controllers\DashboardController->department()
 7 SYSTEMPATH\CodeIgniter.php(497): CodeIgniter\CodeIgniter->runController(Object(App\Controllers\DashboardController))
 8 SYSTEMPATH\CodeIgniter.php(366): CodeIgniter\CodeIgniter->handleRequest(null, Object(Config\Cache), false)
 9 FCPATH\index.php(67): CodeIgniter\CodeIgniter->run()
CRITICAL - 2024-02-10 16:08:45 --> Undefined variable $dept_count
in APPPATH\Views\index.php on line 28.
 1 APPPATH\Views\index.php(28): CodeIgniter\Debug\Exceptions->errorHandler(2, 'Undefined variable $dept_count', 'C:\\xampp\\htdocs\\HR-MS\\app\\Views\\index.php', 28)
 2 SYSTEMPATH\View\View.php(224): include('C:\\xampp\\htdocs\\HR-MS\\app\\Views\\index.php')
 3 SYSTEMPATH\View\View.php(227): CodeIgniter\View\View->CodeIgniter\View\{closure}()
 4 SYSTEMPATH\Common.php(1176): CodeIgniter\View\View->render('index', [], true)
 5 APPPATH\Controllers\Home.php(22): view('index')
 6 SYSTEMPATH\CodeIgniter.php(932): App\Controllers\Home->index()
 7 SYSTEMPATH\CodeIgniter.php(497): CodeIgniter\CodeIgniter->runController(Object(App\Controllers\Home))
 8 SYSTEMPATH\CodeIgniter.php(366): CodeIgniter\CodeIgniter->handleRequest(null, Object(Config\Cache), false)
 9 FCPATH\index.php(67): CodeIgniter\CodeIgniter->run()
CRITICAL - 2024-02-10 16:19:54 --> Undefined variable $dept_count
in APPPATH\Views\index.php on line 28.
 1 APPPATH\Views\index.php(28): CodeIgniter\Debug\Exceptions->errorHandler(2, 'Undefined variable $dept_count', 'C:\\xampp\\htdocs\\HR-MS\\app\\Views\\index.php', 28)
 2 SYSTEMPATH\View\View.php(224): include('C:\\xampp\\htdocs\\HR-MS\\app\\Views\\index.php')
 3 SYSTEMPATH\View\View.php(227): CodeIgniter\View\View->CodeIgniter\View\{closure}()
 4 SYSTEMPATH\Common.php(1176): CodeIgniter\View\View->render('index', [], true)
 5 APPPATH\Controllers\Home.php(22): view('index')
 6 SYSTEMPATH\CodeIgniter.php(932): App\Controllers\Home->index()
 7 SYSTEMPATH\CodeIgniter.php(497): CodeIgniter\CodeIgniter->runController(Object(App\Controllers\Home))
 8 SYSTEMPATH\CodeIgniter.php(366): CodeIgniter\CodeIgniter->handleRequest(null, Object(Config\Cache), false)
 9 FCPATH\index.php(67): CodeIgniter\CodeIgniter->run()
CRITICAL - 2024-02-10 16:21:53 --> Undefined variable $dept_count
in APPPATH\Views\index.php on line 28.
 1 APPPATH\Views\index.php(28): CodeIgniter\Debug\Exceptions->errorHandler(2, 'Undefined variable $dept_count', 'C:\\xampp\\htdocs\\HR-MS\\app\\Views\\index.php', 28)
 2 SYSTEMPATH\View\View.php(224): include('C:\\xampp\\htdocs\\HR-MS\\app\\Views\\index.php')
 3 SYSTEMPATH\View\View.php(227): CodeIgniter\View\View->CodeIgniter\View\{closure}()
 4 SYSTEMPATH\Common.php(1176): CodeIgniter\View\View->render('index', [], true)
 5 APPPATH\Controllers\Home.php(22): view('index')
 6 SYSTEMPATH\CodeIgniter.php(932): App\Controllers\Home->index()
 7 SYSTEMPATH\CodeIgniter.php(497): CodeIgniter\CodeIgniter->runController(Object(App\Controllers\Home))
 8 SYSTEMPATH\CodeIgniter.php(366): CodeIgniter\CodeIgniter->handleRequest(null, Object(Config\Cache), false)
 9 FCPATH\index.php(67): CodeIgniter\CodeIgniter->run()
CRITICAL - 2024-02-10 16:29:41 --> Undefined variable $dept_count
in APPPATH\Views\index.php on line 28.
 1 APPPATH\Views\index.php(28): CodeIgniter\Debug\Exceptions->errorHandler(2, 'Undefined variable $dept_count', 'C:\\xampp\\htdocs\\HR-MS\\app\\Views\\index.php', 28)
 2 SYSTEMPATH\View\View.php(224): include('C:\\xampp\\htdocs\\HR-MS\\app\\Views\\index.php')
 3 SYSTEMPATH\View\View.php(227): CodeIgniter\View\View->CodeIgniter\View\{closure}()
 4 SYSTEMPATH\Common.php(1176): CodeIgniter\View\View->render('index', [], true)
 5 APPPATH\Controllers\Home.php(22): view('index')
 6 SYSTEMPATH\CodeIgniter.php(932): App\Controllers\Home->index()
 7 SYSTEMPATH\CodeIgniter.php(497): CodeIgniter\CodeIgniter->runController(Object(App\Controllers\Home))
 8 SYSTEMPATH\CodeIgniter.php(366): CodeIgniter\CodeIgniter->handleRequest(null, Object(Config\Cache), false)
 9 FCPATH\index.php(67): CodeIgniter\CodeIgniter->run()
CRITICAL - 2024-02-10 16:36:50 --> Undefined variable $dept_count
in APPPATH\Views\index.php on line 28.
 1 APPPATH\Views\index.php(28): CodeIgniter\Debug\Exceptions->errorHandler(2, 'Undefined variable $dept_count', 'C:\\xampp\\htdocs\\HR-MS\\app\\Views\\index.php', 28)
 2 SYSTEMPATH\View\View.php(224): include('C:\\xampp\\htdocs\\HR-MS\\app\\Views\\index.php')
 3 SYSTEMPATH\View\View.php(227): CodeIgniter\View\View->CodeIgniter\View\{closure}()
 4 SYSTEMPATH\Common.php(1176): CodeIgniter\View\View->render('index', [], true)
 5 APPPATH\Controllers\Home.php(22): view('index')
 6 SYSTEMPATH\CodeIgniter.php(932): App\Controllers\Home->index()
 7 SYSTEMPATH\CodeIgniter.php(497): CodeIgniter\CodeIgniter->runController(Object(App\Controllers\Home))
 8 SYSTEMPATH\CodeIgniter.php(366): CodeIgniter\CodeIgniter->handleRequest(null, Object(Config\Cache), false)
 9 FCPATH\index.php(67): CodeIgniter\CodeIgniter->run()
CRITICAL - 2024-02-10 16:36:52 --> Undefined variable $dept_count
in APPPATH\Views\index.php on line 28.
 1 APPPATH\Views\index.php(28): CodeIgniter\Debug\Exceptions->errorHandler(2, 'Undefined variable $dept_count', 'C:\\xampp\\htdocs\\HR-MS\\app\\Views\\index.php', 28)
 2 SYSTEMPATH\View\View.php(224): include('C:\\xampp\\htdocs\\HR-MS\\app\\Views\\index.php')
 3 SYSTEMPATH\View\View.php(227): CodeIgniter\View\View->CodeIgniter\View\{closure}()
 4 SYSTEMPATH\Common.php(1176): CodeIgniter\View\View->render('index', [], true)
 5 APPPATH\Controllers\Home.php(22): view('index')
 6 SYSTEMPATH\CodeIgniter.php(932): App\Controllers\Home->index()
 7 SYSTEMPATH\CodeIgniter.php(497): CodeIgniter\CodeIgniter->runController(Object(App\Controllers\Home))
 8 SYSTEMPATH\CodeIgniter.php(366): CodeIgniter\CodeIgniter->handleRequest(null, Object(Config\Cache), false)
 9 FCPATH\index.php(67): CodeIgniter\CodeIgniter->run()
CRITICAL - 2024-02-10 16:36:52 --> Undefined variable $dept_count
in APPPATH\Views\index.php on line 28.
 1 APPPATH\Views\index.php(28): CodeIgniter\Debug\Exceptions->errorHandler(2, 'Undefined variable $dept_count', 'C:\\xampp\\htdocs\\HR-MS\\app\\Views\\index.php', 28)
 2 SYSTEMPATH\View\View.php(224): include('C:\\xampp\\htdocs\\HR-MS\\app\\Views\\index.php')
 3 SYSTEMPATH\View\View.php(227): CodeIgniter\View\View->CodeIgniter\View\{closure}()
 4 SYSTEMPATH\Common.php(1176): CodeIgniter\View\View->render('index', [], true)
 5 APPPATH\Controllers\Home.php(22): view('index')
 6 SYSTEMPATH\CodeIgniter.php(932): App\Controllers\Home->index()
 7 SYSTEMPATH\CodeIgniter.php(497): CodeIgniter\CodeIgniter->runController(Object(App\Controllers\Home))
 8 SYSTEMPATH\CodeIgniter.php(366): CodeIgniter\CodeIgniter->handleRequest(null, Object(Config\Cache), false)
 9 FCPATH\index.php(67): CodeIgniter\CodeIgniter->run()
CRITICAL - 2024-02-10 16:36:58 --> Undefined variable $dept_count
in APPPATH\Views\index.php on line 28.
 1 APPPATH\Views\index.php(28): CodeIgniter\Debug\Exceptions->errorHandler(2, 'Undefined variable $dept_count', 'C:\\xampp\\htdocs\\HR-MS\\app\\Views\\index.php', 28)
 2 SYSTEMPATH\View\View.php(224): include('C:\\xampp\\htdocs\\HR-MS\\app\\Views\\index.php')
 3 SYSTEMPATH\View\View.php(227): CodeIgniter\View\View->CodeIgniter\View\{closure}()
 4 SYSTEMPATH\Common.php(1176): CodeIgniter\View\View->render('index', [], true)
 5 APPPATH\Controllers\Home.php(22): view('index')
 6 SYSTEMPATH\CodeIgniter.php(932): App\Controllers\Home->index()
 7 SYSTEMPATH\CodeIgniter.php(497): CodeIgniter\CodeIgniter->runController(Object(App\Controllers\Home))
 8 SYSTEMPATH\CodeIgniter.php(366): CodeIgniter\CodeIgniter->handleRequest(null, Object(Config\Cache), false)
 9 FCPATH\index.php(67): CodeIgniter\CodeIgniter->run()
CRITICAL - 2024-02-10 16:41:27 --> Undefined variable $dept_count
in APPPATH\Views\index.php on line 28.
 1 APPPATH\Views\index.php(28): CodeIgniter\Debug\Exceptions->errorHandler(2, 'Undefined variable $dept_count', 'C:\\xampp\\htdocs\\HR-MS\\app\\Views\\index.php', 28)
 2 SYSTEMPATH\View\View.php(224): include('C:\\xampp\\htdocs\\HR-MS\\app\\Views\\index.php')
 3 SYSTEMPATH\View\View.php(227): CodeIgniter\View\View->CodeIgniter\View\{closure}()
 4 SYSTEMPATH\Common.php(1176): CodeIgniter\View\View->render('index', [], true)
 5 APPPATH\Controllers\Home.php(22): view('index')
 6 SYSTEMPATH\CodeIgniter.php(932): App\Controllers\Home->index()
 7 SYSTEMPATH\CodeIgniter.php(497): CodeIgniter\CodeIgniter->runController(Object(App\Controllers\Home))
 8 SYSTEMPATH\CodeIgniter.php(366): CodeIgniter\CodeIgniter->handleRequest(null, Object(Config\Cache), false)
 9 FCPATH\index.php(67): CodeIgniter\CodeIgniter->run()
CRITICAL - 2024-02-10 16:42:02 --> Undefined variable $dept_count
in APPPATH\Views\index.php on line 28.
 1 APPPATH\Views\index.php(28): CodeIgniter\Debug\Exceptions->errorHandler(2, 'Undefined variable $dept_count', 'C:\\xampp\\htdocs\\HR-MS\\app\\Views\\index.php', 28)
 2 SYSTEMPATH\View\View.php(224): include('C:\\xampp\\htdocs\\HR-MS\\app\\Views\\index.php')
 3 SYSTEMPATH\View\View.php(227): CodeIgniter\View\View->CodeIgniter\View\{closure}()
 4 SYSTEMPATH\Common.php(1176): CodeIgniter\View\View->render('index', [], true)
 5 APPPATH\Controllers\Home.php(22): view('index')
 6 SYSTEMPATH\CodeIgniter.php(932): App\Controllers\Home->index()
 7 SYSTEMPATH\CodeIgniter.php(497): CodeIgniter\CodeIgniter->runController(Object(App\Controllers\Home))
 8 SYSTEMPATH\CodeIgniter.php(366): CodeIgniter\CodeIgniter->handleRequest(null, Object(Config\Cache), false)
 9 FCPATH\index.php(67): CodeIgniter\CodeIgniter->run()
CRITICAL - 2024-02-10 16:44:46 --> Undefined variable $dept_count
in APPPATH\Views\index.php on line 28.
 1 APPPATH\Views\index.php(28): CodeIgniter\Debug\Exceptions->errorHandler(2, 'Undefined variable $dept_count', 'C:\\xampp\\htdocs\\HR-MS\\app\\Views\\index.php', 28)
 2 SYSTEMPATH\View\View.php(224): include('C:\\xampp\\htdocs\\HR-MS\\app\\Views\\index.php')
 3 SYSTEMPATH\View\View.php(227): CodeIgniter\View\View->CodeIgniter\View\{closure}()
 4 SYSTEMPATH\Common.php(1176): CodeIgniter\View\View->render('index', [], true)
 5 APPPATH\Controllers\Home.php(22): view('index')
 6 SYSTEMPATH\CodeIgniter.php(932): App\Controllers\Home->index()
 7 SYSTEMPATH\CodeIgniter.php(497): CodeIgniter\CodeIgniter->runController(Object(App\Controllers\Home))
 8 SYSTEMPATH\CodeIgniter.php(366): CodeIgniter\CodeIgniter->handleRequest(null, Object(Config\Cache), false)
 9 FCPATH\index.php(67): CodeIgniter\CodeIgniter->run()
CRITICAL - 2024-02-10 16:47:37 --> Undefined variable $dept_count
in APPPATH\Views\index.php on line 28.
 1 APPPATH\Views\index.php(28): CodeIgniter\Debug\Exceptions->errorHandler(2, 'Undefined variable $dept_count', 'C:\\xampp\\htdocs\\HR-MS\\app\\Views\\index.php', 28)
 2 SYSTEMPATH\View\View.php(224): include('C:\\xampp\\htdocs\\HR-MS\\app\\Views\\index.php')
 3 SYSTEMPATH\View\View.php(227): CodeIgniter\View\View->CodeIgniter\View\{closure}()
 4 SYSTEMPATH\Common.php(1176): CodeIgniter\View\View->render('index', [], true)
 5 APPPATH\Controllers\Home.php(22): view('index')
 6 SYSTEMPATH\CodeIgniter.php(932): App\Controllers\Home->index()
 7 SYSTEMPATH\CodeIgniter.php(497): CodeIgniter\CodeIgniter->runController(Object(App\Controllers\Home))
 8 SYSTEMPATH\CodeIgniter.php(366): CodeIgniter\CodeIgniter->handleRequest(null, Object(Config\Cache), false)
 9 FCPATH\index.php(67): CodeIgniter\CodeIgniter->run()
CRITICAL - 2024-02-10 16:48:05 --> Undefined variable $dept_count
in APPPATH\Views\deductions.php on line 6.
 1 APPPATH\Views\deductions.php(6): CodeIgniter\Debug\Exceptions->errorHandler(2, 'Undefined variable $dept_count', 'C:\\xampp\\htdocs\\HR-MS\\app\\Views\\deductions.php', 6)
 2 SYSTEMPATH\View\View.php(224): include('C:\\xampp\\htdocs\\HR-MS\\app\\Views\\deductions.php')
 3 SYSTEMPATH\View\View.php(227): CodeIgniter\View\View->CodeIgniter\View\{closure}()
 4 SYSTEMPATH\Common.php(1176): CodeIgniter\View\View->render('deductions', [], true)
 5 APPPATH\Controllers\Home.php(112): view('deductions', [...])
 6 SYSTEMPATH\CodeIgniter.php(932): App\Controllers\Home->Deduction()
 7 SYSTEMPATH\CodeIgniter.php(497): CodeIgniter\CodeIgniter->runController(Object(App\Controllers\Home))
 8 SYSTEMPATH\CodeIgniter.php(366): CodeIgniter\CodeIgniter->handleRequest(null, Object(Config\Cache), false)
 9 FCPATH\index.php(67): CodeIgniter\CodeIgniter->run()
CRITICAL - 2024-02-10 16:50:08 --> Undefined variable $dept_count
in APPPATH\Views\index.php on line 28.
 1 APPPATH\Views\index.php(28): CodeIgniter\Debug\Exceptions->errorHandler(2, 'Undefined variable $dept_count', 'C:\\xampp\\htdocs\\HR-MS\\app\\Views\\index.php', 28)
 2 SYSTEMPATH\View\View.php(224): include('C:\\xampp\\htdocs\\HR-MS\\app\\Views\\index.php')
 3 SYSTEMPATH\View\View.php(227): CodeIgniter\View\View->CodeIgniter\View\{closure}()
 4 SYSTEMPATH\Common.php(1176): CodeIgniter\View\View->render('index', [], true)
 5 APPPATH\Controllers\Home.php(22): view('index')
 6 SYSTEMPATH\CodeIgniter.php(932): App\Controllers\Home->index()
 7 SYSTEMPATH\CodeIgniter.php(497): CodeIgniter\CodeIgniter->runController(Object(App\Controllers\Home))
 8 SYSTEMPATH\CodeIgniter.php(366): CodeIgniter\CodeIgniter->handleRequest(null, Object(Config\Cache), false)
 9 FCPATH\index.php(67): CodeIgniter\CodeIgniter->run()
CRITICAL - 2024-02-10 18:15:43 --> Undefined variable $dept_count
in APPPATH\Views\index.php on line 28.
 1 APPPATH\Views\index.php(28): CodeIgniter\Debug\Exceptions->errorHandler(2, 'Undefined variable $dept_count', 'C:\\xampp\\htdocs\\HR-MS\\app\\Views\\index.php', 28)
 2 SYSTEMPATH\View\View.php(224): include('C:\\xampp\\htdocs\\HR-MS\\app\\Views\\index.php')
 3 SYSTEMPATH\View\View.php(227): CodeIgniter\View\View->CodeIgniter\View\{closure}()
 4 SYSTEMPATH\Common.php(1176): CodeIgniter\View\View->render('index', [], true)
 5 APPPATH\Controllers\Home.php(22): view('index')
 6 SYSTEMPATH\CodeIgniter.php(932): App\Controllers\Home->index()
 7 SYSTEMPATH\CodeIgniter.php(497): CodeIgniter\CodeIgniter->runController(Object(App\Controllers\Home))
 8 SYSTEMPATH\CodeIgniter.php(366): CodeIgniter\CodeIgniter->handleRequest(null, Object(Config\Cache), false)
 9 FCPATH\index.php(67): CodeIgniter\CodeIgniter->run()
CRITICAL - 2024-02-10 18:21:10 --> Undefined variable $dept_count
in APPPATH\Views\index.php on line 28.
 1 APPPATH\Views\index.php(28): CodeIgniter\Debug\Exceptions->errorHandler(2, 'Undefined variable $dept_count', 'C:\\xampp\\htdocs\\HR-MS\\app\\Views\\index.php', 28)
 2 SYSTEMPATH\View\View.php(224): include('C:\\xampp\\htdocs\\HR-MS\\app\\Views\\index.php')
 3 SYSTEMPATH\View\View.php(227): CodeIgniter\View\View->CodeIgniter\View\{closure}()
 4 SYSTEMPATH\Common.php(1176): CodeIgniter\View\View->render('index', [], true)
 5 APPPATH\Controllers\Home.php(22): view('index')
 6 SYSTEMPATH\CodeIgniter.php(932): App\Controllers\Home->index()
 7 SYSTEMPATH\CodeIgniter.php(497): CodeIgniter\CodeIgniter->runController(Object(App\Controllers\Home))
 8 SYSTEMPATH\CodeIgniter.php(366): CodeIgniter\CodeIgniter->handleRequest(null, Object(Config\Cache), false)
 9 FCPATH\index.php(67): CodeIgniter\CodeIgniter->run()
CRITICAL - 2024-02-10 18:26:13 --> Undefined variable $dept_count
in APPPATH\Views\index.php on line 28.
 1 APPPATH\Views\index.php(28): CodeIgniter\Debug\Exceptions->errorHandler(2, 'Undefined variable $dept_count', 'C:\\xampp\\htdocs\\HR-MS\\app\\Views\\index.php', 28)
 2 SYSTEMPATH\View\View.php(224): include('C:\\xampp\\htdocs\\HR-MS\\app\\Views\\index.php')
 3 SYSTEMPATH\View\View.php(227): CodeIgniter\View\View->CodeIgniter\View\{closure}()
 4 SYSTEMPATH\Common.php(1176): CodeIgniter\View\View->render('index', [], true)
 5 APPPATH\Controllers\Home.php(22): view('index')
 6 SYSTEMPATH\CodeIgniter.php(932): App\Controllers\Home->index()
 7 SYSTEMPATH\CodeIgniter.php(497): CodeIgniter\CodeIgniter->runController(Object(App\Controllers\Home))
 8 SYSTEMPATH\CodeIgniter.php(366): CodeIgniter\CodeIgniter->handleRequest(null, Object(Config\Cache), false)
 9 FCPATH\index.php(67): CodeIgniter\CodeIgniter->run()
CRITICAL - 2024-02-10 18:26:21 --> Undefined variable $dept_count
in APPPATH\Views\index.php on line 28.
 1 APPPATH\Views\index.php(28): CodeIgniter\Debug\Exceptions->errorHandler(2, 'Undefined variable $dept_count', 'C:\\xampp\\htdocs\\HR-MS\\app\\Views\\index.php', 28)
 2 SYSTEMPATH\View\View.php(224): include('C:\\xampp\\htdocs\\HR-MS\\app\\Views\\index.php')
 3 SYSTEMPATH\View\View.php(227): CodeIgniter\View\View->CodeIgniter\View\{closure}()
 4 SYSTEMPATH\Common.php(1176): CodeIgniter\View\View->render('index', [], true)
 5 APPPATH\Controllers\Home.php(22): view('index')
 6 SYSTEMPATH\CodeIgniter.php(932): App\Controllers\Home->index()
 7 SYSTEMPATH\CodeIgniter.php(497): CodeIgniter\CodeIgniter->runController(Object(App\Controllers\Home))
 8 SYSTEMPATH\CodeIgniter.php(366): CodeIgniter\CodeIgniter->handleRequest(null, Object(Config\Cache), false)
 9 FCPATH\index.php(67): CodeIgniter\CodeIgniter->run()
CRITICAL - 2024-02-10 18:26:32 --> Undefined variable $dept_count
in APPPATH\Views\index.php on line 28.
 1 APPPATH\Views\index.php(28): CodeIgniter\Debug\Exceptions->errorHandler(2, 'Undefined variable $dept_count', 'C:\\xampp\\htdocs\\HR-MS\\app\\Views\\index.php', 28)
 2 SYSTEMPATH\View\View.php(224): include('C:\\xampp\\htdocs\\HR-MS\\app\\Views\\index.php')
 3 SYSTEMPATH\View\View.php(227): CodeIgniter\View\View->CodeIgniter\View\{closure}()
 4 SYSTEMPATH\Common.php(1176): CodeIgniter\View\View->render('index', [], true)
 5 APPPATH\Controllers\Home.php(22): view('index')
 6 SYSTEMPATH\CodeIgniter.php(932): App\Controllers\Home->index()
 7 SYSTEMPATH\CodeIgniter.php(497): CodeIgniter\CodeIgniter->runController(Object(App\Controllers\Home))
 8 SYSTEMPATH\CodeIgniter.php(366): CodeIgniter\CodeIgniter->handleRequest(null, Object(Config\Cache), false)
 9 FCPATH\index.php(67): CodeIgniter\CodeIgniter->run()
CRITICAL - 2024-02-10 18:27:50 --> Undefined variable $dept_count
in APPPATH\Views\index.php on line 28.
 1 APPPATH\Views\index.php(28): CodeIgniter\Debug\Exceptions->errorHandler(2, 'Undefined variable $dept_count', 'C:\\xampp\\htdocs\\HR-MS\\app\\Views\\index.php', 28)
 2 SYSTEMPATH\View\View.php(224): include('C:\\xampp\\htdocs\\HR-MS\\app\\Views\\index.php')
 3 SYSTEMPATH\View\View.php(227): CodeIgniter\View\View->CodeIgniter\View\{closure}()
 4 SYSTEMPATH\Common.php(1176): CodeIgniter\View\View->render('index', [], true)
 5 APPPATH\Controllers\Home.php(22): view('index')
 6 SYSTEMPATH\CodeIgniter.php(932): App\Controllers\Home->index()
 7 SYSTEMPATH\CodeIgniter.php(497): CodeIgniter\CodeIgniter->runController(Object(App\Controllers\Home))
 8 SYSTEMPATH\CodeIgniter.php(366): CodeIgniter\CodeIgniter->handleRequest(null, Object(Config\Cache), false)
 9 FCPATH\index.php(67): CodeIgniter\CodeIgniter->run()
CRITICAL - 2024-02-10 18:29:26 --> Undefined variable $dept_count
in APPPATH\Views\index.php on line 28.
 1 APPPATH\Views\index.php(28): CodeIgniter\Debug\Exceptions->errorHandler(2, 'Undefined variable $dept_count', 'C:\\xampp\\htdocs\\HR-MS\\app\\Views\\index.php', 28)
 2 SYSTEMPATH\View\View.php(224): include('C:\\xampp\\htdocs\\HR-MS\\app\\Views\\index.php')
 3 SYSTEMPATH\View\View.php(227): CodeIgniter\View\View->CodeIgniter\View\{closure}()
 4 SYSTEMPATH\Common.php(1176): CodeIgniter\View\View->render('index', [], true)
 5 APPPATH\Controllers\Home.php(22): view('index')
 6 SYSTEMPATH\CodeIgniter.php(932): App\Controllers\Home->index()
 7 SYSTEMPATH\CodeIgniter.php(497): CodeIgniter\CodeIgniter->runController(Object(App\Controllers\Home))
 8 SYSTEMPATH\CodeIgniter.php(366): CodeIgniter\CodeIgniter->handleRequest(null, Object(Config\Cache), false)
 9 FCPATH\index.php(67): CodeIgniter\CodeIgniter->run()
CRITICAL - 2024-02-10 18:29:29 --> Undefined variable $dept_count
in APPPATH\Views\index.php on line 28.
 1 APPPATH\Views\index.php(28): CodeIgniter\Debug\Exceptions->errorHandler(2, 'Undefined variable $dept_count', 'C:\\xampp\\htdocs\\HR-MS\\app\\Views\\index.php', 28)
 2 SYSTEMPATH\View\View.php(224): include('C:\\xampp\\htdocs\\HR-MS\\app\\Views\\index.php')
 3 SYSTEMPATH\View\View.php(227): CodeIgniter\View\View->CodeIgniter\View\{closure}()
 4 SYSTEMPATH\Common.php(1176): CodeIgniter\View\View->render('index', [], true)
 5 APPPATH\Controllers\Home.php(22): view('index')
 6 SYSTEMPATH\CodeIgniter.php(932): App\Controllers\Home->index()
 7 SYSTEMPATH\CodeIgniter.php(497): CodeIgniter\CodeIgniter->runController(Object(App\Controllers\Home))
 8 SYSTEMPATH\CodeIgniter.php(366): CodeIgniter\CodeIgniter->handleRequest(null, Object(Config\Cache), false)
 9 FCPATH\index.php(67): CodeIgniter\CodeIgniter->run()
CRITICAL - 2024-02-10 18:47:28 --> Undefined variable $dept_count
in APPPATH\Views\index.php on line 28.
 1 APPPATH\Views\index.php(28): CodeIgniter\Debug\Exceptions->errorHandler(2, 'Undefined variable $dept_count', 'C:\\xampp\\htdocs\\HR-MS\\app\\Views\\index.php', 28)
 2 SYSTEMPATH\View\View.php(224): include('C:\\xampp\\htdocs\\HR-MS\\app\\Views\\index.php')
 3 SYSTEMPATH\View\View.php(227): CodeIgniter\View\View->CodeIgniter\View\{closure}()
 4 SYSTEMPATH\Common.php(1176): CodeIgniter\View\View->render('index', [], true)
 5 APPPATH\Controllers\Home.php(22): view('index')
 6 SYSTEMPATH\CodeIgniter.php(932): App\Controllers\Home->index()
 7 SYSTEMPATH\CodeIgniter.php(497): CodeIgniter\CodeIgniter->runController(Object(App\Controllers\Home))
 8 SYSTEMPATH\CodeIgniter.php(366): CodeIgniter\CodeIgniter->handleRequest(null, Object(Config\Cache), false)
 9 FCPATH\index.php(67): CodeIgniter\CodeIgniter->run()
CRITICAL - 2024-02-10 18:58:19 --> Undefined variable $dept_count
in APPPATH\Views\index.php on line 28.
 1 APPPATH\Views\index.php(28): CodeIgniter\Debug\Exceptions->errorHandler(2, 'Undefined variable $dept_count', 'C:\\xampp\\htdocs\\HR-MS\\app\\Views\\index.php', 28)
 2 SYSTEMPATH\View\View.php(224): include('C:\\xampp\\htdocs\\HR-MS\\app\\Views\\index.php')
 3 SYSTEMPATH\View\View.php(227): CodeIgniter\View\View->CodeIgniter\View\{closure}()
 4 SYSTEMPATH\Common.php(1176): CodeIgniter\View\View->render('index', [], true)
 5 APPPATH\Controllers\Home.php(22): view('index')
 6 SYSTEMPATH\CodeIgniter.php(932): App\Controllers\Home->index()
 7 SYSTEMPATH\CodeIgniter.php(497): CodeIgniter\CodeIgniter->runController(Object(App\Controllers\Home))
 8 SYSTEMPATH\CodeIgniter.php(366): CodeIgniter\CodeIgniter->handleRequest(null, Object(Config\Cache), false)
 9 FCPATH\index.php(67): CodeIgniter\CodeIgniter->run()
CRITICAL - 2024-02-10 18:59:39 --> Call to undefined function link_tag()
in APPPATH\Views\layouts\master.php on line 16.
 1 SYSTEMPATH\View\View.php(224): include()
 2 SYSTEMPATH\View\View.php(227): CodeIgniter\View\View->CodeIgniter\View\{closure}()
 3 SYSTEMPATH\View\View.php(240): CodeIgniter\View\View->render('layouts/master', [], true)
 4 SYSTEMPATH\Common.php(1176): CodeIgniter\View\View->render('index', [], true)
 5 APPPATH\Controllers\DashboardController.php(17): view('index', [...])
 6 SYSTEMPATH\CodeIgniter.php(932): App\Controllers\DashboardController->department()
 7 SYSTEMPATH\CodeIgniter.php(497): CodeIgniter\CodeIgniter->runController(Object(App\Controllers\DashboardController))
 8 SYSTEMPATH\CodeIgniter.php(366): CodeIgniter\CodeIgniter->handleRequest(null, Object(Config\Cache), false)
 9 FCPATH\index.php(67): CodeIgniter\CodeIgniter->run()
CRITICAL - 2024-02-10 18:59:41 --> Call to undefined function link_tag()
in APPPATH\Views\layouts\master.php on line 16.
 1 SYSTEMPATH\View\View.php(224): include()
 2 SYSTEMPATH\View\View.php(227): CodeIgniter\View\View->CodeIgniter\View\{closure}()
 3 SYSTEMPATH\View\View.php(240): CodeIgniter\View\View->render('layouts/master', [], true)
 4 SYSTEMPATH\Common.php(1176): CodeIgniter\View\View->render('index', [], true)
 5 APPPATH\Controllers\DashboardController.php(17): view('index', [...])
 6 SYSTEMPATH\CodeIgniter.php(932): App\Controllers\DashboardController->department()
 7 SYSTEMPATH\CodeIgniter.php(497): CodeIgniter\CodeIgniter->runController(Object(App\Controllers\DashboardController))
 8 SYSTEMPATH\CodeIgniter.php(366): CodeIgniter\CodeIgniter->handleRequest(null, Object(Config\Cache), false)
 9 FCPATH\index.php(67): CodeIgniter\CodeIgniter->run()
CRITICAL - 2024-02-10 18:59:46 --> Call to undefined function link_tag()
in APPPATH\Views\layouts\master.php on line 16.
 1 SYSTEMPATH\View\View.php(224): include()
 2 SYSTEMPATH\View\View.php(227): CodeIgniter\View\View->CodeIgniter\View\{closure}()
 3 SYSTEMPATH\View\View.php(240): CodeIgniter\View\View->render('layouts/master', [], true)
 4 SYSTEMPATH\Common.php(1176): CodeIgniter\View\View->render('index', [], true)
 5 APPPATH\Controllers\DashboardController.php(17): view('index', [...])
 6 SYSTEMPATH\CodeIgniter.php(932): App\Controllers\DashboardController->department()
 7 SYSTEMPATH\CodeIgniter.php(497): CodeIgniter\CodeIgniter->runController(Object(App\Controllers\DashboardController))
 8 SYSTEMPATH\CodeIgniter.php(366): CodeIgniter\CodeIgniter->handleRequest(null, Object(Config\Cache), false)
 9 FCPATH\index.php(67): CodeIgniter\CodeIgniter->run()
ERROR - 2024-02-10 19:16:41 --> mysqli_sql_exception: Table 'hrmsdb.leave_table' doesn't exist in C:\xampp\htdocs\HR-MS\vendor\codeigniter4\framework\system\Database\MySQLi\Connection.php:295
Stack trace:
#0 C:\xampp\htdocs\HR-MS\vendor\codeigniter4\framework\system\Database\MySQLi\Connection.php(295): mysqli->query('SELECT COUNT(*)...', 0)
#1 C:\xampp\htdocs\HR-MS\vendor\codeigniter4\framework\system\Database\BaseConnection.php(692): CodeIgniter\Database\MySQLi\Connection->execute('SELECT COUNT(*)...')
#2 C:\xampp\htdocs\HR-MS\vendor\codeigniter4\framework\system\Database\BaseConnection.php(606): CodeIgniter\Database\BaseConnection->simpleQuery('SELECT COUNT(*)...')
#3 C:\xampp\htdocs\HR-MS\vendor\codeigniter4\framework\system\Database\BaseBuilder.php(1700): CodeIgniter\Database\BaseConnection->query('SELECT COUNT(*)...', Array, false)
#4 C:\xampp\htdocs\HR-MS\app\Controllers\Home.php(229): CodeIgniter\Database\BaseBuilder->countAllResults()
#5 C:\xampp\htdocs\HR-MS\vendor\codeigniter4\framework\system\CodeIgniter.php(932): App\Controllers\Home->Dashboard()
#6 C:\xampp\htdocs\HR-MS\vendor\codeigniter4\framework\system\CodeIgniter.php(497): CodeIgniter\CodeIgniter->runController(Object(App\Controllers\Home))
#7 C:\xampp\htdocs\HR-MS\vendor\codeigniter4\framework\system\CodeIgniter.php(366): CodeIgniter\CodeIgniter->handleRequest(NULL, Object(Config\Cache), false)
#8 C:\xampp\htdocs\HR-MS\index.php(67): CodeIgniter\CodeIgniter->run()
#9 {main}
CRITICAL - 2024-02-10 19:16:41 --> Table 'hrmsdb.leave_table' doesn't exist
in SYSTEMPATH\Database\MySQLi\Connection.php on line 295.
 1 SYSTEMPATH\Database\MySQLi\Connection.php(295): mysqli->query('SELECT COUNT(*) AS `numrows`
FROM `leave_table`', 0)
 2 SYSTEMPATH\Database\BaseConnection.php(692): CodeIgniter\Database\MySQLi\Connection->execute('SELECT COUNT(*) AS `numrows`
FROM `leave_table`')
 3 SYSTEMPATH\Database\BaseConnection.php(606): CodeIgniter\Database\BaseConnection->simpleQuery('SELECT COUNT(*) AS `numrows`
FROM `leave_table`')
 4 SYSTEMPATH\Database\BaseBuilder.php(1700): CodeIgniter\Database\BaseConnection->query('SELECT COUNT(*) AS `numrows`
FROM `leave_table`', [], false)
 5 APPPATH\Controllers\Home.php(229): CodeIgniter\Database\BaseBuilder->countAllResults()
 6 SYSTEMPATH\CodeIgniter.php(932): App\Controllers\Home->Dashboard()
 7 SYSTEMPATH\CodeIgniter.php(497): CodeIgniter\CodeIgniter->runController(Object(App\Controllers\Home))
 8 SYSTEMPATH\CodeIgniter.php(366): CodeIgniter\CodeIgniter->handleRequest(null, Object(Config\Cache), false)
 9 FCPATH\index.php(67): CodeIgniter\CodeIgniter->run()
CRITICAL - 2024-02-10 19:18:34 --> Undefined variable $dept_count
in APPPATH\Views\index.php on line 28.
 1 APPPATH\Views\index.php(28): CodeIgniter\Debug\Exceptions->errorHandler(2, 'Undefined variable $dept_count', 'C:\\xampp\\htdocs\\HR-MS\\app\\Views\\index.php', 28)
 2 SYSTEMPATH\View\View.php(224): include('C:\\xampp\\htdocs\\HR-MS\\app\\Views\\index.php')
 3 SYSTEMPATH\View\View.php(227): CodeIgniter\View\View->CodeIgniter\View\{closure}()
 4 SYSTEMPATH\Common.php(1176): CodeIgniter\View\View->render('index', [], true)
 5 APPPATH\Controllers\Home.php(22): view('index')
 6 SYSTEMPATH\CodeIgniter.php(932): App\Controllers\Home->index()
 7 SYSTEMPATH\CodeIgniter.php(497): CodeIgniter\CodeIgniter->runController(Object(App\Controllers\Home))
 8 SYSTEMPATH\CodeIgniter.php(366): CodeIgniter\CodeIgniter->handleRequest(null, Object(Config\Cache), false)
 9 FCPATH\index.php(67): CodeIgniter\CodeIgniter->run()
ERROR - 2024-02-10 20:07:27 --> mysqli_sql_exception: Table 'hrmsdb.events' doesn't exist in C:\xampp\htdocs\HR-MS\vendor\codeigniter4\framework\system\Database\MySQLi\Connection.php:295
Stack trace:
#0 C:\xampp\htdocs\HR-MS\vendor\codeigniter4\framework\system\Database\MySQLi\Connection.php(295): mysqli->query('INSERT INTO `ev...', 0)
#1 C:\xampp\htdocs\HR-MS\vendor\codeigniter4\framework\system\Database\BaseConnection.php(692): CodeIgniter\Database\MySQLi\Connection->execute('INSERT INTO `ev...')
#2 C:\xampp\htdocs\HR-MS\vendor\codeigniter4\framework\system\Database\BaseConnection.php(606): CodeIgniter\Database\BaseConnection->simpleQuery('INSERT INTO `ev...')
#3 C:\xampp\htdocs\HR-MS\vendor\codeigniter4\framework\system\Database\BaseBuilder.php(2309): CodeIgniter\Database\BaseConnection->query('INSERT INTO `ev...', Array, false)
#4 C:\xampp\htdocs\HR-MS\vendor\codeigniter4\framework\system\Model.php(330): CodeIgniter\Database\BaseBuilder->insert()
#5 C:\xampp\htdocs\HR-MS\vendor\codeigniter4\framework\system\BaseModel.php(782): CodeIgniter\Model->doInsert(Array)
#6 C:\xampp\htdocs\HR-MS\vendor\codeigniter4\framework\system\Model.php(730): CodeIgniter\BaseModel->insert(Array, true)
#7 C:\xampp\htdocs\HR-MS\app\Controllers\Home.php(277): CodeIgniter\Model->insert(Array)
#8 C:\xampp\htdocs\HR-MS\vendor\codeigniter4\framework\system\CodeIgniter.php(932): App\Controllers\Home->add_event()
#9 C:\xampp\htdocs\HR-MS\vendor\codeigniter4\framework\system\CodeIgniter.php(497): CodeIgniter\CodeIgniter->runController(Object(App\Controllers\Home))
#10 C:\xampp\htdocs\HR-MS\vendor\codeigniter4\framework\system\CodeIgniter.php(366): CodeIgniter\CodeIgniter->handleRequest(NULL, Object(Config\Cache), false)
#11 C:\xampp\htdocs\HR-MS\index.php(67): CodeIgniter\CodeIgniter->run()
#12 {main}
CRITICAL - 2024-02-10 20:07:27 --> Table 'hrmsdb.events' doesn't exist
in SYSTEMPATH\Database\MySQLi\Connection.php on line 295.
 1 SYSTEMPATH\Database\MySQLi\Connection.php(295): mysqli->query('INSERT INTO `events` (`event_name`, `start_date`, `end_date`) VALUES (\'Indigo Wheeler\', \'1995-12-12\', \'1974-06-01\')', 0)
 2 SYSTEMPATH\Database\BaseConnection.php(692): CodeIgniter\Database\MySQLi\Connection->execute('INSERT INTO `events` (`event_name`, `start_date`, `end_date`) VALUES (\'Indigo Wheeler\', \'1995-12-12\', \'1974-06-01\')')
 3 SYSTEMPATH\Database\BaseConnection.php(606): CodeIgniter\Database\BaseConnection->simpleQuery('INSERT INTO `events` (`event_name`, `start_date`, `end_date`) VALUES (\'Indigo Wheeler\', \'1995-12-12\', \'1974-06-01\')')
 4 SYSTEMPATH\Database\BaseBuilder.php(2309): CodeIgniter\Database\BaseConnection->query('INSERT INTO `events` (`event_name`, `start_date`, `end_date`) VALUES (:event_name:, :start_date:, :end_date:)', [...], false)
 5 SYSTEMPATH\Model.php(330): CodeIgniter\Database\BaseBuilder->insert()
 6 SYSTEMPATH\BaseModel.php(782): CodeIgniter\Model->doInsert([...])
 7 SYSTEMPATH\Model.php(730): CodeIgniter\BaseModel->insert([...], true)
 8 APPPATH\Controllers\Home.php(277): CodeIgniter\Model->insert([...])
 9 SYSTEMPATH\CodeIgniter.php(932): App\Controllers\Home->add_event()
10 SYSTEMPATH\CodeIgniter.php(497): CodeIgniter\CodeIgniter->runController(Object(App\Controllers\Home))
11 SYSTEMPATH\CodeIgniter.php(366): CodeIgniter\CodeIgniter->handleRequest(null, Object(Config\Cache), false)
12 FCPATH\index.php(67): CodeIgniter\CodeIgniter->run()
CRITICAL - 2024-02-10 20:30:34 --> Undefined variable $events
in APPPATH\Views\index.php on line 173.
 1 APPPATH\Views\index.php(173): CodeIgniter\Debug\Exceptions->errorHandler(2, 'Undefined variable $events', 'C:\\xampp\\htdocs\\HR-MS\\app\\Views\\index.php', 173)
 2 SYSTEMPATH\View\View.php(224): include('C:\\xampp\\htdocs\\HR-MS\\app\\Views\\index.php')
 3 SYSTEMPATH\View\View.php(227): CodeIgniter\View\View->CodeIgniter\View\{closure}()
 4 SYSTEMPATH\Common.php(1176): CodeIgniter\View\View->render('index', [], true)
 5 APPPATH\Controllers\Home.php(255): view('index', [...])
 6 SYSTEMPATH\CodeIgniter.php(932): App\Controllers\Home->Dashboard()
 7 SYSTEMPATH\CodeIgniter.php(497): CodeIgniter\CodeIgniter->runController(Object(App\Controllers\Home))
 8 SYSTEMPATH\CodeIgniter.php(366): CodeIgniter\CodeIgniter->handleRequest(null, Object(Config\Cache), false)
 9 FCPATH\index.php(67): CodeIgniter\CodeIgniter->run()
CRITICAL - 2024-02-10 20:33:01 --> Undefined variable $dept_count
in APPPATH\Views\index.php on line 28.
 1 APPPATH\Views\index.php(28): CodeIgniter\Debug\Exceptions->errorHandler(2, 'Undefined variable $dept_count', 'C:\\xampp\\htdocs\\HR-MS\\app\\Views\\index.php', 28)
 2 SYSTEMPATH\View\View.php(224): include('C:\\xampp\\htdocs\\HR-MS\\app\\Views\\index.php')
 3 SYSTEMPATH\View\View.php(227): CodeIgniter\View\View->CodeIgniter\View\{closure}()
 4 SYSTEMPATH\Common.php(1176): CodeIgniter\View\View->render('index', [], true)
 5 APPPATH\Controllers\Home.php(287): view('index', [...])
 6 SYSTEMPATH\CodeIgniter.php(932): App\Controllers\Home->fetchDataFromEventsTable()
 7 SYSTEMPATH\CodeIgniter.php(497): CodeIgniter\CodeIgniter->runController(Object(App\Controllers\Home))
 8 SYSTEMPATH\CodeIgniter.php(366): CodeIgniter\CodeIgniter->handleRequest(null, Object(Config\Cache), false)
 9 FCPATH\index.php(67): CodeIgniter\CodeIgniter->run()
CRITICAL - 2024-02-10 20:39:02 --> Object of class CodeIgniter\Database\MySQLi\Builder could not be converted to string
in APPPATH\Controllers\Home.php on line 285.
 1 SYSTEMPATH\CodeIgniter.php(932): App\Controllers\Home->fetchDataFromEventsTable()
 2 SYSTEMPATH\CodeIgniter.php(497): CodeIgniter\CodeIgniter->runController(Object(App\Controllers\Home))
 3 SYSTEMPATH\CodeIgniter.php(366): CodeIgniter\CodeIgniter->handleRequest(null, Object(Config\Cache), false)
 4 FCPATH\index.php(67): CodeIgniter\CodeIgniter->run()
CRITICAL - 2024-02-10 20:39:30 --> Object of class CodeIgniter\Database\MySQLi\Result could not be converted to string
in APPPATH\Controllers\Home.php on line 285.
 1 SYSTEMPATH\CodeIgniter.php(932): App\Controllers\Home->fetchDataFromEventsTable()
 2 SYSTEMPATH\CodeIgniter.php(497): CodeIgniter\CodeIgniter->runController(Object(App\Controllers\Home))
 3 SYSTEMPATH\CodeIgniter.php(366): CodeIgniter\CodeIgniter->handleRequest(null, Object(Config\Cache), false)
 4 FCPATH\index.php(67): CodeIgniter\CodeIgniter->run()
CRITICAL - 2024-02-10 20:39:32 --> Object of class CodeIgniter\Database\MySQLi\Result could not be converted to string
in APPPATH\Controllers\Home.php on line 285.
 1 SYSTEMPATH\CodeIgniter.php(932): App\Controllers\Home->fetchDataFromEventsTable()
 2 SYSTEMPATH\CodeIgniter.php(497): CodeIgniter\CodeIgniter->runController(Object(App\Controllers\Home))
 3 SYSTEMPATH\CodeIgniter.php(366): CodeIgniter\CodeIgniter->handleRequest(null, Object(Config\Cache), false)
 4 FCPATH\index.php(67): CodeIgniter\CodeIgniter->run()
CRITICAL - 2024-02-10 20:39:33 --> Object of class CodeIgniter\Database\MySQLi\Result could not be converted to string
in APPPATH\Controllers\Home.php on line 285.
 1 SYSTEMPATH\CodeIgniter.php(932): App\Controllers\Home->fetchDataFromEventsTable()
 2 SYSTEMPATH\CodeIgniter.php(497): CodeIgniter\CodeIgniter->runController(Object(App\Controllers\Home))
 3 SYSTEMPATH\CodeIgniter.php(366): CodeIgniter\CodeIgniter->handleRequest(null, Object(Config\Cache), false)
 4 FCPATH\index.php(67): CodeIgniter\CodeIgniter->run()
CRITICAL - 2024-02-10 20:39:33 --> Object of class CodeIgniter\Database\MySQLi\Result could not be converted to string
in APPPATH\Controllers\Home.php on line 285.
 1 SYSTEMPATH\CodeIgniter.php(932): App\Controllers\Home->fetchDataFromEventsTable()
 2 SYSTEMPATH\CodeIgniter.php(497): CodeIgniter\CodeIgniter->runController(Object(App\Controllers\Home))
 3 SYSTEMPATH\CodeIgniter.php(366): CodeIgniter\CodeIgniter->handleRequest(null, Object(Config\Cache), false)
 4 FCPATH\index.php(67): CodeIgniter\CodeIgniter->run()
CRITICAL - 2024-02-10 20:39:34 --> Object of class CodeIgniter\Database\MySQLi\Result could not be converted to string
in APPPATH\Controllers\Home.php on line 285.
 1 SYSTEMPATH\CodeIgniter.php(932): App\Controllers\Home->fetchDataFromEventsTable()
 2 SYSTEMPATH\CodeIgniter.php(497): CodeIgniter\CodeIgniter->runController(Object(App\Controllers\Home))
 3 SYSTEMPATH\CodeIgniter.php(366): CodeIgniter\CodeIgniter->handleRequest(null, Object(Config\Cache), false)
 4 FCPATH\index.php(67): CodeIgniter\CodeIgniter->run()
CRITICAL - 2024-02-10 21:08:08 --> Undefined variable $events
in APPPATH\Views\index.php on line 173.
 1 APPPATH\Views\index.php(173): CodeIgniter\Debug\Exceptions->errorHandler(2, 'Undefined variable $events', 'C:\\xampp\\htdocs\\HR-MS\\app\\Views\\index.php', 173)
 2 SYSTEMPATH\View\View.php(224): include('C:\\xampp\\htdocs\\HR-MS\\app\\Views\\index.php')
 3 SYSTEMPATH\View\View.php(227): CodeIgniter\View\View->CodeIgniter\View\{closure}()
 4 SYSTEMPATH\Common.php(1176): CodeIgniter\View\View->render('index', [], true)
 5 APPPATH\Controllers\Home.php(255): view('index', [...])
 6 SYSTEMPATH\CodeIgniter.php(932): App\Controllers\Home->Dashboard()
 7 SYSTEMPATH\CodeIgniter.php(497): CodeIgniter\CodeIgniter->runController(Object(App\Controllers\Home))
 8 SYSTEMPATH\CodeIgniter.php(366): CodeIgniter\CodeIgniter->handleRequest(null, Object(Config\Cache), false)
 9 FCPATH\index.php(67): CodeIgniter\CodeIgniter->run()
CRITICAL - 2024-02-10 21:25:29 --> Object of class CodeIgniter\Database\MySQLi\Result could not be converted to string
in APPPATH\Controllers\Home.php on line 287.
 1 SYSTEMPATH\CodeIgniter.php(932): App\Controllers\Home->fetchDataFromEventsTable()
 2 SYSTEMPATH\CodeIgniter.php(497): CodeIgniter\CodeIgniter->runController(Object(App\Controllers\Home))
 3 SYSTEMPATH\CodeIgniter.php(366): CodeIgniter\CodeIgniter->handleRequest(null, Object(Config\Cache), false)
 4 FCPATH\index.php(67): CodeIgniter\CodeIgniter->run()
CRITICAL - 2024-02-10 21:30:35 --> Object of class CodeIgniter\Database\MySQLi\Result could not be converted to string
in APPPATH\Controllers\Home.php on line 286.
 1 SYSTEMPATH\CodeIgniter.php(932): App\Controllers\Home->fetchDataFromEventsTable()
 2 SYSTEMPATH\CodeIgniter.php(497): CodeIgniter\CodeIgniter->runController(Object(App\Controllers\Home))
 3 SYSTEMPATH\CodeIgniter.php(366): CodeIgniter\CodeIgniter->handleRequest(null, Object(Config\Cache), false)
 4 FCPATH\index.php(67): CodeIgniter\CodeIgniter->run()
CRITICAL - 2024-02-10 21:30:36 --> Object of class CodeIgniter\Database\MySQLi\Result could not be converted to string
in APPPATH\Controllers\Home.php on line 286.
 1 SYSTEMPATH\CodeIgniter.php(932): App\Controllers\Home->fetchDataFromEventsTable()
 2 SYSTEMPATH\CodeIgniter.php(497): CodeIgniter\CodeIgniter->runController(Object(App\Controllers\Home))
 3 SYSTEMPATH\CodeIgniter.php(366): CodeIgniter\CodeIgniter->handleRequest(null, Object(Config\Cache), false)
 4 FCPATH\index.php(67): CodeIgniter\CodeIgniter->run()
CRITICAL - 2024-02-10 21:30:39 --> Object of class CodeIgniter\Database\MySQLi\Result could not be converted to string
in APPPATH\Controllers\Home.php on line 286.
 1 SYSTEMPATH\CodeIgniter.php(932): App\Controllers\Home->fetchDataFromEventsTable()
 2 SYSTEMPATH\CodeIgniter.php(497): CodeIgniter\CodeIgniter->runController(Object(App\Controllers\Home))
 3 SYSTEMPATH\CodeIgniter.php(366): CodeIgniter\CodeIgniter->handleRequest(null, Object(Config\Cache), false)
 4 FCPATH\index.php(67): CodeIgniter\CodeIgniter->run()
CRITICAL - 2024-02-10 21:35:34 --> Call to undefined method CodeIgniter\Database\MySQLi\Result::result_array()
in APPPATH\Controllers\Home.php on line 288.
 1 SYSTEMPATH\CodeIgniter.php(932): App\Controllers\Home->fetchDataFromEventsTable()
 2 SYSTEMPATH\CodeIgniter.php(497): CodeIgniter\CodeIgniter->runController(Object(App\Controllers\Home))
 3 SYSTEMPATH\CodeIgniter.php(366): CodeIgniter\CodeIgniter->handleRequest(null, Object(Config\Cache), false)
 4 FCPATH\index.php(67): CodeIgniter\CodeIgniter->run()
CRITICAL - 2024-02-10 21:37:03 --> Undefined variable $dept_count
in APPPATH\Views\index.php on line 28.
 1 APPPATH\Views\index.php(28): CodeIgniter\Debug\Exceptions->errorHandler(2, 'Undefined variable $dept_count', 'C:\\xampp\\htdocs\\HR-MS\\app\\Views\\index.php', 28)
 2 SYSTEMPATH\View\View.php(224): include('C:\\xampp\\htdocs\\HR-MS\\app\\Views\\index.php')
 3 SYSTEMPATH\View\View.php(227): CodeIgniter\View\View->CodeIgniter\View\{closure}()
 4 SYSTEMPATH\Common.php(1176): CodeIgniter\View\View->render('index', [], true)
 5 APPPATH\Controllers\Home.php(291): view('index', [...])
 6 SYSTEMPATH\CodeIgniter.php(932): App\Controllers\Home->fetchDataFromEventsTable()
 7 SYSTEMPATH\CodeIgniter.php(497): CodeIgniter\CodeIgniter->runController(Object(App\Controllers\Home))
 8 SYSTEMPATH\CodeIgniter.php(366): CodeIgniter\CodeIgniter->handleRequest(null, Object(Config\Cache), false)
 9 FCPATH\index.php(67): CodeIgniter\CodeIgniter->run()
CRITICAL - 2024-02-10 21:37:16 --> Undefined variable $dept_count
in APPPATH\Views\index.php on line 28.
 1 APPPATH\Views\index.php(28): CodeIgniter\Debug\Exceptions->errorHandler(2, 'Undefined variable $dept_count', 'C:\\xampp\\htdocs\\HR-MS\\app\\Views\\index.php', 28)
 2 SYSTEMPATH\View\View.php(224): include('C:\\xampp\\htdocs\\HR-MS\\app\\Views\\index.php')
 3 SYSTEMPATH\View\View.php(227): CodeIgniter\View\View->CodeIgniter\View\{closure}()
 4 SYSTEMPATH\Common.php(1176): CodeIgniter\View\View->render('index', [], true)
 5 APPPATH\Controllers\Home.php(291): view('index', [...])
 6 SYSTEMPATH\CodeIgniter.php(932): App\Controllers\Home->fetchDataFromEventsTable()
 7 SYSTEMPATH\CodeIgniter.php(497): CodeIgniter\CodeIgniter->runController(Object(App\Controllers\Home))
 8 SYSTEMPATH\CodeIgniter.php(366): CodeIgniter\CodeIgniter->handleRequest(null, Object(Config\Cache), false)
 9 FCPATH\index.php(67): CodeIgniter\CodeIgniter->run()
CRITICAL - 2024-02-10 21:39:49 --> Array to string conversion
in APPPATH\Controllers\Home.php on line 287.
 1 APPPATH\Controllers\Home.php(287): CodeIgniter\Debug\Exceptions->errorHandler(2, 'Array to string conversion', 'C:\\xampp\\htdocs\\HR-MS\\app\\Controllers\\Home.php', 287)
 2 SYSTEMPATH\CodeIgniter.php(932): App\Controllers\Home->fetchDataFromEventsTable()
 3 SYSTEMPATH\CodeIgniter.php(497): CodeIgniter\CodeIgniter->runController(Object(App\Controllers\Home))
 4 SYSTEMPATH\CodeIgniter.php(366): CodeIgniter\CodeIgniter->handleRequest(null, Object(Config\Cache), false)
 5 FCPATH\index.php(67): CodeIgniter\CodeIgniter->run()
CRITICAL - 2024-02-10 21:39:53 --> Array to string conversion
in APPPATH\Controllers\Home.php on line 287.
 1 APPPATH\Controllers\Home.php(287): CodeIgniter\Debug\Exceptions->errorHandler(2, 'Array to string conversion', 'C:\\xampp\\htdocs\\HR-MS\\app\\Controllers\\Home.php', 287)
 2 SYSTEMPATH\CodeIgniter.php(932): App\Controllers\Home->fetchDataFromEventsTable()
 3 SYSTEMPATH\CodeIgniter.php(497): CodeIgniter\CodeIgniter->runController(Object(App\Controllers\Home))
 4 SYSTEMPATH\CodeIgniter.php(366): CodeIgniter\CodeIgniter->handleRequest(null, Object(Config\Cache), false)
 5 FCPATH\index.php(67): CodeIgniter\CodeIgniter->run()
CRITICAL - 2024-02-10 21:41:11 --> Undefined variable $dept_count
in APPPATH\Views\index.php on line 28.
 1 APPPATH\Views\index.php(28): CodeIgniter\Debug\Exceptions->errorHandler(2, 'Undefined variable $dept_count', 'C:\\xampp\\htdocs\\HR-MS\\app\\Views\\index.php', 28)
 2 SYSTEMPATH\View\View.php(224): include('C:\\xampp\\htdocs\\HR-MS\\app\\Views\\index.php')
 3 SYSTEMPATH\View\View.php(227): CodeIgniter\View\View->CodeIgniter\View\{closure}()
 4 SYSTEMPATH\Common.php(1176): CodeIgniter\View\View->render('index', [], true)
 5 APPPATH\Controllers\Home.php(291): view('index', [...])
 6 SYSTEMPATH\CodeIgniter.php(932): App\Controllers\Home->fetchDataFromEventsTable()
 7 SYSTEMPATH\CodeIgniter.php(497): CodeIgniter\CodeIgniter->runController(Object(App\Controllers\Home))
 8 SYSTEMPATH\CodeIgniter.php(366): CodeIgniter\CodeIgniter->handleRequest(null, Object(Config\Cache), false)
 9 FCPATH\index.php(67): CodeIgniter\CodeIgniter->run()
CRITICAL - 2024-02-10 21:41:41 --> Undefined variable $events
in APPPATH\Views\index.php on line 173.
 1 APPPATH\Views\index.php(173): CodeIgniter\Debug\Exceptions->errorHandler(2, 'Undefined variable $events', 'C:\\xampp\\htdocs\\HR-MS\\app\\Views\\index.php', 173)
 2 SYSTEMPATH\View\View.php(224): include('C:\\xampp\\htdocs\\HR-MS\\app\\Views\\index.php')
 3 SYSTEMPATH\View\View.php(227): CodeIgniter\View\View->CodeIgniter\View\{closure}()
 4 SYSTEMPATH\Common.php(1176): CodeIgniter\View\View->render('index', [], true)
 5 APPPATH\Controllers\Home.php(255): view('index', [...])
 6 SYSTEMPATH\CodeIgniter.php(932): App\Controllers\Home->Dashboard()
 7 SYSTEMPATH\CodeIgniter.php(497): CodeIgniter\CodeIgniter->runController(Object(App\Controllers\Home))
 8 SYSTEMPATH\CodeIgniter.php(366): CodeIgniter\CodeIgniter->handleRequest(null, Object(Config\Cache), false)
 9 FCPATH\index.php(67): CodeIgniter\CodeIgniter->run()
