ERROR - 2024-01-29 06:19:03 --> mysqli_sql_exception: Cannot add or update a child row: a foreign key constraint fails (`hrmsdb`.`employee_table`, CONSTRAINT `position_fk` FOREIGN KEY (`position`) REFERENCES `position_table` (`position_id`) ON DELETE CASCADE ON UPDATE CASCADE) in C:\xampp\htdocs\HR-MS\vendor\codeigniter4\framework\system\Database\MySQLi\Connection.php:295
Stack trace:
#0 C:\xampp\htdocs\HR-MS\vendor\codeigniter4\framework\system\Database\MySQLi\Connection.php(295): mysqli->query('INSERT INTO `em...', 0)
#1 C:\xampp\htdocs\HR-MS\vendor\codeigniter4\framework\system\Database\BaseConnection.php(692): CodeIgniter\Database\MySQLi\Connection->execute('INSERT INTO `em...')
#2 C:\xampp\htdocs\HR-MS\vendor\codeigniter4\framework\system\Database\BaseConnection.php(606): CodeIgniter\Database\BaseConnection->simpleQuery('INSERT INTO `em...')
#3 C:\xampp\htdocs\HR-MS\vendor\codeigniter4\framework\system\Database\BaseBuilder.php(2309): CodeIgniter\Database\BaseConnection->query('INSERT INTO `em...', Array, false)
#4 C:\xampp\htdocs\HR-MS\vendor\codeigniter4\framework\system\Model.php(330): CodeIgniter\Database\BaseBuilder->insert()
#5 C:\xampp\htdocs\HR-MS\vendor\codeigniter4\framework\system\BaseModel.php(782): CodeIgniter\Model->doInsert(Array)
#6 C:\xampp\htdocs\HR-MS\vendor\codeigniter4\framework\system\Model.php(730): CodeIgniter\BaseModel->insert(Array, true)
#7 C:\xampp\htdocs\HR-MS\app\Controllers\EmployeeDataInsert.php(41): CodeIgniter\Model->insert(Array)
#8 C:\xampp\htdocs\HR-MS\vendor\codeigniter4\framework\system\CodeIgniter.php(932): App\Controllers\EmployeeDataInsert->index()
#9 C:\xampp\htdocs\HR-MS\vendor\codeigniter4\framework\system\CodeIgniter.php(497): CodeIgniter\CodeIgniter->runController(Object(App\Controllers\EmployeeDataInsert))
#10 C:\xampp\htdocs\HR-MS\vendor\codeigniter4\framework\system\CodeIgniter.php(366): CodeIgniter\CodeIgniter->handleRequest(NULL, Object(Config\Cache), false)
#11 C:\xampp\htdocs\HR-MS\index.php(67): CodeIgniter\CodeIgniter->run()
#12 {main}
CRITICAL - 2024-01-29 06:19:03 --> Cannot add or update a child row: a foreign key constraint fails (`hrmsdb`.`employee_table`, CONSTRAINT `position_fk` FOREIGN KEY (`position`) REFERENCES `position_table` (`position_id`) ON DELETE CASCADE ON UPDATE CASCADE)
in SYSTEMPATH\Database\MySQLi\Connection.php on line 295.
 1 SYSTEMPATH\Database\MySQLi\Connection.php(295): mysqli->query('INSERT INTO `employee_table` (`first_name`, `last_name`, `date_of_birth`, `gender`, `contact_number`, `email`, `password`, `address`, `branch`, `designation`, `payement_type`, `contract_type`, `job_type`, `position`, `bank_name`, `account_holder_name`, `bank_branch`, `account_number`, `bank_identifier_code`, `tax_payer_id`) VALUES (\'Keiko\', \'Massey\', \'2000-12-09\', \'Male\', \'180\', \'sigab@mailinator.com\', \'Pa$$w0rd!\', \'Inventore tenetur ve\', \'Ntungamo\', \'Teacher\', \'Mobile Money\', \'Sales\', \'Teaching\', \'3\', \'Fulton Nelson\', \'Quail Barron\', \'Esse quia vero tenet\', \'637\', \'Qui non quidem odio \', \'Inventore officia et\')', 0)
 2 SYSTEMPATH\Database\BaseConnection.php(692): CodeIgniter\Database\MySQLi\Connection->execute('INSERT INTO `employee_table` (`first_name`, `last_name`, `date_of_birth`, `gender`, `contact_number`, `email`, `password`, `address`, `branch`, `designation`, `payement_type`, `contract_type`, `job_type`, `position`, `bank_name`, `account_holder_name`, `bank_branch`, `account_number`, `bank_identifier_code`, `tax_payer_id`) VALUES (\'Keiko\', \'Massey\', \'2000-12-09\', \'Male\', \'180\', \'sigab@mailinator.com\', \'Pa$$w0rd!\', \'Inventore tenetur ve\', \'Ntungamo\', \'Teacher\', \'Mobile Money\', \'Sales\', \'Teaching\', \'3\', \'Fulton Nelson\', \'Quail Barron\', \'Esse quia vero tenet\', \'637\', \'Qui non quidem odio \', \'Inventore officia et\')')
 3 SYSTEMPATH\Database\BaseConnection.php(606): CodeIgniter\Database\BaseConnection->simpleQuery('INSERT INTO `employee_table` (`first_name`, `last_name`, `date_of_birth`, `gender`, `contact_number`, `email`, `password`, `address`, `branch`, `designation`, `payement_type`, `contract_type`, `job_type`, `position`, `bank_name`, `account_holder_name`, `bank_branch`, `account_number`, `bank_identifier_code`, `tax_payer_id`) VALUES (\'Keiko\', \'Massey\', \'2000-12-09\', \'Male\', \'180\', \'sigab@mailinator.com\', \'Pa$$w0rd!\', \'Inventore tenetur ve\', \'Ntungamo\', \'Teacher\', \'Mobile Money\', \'Sales\', \'Teaching\', \'3\', \'Fulton Nelson\', \'Quail Barron\', \'Esse quia vero tenet\', \'637\', \'Qui non quidem odio \', \'Inventore officia et\')')
 4 SYSTEMPATH\Database\BaseBuilder.php(2309): CodeIgniter\Database\BaseConnection->query('INSERT INTO `employee_table` (`first_name`, `last_name`, `date_of_birth`, `gender`, `contact_number`, `email`, `password`, `address`, `branch`, `designation`, `payement_type`, `contract_type`, `job_type`, `position`, `bank_name`, `account_holder_name`, `bank_branch`, `account_number`, `bank_identifier_code`, `tax_payer_id`) VALUES (:first_name:, :last_name:, :date_of_birth:, :gender:, :contact_number:, :email:, :password:, :address:, :branch:, :designation:, :payement_type:, :contract_type:, :job_type:, :position:, :bank_name:, :account_holder_name:, :bank_branch:, :account_number:, :bank_identifier_code:, :tax_payer_id:)', [...], false)
 5 SYSTEMPATH\Model.php(330): CodeIgniter\Database\BaseBuilder->insert()
 6 SYSTEMPATH\BaseModel.php(782): CodeIgniter\Model->doInsert([...])
 7 SYSTEMPATH\Model.php(730): CodeIgniter\BaseModel->insert([...], true)
 8 APPPATH\Controllers\EmployeeDataInsert.php(41): CodeIgniter\Model->insert([...])
 9 SYSTEMPATH\CodeIgniter.php(932): App\Controllers\EmployeeDataInsert->index()
10 SYSTEMPATH\CodeIgniter.php(497): CodeIgniter\CodeIgniter->runController(Object(App\Controllers\EmployeeDataInsert))
11 SYSTEMPATH\CodeIgniter.php(366): CodeIgniter\CodeIgniter->handleRequest(null, Object(Config\Cache), false)
12 FCPATH\index.php(67): CodeIgniter\CodeIgniter->run()
ERROR - 2024-01-29 06:19:27 --> mysqli_sql_exception: Cannot add or update a child row: a foreign key constraint fails (`hrmsdb`.`employee_table`, CONSTRAINT `position_fk` FOREIGN KEY (`position`) REFERENCES `position_table` (`position_id`) ON DELETE CASCADE ON UPDATE CASCADE) in C:\xampp\htdocs\HR-MS\vendor\codeigniter4\framework\system\Database\MySQLi\Connection.php:295
Stack trace:
#0 C:\xampp\htdocs\HR-MS\vendor\codeigniter4\framework\system\Database\MySQLi\Connection.php(295): mysqli->query('INSERT INTO `em...', 0)
#1 C:\xampp\htdocs\HR-MS\vendor\codeigniter4\framework\system\Database\BaseConnection.php(692): CodeIgniter\Database\MySQLi\Connection->execute('INSERT INTO `em...')
#2 C:\xampp\htdocs\HR-MS\vendor\codeigniter4\framework\system\Database\BaseConnection.php(606): CodeIgniter\Database\BaseConnection->simpleQuery('INSERT INTO `em...')
#3 C:\xampp\htdocs\HR-MS\vendor\codeigniter4\framework\system\Database\BaseBuilder.php(2309): CodeIgniter\Database\BaseConnection->query('INSERT INTO `em...', Array, false)
#4 C:\xampp\htdocs\HR-MS\vendor\codeigniter4\framework\system\Model.php(330): CodeIgniter\Database\BaseBuilder->insert()
#5 C:\xampp\htdocs\HR-MS\vendor\codeigniter4\framework\system\BaseModel.php(782): CodeIgniter\Model->doInsert(Array)
#6 C:\xampp\htdocs\HR-MS\vendor\codeigniter4\framework\system\Model.php(730): CodeIgniter\BaseModel->insert(Array, true)
#7 C:\xampp\htdocs\HR-MS\app\Controllers\EmployeeDataInsert.php(41): CodeIgniter\Model->insert(Array)
#8 C:\xampp\htdocs\HR-MS\vendor\codeigniter4\framework\system\CodeIgniter.php(932): App\Controllers\EmployeeDataInsert->index()
#9 C:\xampp\htdocs\HR-MS\vendor\codeigniter4\framework\system\CodeIgniter.php(497): CodeIgniter\CodeIgniter->runController(Object(App\Controllers\EmployeeDataInsert))
#10 C:\xampp\htdocs\HR-MS\vendor\codeigniter4\framework\system\CodeIgniter.php(366): CodeIgniter\CodeIgniter->handleRequest(NULL, Object(Config\Cache), false)
#11 C:\xampp\htdocs\HR-MS\index.php(67): CodeIgniter\CodeIgniter->run()
#12 {main}
CRITICAL - 2024-01-29 06:19:27 --> Cannot add or update a child row: a foreign key constraint fails (`hrmsdb`.`employee_table`, CONSTRAINT `position_fk` FOREIGN KEY (`position`) REFERENCES `position_table` (`position_id`) ON DELETE CASCADE ON UPDATE CASCADE)
in SYSTEMPATH\Database\MySQLi\Connection.php on line 295.
 1 SYSTEMPATH\Database\MySQLi\Connection.php(295): mysqli->query('INSERT INTO `employee_table` (`first_name`, `last_name`, `date_of_birth`, `gender`, `contact_number`, `email`, `password`, `address`, `branch`, `designation`, `payement_type`, `contract_type`, `job_type`, `position`, `bank_name`, `account_holder_name`, `bank_branch`, `account_number`, `bank_identifier_code`, `tax_payer_id`) VALUES (\'Keiko\', \'Massey\', \'2000-12-09\', \'Male\', \'180\', \'sigab@mailinator.com\', \'\', \'Inventore tenetur ve\', \'Ntungamo\', \'Teacher\', \'Mobile Money\', \'Sales\', \'Teaching\', \'3\', \'Fulton Nelson\', \'Quail Barron\', \'Esse quia vero tenet\', \'637\', \'Qui non quidem odio \', \'Inventore officia et\')', 0)
 2 SYSTEMPATH\Database\BaseConnection.php(692): CodeIgniter\Database\MySQLi\Connection->execute('INSERT INTO `employee_table` (`first_name`, `last_name`, `date_of_birth`, `gender`, `contact_number`, `email`, `password`, `address`, `branch`, `designation`, `payement_type`, `contract_type`, `job_type`, `position`, `bank_name`, `account_holder_name`, `bank_branch`, `account_number`, `bank_identifier_code`, `tax_payer_id`) VALUES (\'Keiko\', \'Massey\', \'2000-12-09\', \'Male\', \'180\', \'sigab@mailinator.com\', \'\', \'Inventore tenetur ve\', \'Ntungamo\', \'Teacher\', \'Mobile Money\', \'Sales\', \'Teaching\', \'3\', \'Fulton Nelson\', \'Quail Barron\', \'Esse quia vero tenet\', \'637\', \'Qui non quidem odio \', \'Inventore officia et\')')
 3 SYSTEMPATH\Database\BaseConnection.php(606): CodeIgniter\Database\BaseConnection->simpleQuery('INSERT INTO `employee_table` (`first_name`, `last_name`, `date_of_birth`, `gender`, `contact_number`, `email`, `password`, `address`, `branch`, `designation`, `payement_type`, `contract_type`, `job_type`, `position`, `bank_name`, `account_holder_name`, `bank_branch`, `account_number`, `bank_identifier_code`, `tax_payer_id`) VALUES (\'Keiko\', \'Massey\', \'2000-12-09\', \'Male\', \'180\', \'sigab@mailinator.com\', \'\', \'Inventore tenetur ve\', \'Ntungamo\', \'Teacher\', \'Mobile Money\', \'Sales\', \'Teaching\', \'3\', \'Fulton Nelson\', \'Quail Barron\', \'Esse quia vero tenet\', \'637\', \'Qui non quidem odio \', \'Inventore officia et\')')
 4 SYSTEMPATH\Database\BaseBuilder.php(2309): CodeIgniter\Database\BaseConnection->query('INSERT INTO `employee_table` (`first_name`, `last_name`, `date_of_birth`, `gender`, `contact_number`, `email`, `password`, `address`, `branch`, `designation`, `payement_type`, `contract_type`, `job_type`, `position`, `bank_name`, `account_holder_name`, `bank_branch`, `account_number`, `bank_identifier_code`, `tax_payer_id`) VALUES (:first_name:, :last_name:, :date_of_birth:, :gender:, :contact_number:, :email:, :password:, :address:, :branch:, :designation:, :payement_type:, :contract_type:, :job_type:, :position:, :bank_name:, :account_holder_name:, :bank_branch:, :account_number:, :bank_identifier_code:, :tax_payer_id:)', [...], false)
 5 SYSTEMPATH\Model.php(330): CodeIgniter\Database\BaseBuilder->insert()
 6 SYSTEMPATH\BaseModel.php(782): CodeIgniter\Model->doInsert([...])
 7 SYSTEMPATH\Model.php(730): CodeIgniter\BaseModel->insert([...], true)
 8 APPPATH\Controllers\EmployeeDataInsert.php(41): CodeIgniter\Model->insert([...])
 9 SYSTEMPATH\CodeIgniter.php(932): App\Controllers\EmployeeDataInsert->index()
10 SYSTEMPATH\CodeIgniter.php(497): CodeIgniter\CodeIgniter->runController(Object(App\Controllers\EmployeeDataInsert))
11 SYSTEMPATH\CodeIgniter.php(366): CodeIgniter\CodeIgniter->handleRequest(null, Object(Config\Cache), false)
12 FCPATH\index.php(67): CodeIgniter\CodeIgniter->run()
ERROR - 2024-01-29 06:31:47 --> mysqli_sql_exception: Cannot add or update a child row: a foreign key constraint fails (`hrmsdb`.`employee_table`, CONSTRAINT `department_fk` FOREIGN KEY (`department`) REFERENCES `department_table` (`department_id`) ON DELETE CASCADE ON UPDATE CASCADE) in C:\xampp\htdocs\HR-MS\vendor\codeigniter4\framework\system\Database\MySQLi\Connection.php:295
Stack trace:
#0 C:\xampp\htdocs\HR-MS\vendor\codeigniter4\framework\system\Database\MySQLi\Connection.php(295): mysqli->query('INSERT INTO `em...', 0)
#1 C:\xampp\htdocs\HR-MS\vendor\codeigniter4\framework\system\Database\BaseConnection.php(692): CodeIgniter\Database\MySQLi\Connection->execute('INSERT INTO `em...')
#2 C:\xampp\htdocs\HR-MS\vendor\codeigniter4\framework\system\Database\BaseConnection.php(606): CodeIgniter\Database\BaseConnection->simpleQuery('INSERT INTO `em...')
#3 C:\xampp\htdocs\HR-MS\vendor\codeigniter4\framework\system\Database\BaseBuilder.php(2309): CodeIgniter\Database\BaseConnection->query('INSERT INTO `em...', Array, false)
#4 C:\xampp\htdocs\HR-MS\vendor\codeigniter4\framework\system\Model.php(330): CodeIgniter\Database\BaseBuilder->insert()
#5 C:\xampp\htdocs\HR-MS\vendor\codeigniter4\framework\system\BaseModel.php(782): CodeIgniter\Model->doInsert(Array)
#6 C:\xampp\htdocs\HR-MS\vendor\codeigniter4\framework\system\Model.php(730): CodeIgniter\BaseModel->insert(Array, true)
#7 C:\xampp\htdocs\HR-MS\app\Controllers\EmployeeDataInsert.php(41): CodeIgniter\Model->insert(Array)
#8 C:\xampp\htdocs\HR-MS\vendor\codeigniter4\framework\system\CodeIgniter.php(932): App\Controllers\EmployeeDataInsert->index()
#9 C:\xampp\htdocs\HR-MS\vendor\codeigniter4\framework\system\CodeIgniter.php(497): CodeIgniter\CodeIgniter->runController(Object(App\Controllers\EmployeeDataInsert))
#10 C:\xampp\htdocs\HR-MS\vendor\codeigniter4\framework\system\CodeIgniter.php(366): CodeIgniter\CodeIgniter->handleRequest(NULL, Object(Config\Cache), false)
#11 C:\xampp\htdocs\HR-MS\index.php(67): CodeIgniter\CodeIgniter->run()
#12 {main}
CRITICAL - 2024-01-29 06:31:47 --> Cannot add or update a child row: a foreign key constraint fails (`hrmsdb`.`employee_table`, CONSTRAINT `department_fk` FOREIGN KEY (`department`) REFERENCES `department_table` (`department_id`) ON DELETE CASCADE ON UPDATE CASCADE)
in SYSTEMPATH\Database\MySQLi\Connection.php on line 295.
 1 SYSTEMPATH\Database\MySQLi\Connection.php(295): mysqli->query('INSERT INTO `employee_table` (`first_name`, `last_name`, `date_of_birth`, `gender`, `contact_number`, `email`, `password`, `address`, `department`, `branch`, `designation`, `payement_type`, `contract_type`, `job_type`, `position`, `bank_name`, `account_holder_name`, `bank_branch`, `account_number`, `bank_identifier_code`, `tax_payer_id`) VALUES (\'Miriam\', \'Duran\', \'1979-08-28\', \'Male\', \'438\', \'woho@mailinator.com\', \'Pa$$w0rd!\', \'Aut autem veniam qu\', \'ICT\', \'Wakiso\', \'Teacher\', \'Cash\', \'Adhesion\', \'Farming\', \'1\', \'Shafira Berry\', \'Vera Talley\', \'Sint irure adipisci\', \'19\', \'In impedit nostrum \', \'Accusamus nihil ea p\')', 0)
 2 SYSTEMPATH\Database\BaseConnection.php(692): CodeIgniter\Database\MySQLi\Connection->execute('INSERT INTO `employee_table` (`first_name`, `last_name`, `date_of_birth`, `gender`, `contact_number`, `email`, `password`, `address`, `department`, `branch`, `designation`, `payement_type`, `contract_type`, `job_type`, `position`, `bank_name`, `account_holder_name`, `bank_branch`, `account_number`, `bank_identifier_code`, `tax_payer_id`) VALUES (\'Miriam\', \'Duran\', \'1979-08-28\', \'Male\', \'438\', \'woho@mailinator.com\', \'Pa$$w0rd!\', \'Aut autem veniam qu\', \'ICT\', \'Wakiso\', \'Teacher\', \'Cash\', \'Adhesion\', \'Farming\', \'1\', \'Shafira Berry\', \'Vera Talley\', \'Sint irure adipisci\', \'19\', \'In impedit nostrum \', \'Accusamus nihil ea p\')')
 3 SYSTEMPATH\Database\BaseConnection.php(606): CodeIgniter\Database\BaseConnection->simpleQuery('INSERT INTO `employee_table` (`first_name`, `last_name`, `date_of_birth`, `gender`, `contact_number`, `email`, `password`, `address`, `department`, `branch`, `designation`, `payement_type`, `contract_type`, `job_type`, `position`, `bank_name`, `account_holder_name`, `bank_branch`, `account_number`, `bank_identifier_code`, `tax_payer_id`) VALUES (\'Miriam\', \'Duran\', \'1979-08-28\', \'Male\', \'438\', \'woho@mailinator.com\', \'Pa$$w0rd!\', \'Aut autem veniam qu\', \'ICT\', \'Wakiso\', \'Teacher\', \'Cash\', \'Adhesion\', \'Farming\', \'1\', \'Shafira Berry\', \'Vera Talley\', \'Sint irure adipisci\', \'19\', \'In impedit nostrum \', \'Accusamus nihil ea p\')')
 4 SYSTEMPATH\Database\BaseBuilder.php(2309): CodeIgniter\Database\BaseConnection->query('INSERT INTO `employee_table` (`first_name`, `last_name`, `date_of_birth`, `gender`, `contact_number`, `email`, `password`, `address`, `department`, `branch`, `designation`, `payement_type`, `contract_type`, `job_type`, `position`, `bank_name`, `account_holder_name`, `bank_branch`, `account_number`, `bank_identifier_code`, `tax_payer_id`) VALUES (:first_name:, :last_name:, :date_of_birth:, :gender:, :contact_number:, :email:, :password:, :address:, :department:, :branch:, :designation:, :payement_type:, :contract_type:, :job_type:, :position:, :bank_name:, :account_holder_name:, :bank_branch:, :account_number:, :bank_identifier_code:, :tax_payer_id:)', [...], false)
 5 SYSTEMPATH\Model.php(330): CodeIgniter\Database\BaseBuilder->insert()
 6 SYSTEMPATH\BaseModel.php(782): CodeIgniter\Model->doInsert([...])
 7 SYSTEMPATH\Model.php(730): CodeIgniter\BaseModel->insert([...], true)
 8 APPPATH\Controllers\EmployeeDataInsert.php(41): CodeIgniter\Model->insert([...])
 9 SYSTEMPATH\CodeIgniter.php(932): App\Controllers\EmployeeDataInsert->index()
10 SYSTEMPATH\CodeIgniter.php(497): CodeIgniter\CodeIgniter->runController(Object(App\Controllers\EmployeeDataInsert))
11 SYSTEMPATH\CodeIgniter.php(366): CodeIgniter\CodeIgniter->handleRequest(null, Object(Config\Cache), false)
12 FCPATH\index.php(67): CodeIgniter\CodeIgniter->run()
ERROR - 2024-01-29 06:32:19 --> mysqli_sql_exception: Cannot add or update a child row: a foreign key constraint fails (`hrmsdb`.`employee_table`, CONSTRAINT `department_fk` FOREIGN KEY (`department`) REFERENCES `department_table` (`department_id`) ON DELETE CASCADE ON UPDATE CASCADE) in C:\xampp\htdocs\HR-MS\vendor\codeigniter4\framework\system\Database\MySQLi\Connection.php:295
Stack trace:
#0 C:\xampp\htdocs\HR-MS\vendor\codeigniter4\framework\system\Database\MySQLi\Connection.php(295): mysqli->query('INSERT INTO `em...', 0)
#1 C:\xampp\htdocs\HR-MS\vendor\codeigniter4\framework\system\Database\BaseConnection.php(692): CodeIgniter\Database\MySQLi\Connection->execute('INSERT INTO `em...')
#2 C:\xampp\htdocs\HR-MS\vendor\codeigniter4\framework\system\Database\BaseConnection.php(606): CodeIgniter\Database\BaseConnection->simpleQuery('INSERT INTO `em...')
#3 C:\xampp\htdocs\HR-MS\vendor\codeigniter4\framework\system\Database\BaseBuilder.php(2309): CodeIgniter\Database\BaseConnection->query('INSERT INTO `em...', Array, false)
#4 C:\xampp\htdocs\HR-MS\vendor\codeigniter4\framework\system\Model.php(330): CodeIgniter\Database\BaseBuilder->insert()
#5 C:\xampp\htdocs\HR-MS\vendor\codeigniter4\framework\system\BaseModel.php(782): CodeIgniter\Model->doInsert(Array)
#6 C:\xampp\htdocs\HR-MS\vendor\codeigniter4\framework\system\Model.php(730): CodeIgniter\BaseModel->insert(Array, true)
#7 C:\xampp\htdocs\HR-MS\app\Controllers\EmployeeDataInsert.php(41): CodeIgniter\Model->insert(Array)
#8 C:\xampp\htdocs\HR-MS\vendor\codeigniter4\framework\system\CodeIgniter.php(932): App\Controllers\EmployeeDataInsert->index()
#9 C:\xampp\htdocs\HR-MS\vendor\codeigniter4\framework\system\CodeIgniter.php(497): CodeIgniter\CodeIgniter->runController(Object(App\Controllers\EmployeeDataInsert))
#10 C:\xampp\htdocs\HR-MS\vendor\codeigniter4\framework\system\CodeIgniter.php(366): CodeIgniter\CodeIgniter->handleRequest(NULL, Object(Config\Cache), false)
#11 C:\xampp\htdocs\HR-MS\index.php(67): CodeIgniter\CodeIgniter->run()
#12 {main}
CRITICAL - 2024-01-29 06:32:19 --> Cannot add or update a child row: a foreign key constraint fails (`hrmsdb`.`employee_table`, CONSTRAINT `department_fk` FOREIGN KEY (`department`) REFERENCES `department_table` (`department_id`) ON DELETE CASCADE ON UPDATE CASCADE)
in SYSTEMPATH\Database\MySQLi\Connection.php on line 295.
 1 SYSTEMPATH\Database\MySQLi\Connection.php(295): mysqli->query('INSERT INTO `employee_table` (`first_name`, `last_name`, `date_of_birth`, `gender`, `contact_number`, `email`, `password`, `address`, `department`, `branch`, `designation`, `payement_type`, `contract_type`, `job_type`, `position`, `bank_name`, `account_holder_name`, `bank_branch`, `account_number`, `bank_identifier_code`, `tax_payer_id`) VALUES (\'Miriam\', \'Duran\', \'1979-08-28\', \'Male\', \'438\', \'woho@mailinator.com\', \'Pa$$w0rd!\', \'Aut autem veniam qu\', \'ICT\', \'Wakiso\', \'Teacher\', \'Cash\', \'Adhesion\', \'Farming\', \'1\', \'Shafira Berry\', \'Vera Talley\', \'Sint irure adipisci\', \'19\', \'In impedit nostrum \', \'Accusamus nihil ea p\')', 0)
 2 SYSTEMPATH\Database\BaseConnection.php(692): CodeIgniter\Database\MySQLi\Connection->execute('INSERT INTO `employee_table` (`first_name`, `last_name`, `date_of_birth`, `gender`, `contact_number`, `email`, `password`, `address`, `department`, `branch`, `designation`, `payement_type`, `contract_type`, `job_type`, `position`, `bank_name`, `account_holder_name`, `bank_branch`, `account_number`, `bank_identifier_code`, `tax_payer_id`) VALUES (\'Miriam\', \'Duran\', \'1979-08-28\', \'Male\', \'438\', \'woho@mailinator.com\', \'Pa$$w0rd!\', \'Aut autem veniam qu\', \'ICT\', \'Wakiso\', \'Teacher\', \'Cash\', \'Adhesion\', \'Farming\', \'1\', \'Shafira Berry\', \'Vera Talley\', \'Sint irure adipisci\', \'19\', \'In impedit nostrum \', \'Accusamus nihil ea p\')')
 3 SYSTEMPATH\Database\BaseConnection.php(606): CodeIgniter\Database\BaseConnection->simpleQuery('INSERT INTO `employee_table` (`first_name`, `last_name`, `date_of_birth`, `gender`, `contact_number`, `email`, `password`, `address`, `department`, `branch`, `designation`, `payement_type`, `contract_type`, `job_type`, `position`, `bank_name`, `account_holder_name`, `bank_branch`, `account_number`, `bank_identifier_code`, `tax_payer_id`) VALUES (\'Miriam\', \'Duran\', \'1979-08-28\', \'Male\', \'438\', \'woho@mailinator.com\', \'Pa$$w0rd!\', \'Aut autem veniam qu\', \'ICT\', \'Wakiso\', \'Teacher\', \'Cash\', \'Adhesion\', \'Farming\', \'1\', \'Shafira Berry\', \'Vera Talley\', \'Sint irure adipisci\', \'19\', \'In impedit nostrum \', \'Accusamus nihil ea p\')')
 4 SYSTEMPATH\Database\BaseBuilder.php(2309): CodeIgniter\Database\BaseConnection->query('INSERT INTO `employee_table` (`first_name`, `last_name`, `date_of_birth`, `gender`, `contact_number`, `email`, `password`, `address`, `department`, `branch`, `designation`, `payement_type`, `contract_type`, `job_type`, `position`, `bank_name`, `account_holder_name`, `bank_branch`, `account_number`, `bank_identifier_code`, `tax_payer_id`) VALUES (:first_name:, :last_name:, :date_of_birth:, :gender:, :contact_number:, :email:, :password:, :address:, :department:, :branch:, :designation:, :payement_type:, :contract_type:, :job_type:, :position:, :bank_name:, :account_holder_name:, :bank_branch:, :account_number:, :bank_identifier_code:, :tax_payer_id:)', [...], false)
 5 SYSTEMPATH\Model.php(330): CodeIgniter\Database\BaseBuilder->insert()
 6 SYSTEMPATH\BaseModel.php(782): CodeIgniter\Model->doInsert([...])
 7 SYSTEMPATH\Model.php(730): CodeIgniter\BaseModel->insert([...], true)
 8 APPPATH\Controllers\EmployeeDataInsert.php(41): CodeIgniter\Model->insert([...])
 9 SYSTEMPATH\CodeIgniter.php(932): App\Controllers\EmployeeDataInsert->index()
10 SYSTEMPATH\CodeIgniter.php(497): CodeIgniter\CodeIgniter->runController(Object(App\Controllers\EmployeeDataInsert))
11 SYSTEMPATH\CodeIgniter.php(366): CodeIgniter\CodeIgniter->handleRequest(null, Object(Config\Cache), false)
12 FCPATH\index.php(67): CodeIgniter\CodeIgniter->run()
ERROR - 2024-01-29 06:32:50 --> mysqli_sql_exception: Cannot add or update a child row: a foreign key constraint fails (`hrmsdb`.`employee_table`, CONSTRAINT `department_fk` FOREIGN KEY (`department`) REFERENCES `department_table` (`department_id`) ON DELETE CASCADE ON UPDATE CASCADE) in C:\xampp\htdocs\HR-MS\vendor\codeigniter4\framework\system\Database\MySQLi\Connection.php:295
Stack trace:
#0 C:\xampp\htdocs\HR-MS\vendor\codeigniter4\framework\system\Database\MySQLi\Connection.php(295): mysqli->query('INSERT INTO `em...', 0)
#1 C:\xampp\htdocs\HR-MS\vendor\codeigniter4\framework\system\Database\BaseConnection.php(692): CodeIgniter\Database\MySQLi\Connection->execute('INSERT INTO `em...')
#2 C:\xampp\htdocs\HR-MS\vendor\codeigniter4\framework\system\Database\BaseConnection.php(606): CodeIgniter\Database\BaseConnection->simpleQuery('INSERT INTO `em...')
#3 C:\xampp\htdocs\HR-MS\vendor\codeigniter4\framework\system\Database\BaseBuilder.php(2309): CodeIgniter\Database\BaseConnection->query('INSERT INTO `em...', Array, false)
#4 C:\xampp\htdocs\HR-MS\vendor\codeigniter4\framework\system\Model.php(330): CodeIgniter\Database\BaseBuilder->insert()
#5 C:\xampp\htdocs\HR-MS\vendor\codeigniter4\framework\system\BaseModel.php(782): CodeIgniter\Model->doInsert(Array)
#6 C:\xampp\htdocs\HR-MS\vendor\codeigniter4\framework\system\Model.php(730): CodeIgniter\BaseModel->insert(Array, true)
#7 C:\xampp\htdocs\HR-MS\app\Controllers\EmployeeDataInsert.php(41): CodeIgniter\Model->insert(Array)
#8 C:\xampp\htdocs\HR-MS\vendor\codeigniter4\framework\system\CodeIgniter.php(932): App\Controllers\EmployeeDataInsert->index()
#9 C:\xampp\htdocs\HR-MS\vendor\codeigniter4\framework\system\CodeIgniter.php(497): CodeIgniter\CodeIgniter->runController(Object(App\Controllers\EmployeeDataInsert))
#10 C:\xampp\htdocs\HR-MS\vendor\codeigniter4\framework\system\CodeIgniter.php(366): CodeIgniter\CodeIgniter->handleRequest(NULL, Object(Config\Cache), false)
#11 C:\xampp\htdocs\HR-MS\index.php(67): CodeIgniter\CodeIgniter->run()
#12 {main}
CRITICAL - 2024-01-29 06:32:50 --> Cannot add or update a child row: a foreign key constraint fails (`hrmsdb`.`employee_table`, CONSTRAINT `department_fk` FOREIGN KEY (`department`) REFERENCES `department_table` (`department_id`) ON DELETE CASCADE ON UPDATE CASCADE)
in SYSTEMPATH\Database\MySQLi\Connection.php on line 295.
 1 SYSTEMPATH\Database\MySQLi\Connection.php(295): mysqli->query('INSERT INTO `employee_table` (`first_name`, `last_name`, `date_of_birth`, `gender`, `contact_number`, `email`, `password`, `address`, `department`, `branch`, `designation`, `payement_type`, `contract_type`, `job_type`, `position`, `bank_name`, `account_holder_name`, `bank_branch`, `account_number`, `bank_identifier_code`, `tax_payer_id`) VALUES (\'Miriam\', \'Duran\', \'1979-08-28\', \'Male\', \'438\', \'woho@mailinator.com\', \'\', \'Aut autem veniam qu\', \'ICT\', \'Wakiso\', \'Teacher\', \'Cash\', \'Adhesion\', \'Farming\', \'1\', \'Shafira Berry\', \'Vera Talley\', \'Sint irure adipisci\', \'19\', \'In impedit nostrum \', \'Accusamus nihil ea p\')', 0)
 2 SYSTEMPATH\Database\BaseConnection.php(692): CodeIgniter\Database\MySQLi\Connection->execute('INSERT INTO `employee_table` (`first_name`, `last_name`, `date_of_birth`, `gender`, `contact_number`, `email`, `password`, `address`, `department`, `branch`, `designation`, `payement_type`, `contract_type`, `job_type`, `position`, `bank_name`, `account_holder_name`, `bank_branch`, `account_number`, `bank_identifier_code`, `tax_payer_id`) VALUES (\'Miriam\', \'Duran\', \'1979-08-28\', \'Male\', \'438\', \'woho@mailinator.com\', \'\', \'Aut autem veniam qu\', \'ICT\', \'Wakiso\', \'Teacher\', \'Cash\', \'Adhesion\', \'Farming\', \'1\', \'Shafira Berry\', \'Vera Talley\', \'Sint irure adipisci\', \'19\', \'In impedit nostrum \', \'Accusamus nihil ea p\')')
 3 SYSTEMPATH\Database\BaseConnection.php(606): CodeIgniter\Database\BaseConnection->simpleQuery('INSERT INTO `employee_table` (`first_name`, `last_name`, `date_of_birth`, `gender`, `contact_number`, `email`, `password`, `address`, `department`, `branch`, `designation`, `payement_type`, `contract_type`, `job_type`, `position`, `bank_name`, `account_holder_name`, `bank_branch`, `account_number`, `bank_identifier_code`, `tax_payer_id`) VALUES (\'Miriam\', \'Duran\', \'1979-08-28\', \'Male\', \'438\', \'woho@mailinator.com\', \'\', \'Aut autem veniam qu\', \'ICT\', \'Wakiso\', \'Teacher\', \'Cash\', \'Adhesion\', \'Farming\', \'1\', \'Shafira Berry\', \'Vera Talley\', \'Sint irure adipisci\', \'19\', \'In impedit nostrum \', \'Accusamus nihil ea p\')')
 4 SYSTEMPATH\Database\BaseBuilder.php(2309): CodeIgniter\Database\BaseConnection->query('INSERT INTO `employee_table` (`first_name`, `last_name`, `date_of_birth`, `gender`, `contact_number`, `email`, `password`, `address`, `department`, `branch`, `designation`, `payement_type`, `contract_type`, `job_type`, `position`, `bank_name`, `account_holder_name`, `bank_branch`, `account_number`, `bank_identifier_code`, `tax_payer_id`) VALUES (:first_name:, :last_name:, :date_of_birth:, :gender:, :contact_number:, :email:, :password:, :address:, :department:, :branch:, :designation:, :payement_type:, :contract_type:, :job_type:, :position:, :bank_name:, :account_holder_name:, :bank_branch:, :account_number:, :bank_identifier_code:, :tax_payer_id:)', [...], false)
 5 SYSTEMPATH\Model.php(330): CodeIgniter\Database\BaseBuilder->insert()
 6 SYSTEMPATH\BaseModel.php(782): CodeIgniter\Model->doInsert([...])
 7 SYSTEMPATH\Model.php(730): CodeIgniter\BaseModel->insert([...], true)
 8 APPPATH\Controllers\EmployeeDataInsert.php(41): CodeIgniter\Model->insert([...])
 9 SYSTEMPATH\CodeIgniter.php(932): App\Controllers\EmployeeDataInsert->index()
10 SYSTEMPATH\CodeIgniter.php(497): CodeIgniter\CodeIgniter->runController(Object(App\Controllers\EmployeeDataInsert))
11 SYSTEMPATH\CodeIgniter.php(366): CodeIgniter\CodeIgniter->handleRequest(null, Object(Config\Cache), false)
12 FCPATH\index.php(67): CodeIgniter\CodeIgniter->run()
CRITICAL - 2024-01-29 06:42:44 --> Undefined array key "postion_name"
in APPPATH\Views\create-employee.php on line 226.
 1 APPPATH\Views\create-employee.php(226): CodeIgniter\Debug\Exceptions->errorHandler(2, 'Undefined array key "postion_name"', 'C:\\xampp\\htdocs\\HR-MS\\app\\Views\\create-employee.php', 226)
 2 SYSTEMPATH\View\View.php(224): include('C:\\xampp\\htdocs\\HR-MS\\app\\Views\\create-employee.php')
 3 SYSTEMPATH\View\View.php(227): CodeIgniter\View\View->CodeIgniter\View\{closure}()
 4 SYSTEMPATH\Common.php(1176): CodeIgniter\View\View->render('create-employee', [], true)
 5 APPPATH\Controllers\Home.php(57): view('create-employee', [...])
 6 SYSTEMPATH\CodeIgniter.php(932): App\Controllers\Home->CreateEmployee()
 7 SYSTEMPATH\CodeIgniter.php(497): CodeIgniter\CodeIgniter->runController(Object(App\Controllers\Home))
 8 SYSTEMPATH\CodeIgniter.php(366): CodeIgniter\CodeIgniter->handleRequest(null, Object(Config\Cache), false)
 9 FCPATH\index.php(67): CodeIgniter\CodeIgniter->run()
CRITICAL - 2024-01-29 06:42:55 --> Undefined array key "postion_name"
in APPPATH\Views\create-employee.php on line 226.
 1 APPPATH\Views\create-employee.php(226): CodeIgniter\Debug\Exceptions->errorHandler(2, 'Undefined array key "postion_name"', 'C:\\xampp\\htdocs\\HR-MS\\app\\Views\\create-employee.php', 226)
 2 SYSTEMPATH\View\View.php(224): include('C:\\xampp\\htdocs\\HR-MS\\app\\Views\\create-employee.php')
 3 SYSTEMPATH\View\View.php(227): CodeIgniter\View\View->CodeIgniter\View\{closure}()
 4 SYSTEMPATH\Common.php(1176): CodeIgniter\View\View->render('create-employee', [], true)
 5 APPPATH\Controllers\Home.php(57): view('create-employee', [...])
 6 SYSTEMPATH\CodeIgniter.php(932): App\Controllers\Home->CreateEmployee()
 7 SYSTEMPATH\CodeIgniter.php(497): CodeIgniter\CodeIgniter->runController(Object(App\Controllers\Home))
 8 SYSTEMPATH\CodeIgniter.php(366): CodeIgniter\CodeIgniter->handleRequest(null, Object(Config\Cache), false)
 9 FCPATH\index.php(67): CodeIgniter\CodeIgniter->run()
CRITICAL - 2024-01-29 06:43:26 --> Undefined array key "postion_name"
in APPPATH\Views\create-employee.php on line 226.
 1 APPPATH\Views\create-employee.php(226): CodeIgniter\Debug\Exceptions->errorHandler(2, 'Undefined array key "postion_name"', 'C:\\xampp\\htdocs\\HR-MS\\app\\Views\\create-employee.php', 226)
 2 SYSTEMPATH\View\View.php(224): include('C:\\xampp\\htdocs\\HR-MS\\app\\Views\\create-employee.php')
 3 SYSTEMPATH\View\View.php(227): CodeIgniter\View\View->CodeIgniter\View\{closure}()
 4 SYSTEMPATH\Common.php(1176): CodeIgniter\View\View->render('create-employee', [], true)
 5 APPPATH\Controllers\Home.php(57): view('create-employee', [...])
 6 SYSTEMPATH\CodeIgniter.php(932): App\Controllers\Home->CreateEmployee()
 7 SYSTEMPATH\CodeIgniter.php(497): CodeIgniter\CodeIgniter->runController(Object(App\Controllers\Home))
 8 SYSTEMPATH\CodeIgniter.php(366): CodeIgniter\CodeIgniter->handleRequest(null, Object(Config\Cache), false)
 9 FCPATH\index.php(67): CodeIgniter\CodeIgniter->run()
CRITICAL - 2024-01-29 06:43:31 --> Undefined array key "postion_name"
in APPPATH\Views\create-employee.php on line 226.
 1 APPPATH\Views\create-employee.php(226): CodeIgniter\Debug\Exceptions->errorHandler(2, 'Undefined array key "postion_name"', 'C:\\xampp\\htdocs\\HR-MS\\app\\Views\\create-employee.php', 226)
 2 SYSTEMPATH\View\View.php(224): include('C:\\xampp\\htdocs\\HR-MS\\app\\Views\\create-employee.php')
 3 SYSTEMPATH\View\View.php(227): CodeIgniter\View\View->CodeIgniter\View\{closure}()
 4 SYSTEMPATH\Common.php(1176): CodeIgniter\View\View->render('create-employee', [], true)
 5 APPPATH\Controllers\Home.php(57): view('create-employee', [...])
 6 SYSTEMPATH\CodeIgniter.php(932): App\Controllers\Home->CreateEmployee()
 7 SYSTEMPATH\CodeIgniter.php(497): CodeIgniter\CodeIgniter->runController(Object(App\Controllers\Home))
 8 SYSTEMPATH\CodeIgniter.php(366): CodeIgniter\CodeIgniter->handleRequest(null, Object(Config\Cache), false)
 9 FCPATH\index.php(67): CodeIgniter\CodeIgniter->run()
ERROR - 2024-01-29 06:44:27 --> mysqli_sql_exception: Cannot add or update a child row: a foreign key constraint fails (`hrmsdb`.`employee_table`, CONSTRAINT `department_fk` FOREIGN KEY (`department`) REFERENCES `department_table` (`department_id`) ON DELETE CASCADE ON UPDATE CASCADE) in C:\xampp\htdocs\HR-MS\vendor\codeigniter4\framework\system\Database\MySQLi\Connection.php:295
Stack trace:
#0 C:\xampp\htdocs\HR-MS\vendor\codeigniter4\framework\system\Database\MySQLi\Connection.php(295): mysqli->query('INSERT INTO `em...', 0)
#1 C:\xampp\htdocs\HR-MS\vendor\codeigniter4\framework\system\Database\BaseConnection.php(692): CodeIgniter\Database\MySQLi\Connection->execute('INSERT INTO `em...')
#2 C:\xampp\htdocs\HR-MS\vendor\codeigniter4\framework\system\Database\BaseConnection.php(606): CodeIgniter\Database\BaseConnection->simpleQuery('INSERT INTO `em...')
#3 C:\xampp\htdocs\HR-MS\vendor\codeigniter4\framework\system\Database\BaseBuilder.php(2309): CodeIgniter\Database\BaseConnection->query('INSERT INTO `em...', Array, false)
#4 C:\xampp\htdocs\HR-MS\vendor\codeigniter4\framework\system\Model.php(330): CodeIgniter\Database\BaseBuilder->insert()
#5 C:\xampp\htdocs\HR-MS\vendor\codeigniter4\framework\system\BaseModel.php(782): CodeIgniter\Model->doInsert(Array)
#6 C:\xampp\htdocs\HR-MS\vendor\codeigniter4\framework\system\Model.php(730): CodeIgniter\BaseModel->insert(Array, true)
#7 C:\xampp\htdocs\HR-MS\app\Controllers\EmployeeDataInsert.php(41): CodeIgniter\Model->insert(Array)
#8 C:\xampp\htdocs\HR-MS\vendor\codeigniter4\framework\system\CodeIgniter.php(932): App\Controllers\EmployeeDataInsert->index()
#9 C:\xampp\htdocs\HR-MS\vendor\codeigniter4\framework\system\CodeIgniter.php(497): CodeIgniter\CodeIgniter->runController(Object(App\Controllers\EmployeeDataInsert))
#10 C:\xampp\htdocs\HR-MS\vendor\codeigniter4\framework\system\CodeIgniter.php(366): CodeIgniter\CodeIgniter->handleRequest(NULL, Object(Config\Cache), false)
#11 C:\xampp\htdocs\HR-MS\index.php(67): CodeIgniter\CodeIgniter->run()
#12 {main}
CRITICAL - 2024-01-29 06:44:27 --> Cannot add or update a child row: a foreign key constraint fails (`hrmsdb`.`employee_table`, CONSTRAINT `department_fk` FOREIGN KEY (`department`) REFERENCES `department_table` (`department_id`) ON DELETE CASCADE ON UPDATE CASCADE)
in SYSTEMPATH\Database\MySQLi\Connection.php on line 295.
 1 SYSTEMPATH\Database\MySQLi\Connection.php(295): mysqli->query('INSERT INTO `employee_table` (`first_name`, `last_name`, `date_of_birth`, `gender`, `contact_number`, `email`, `password`, `address`, `department`, `branch`, `designation`, `payement_type`, `contract_type`, `job_type`, `position`, `bank_name`, `account_holder_name`, `bank_branch`, `account_number`, `bank_identifier_code`, `tax_payer_id`) VALUES (\'Declan\', \'Guerra\', \'1998-06-14\', \'Female\', \'949\', \'xijaxezu@mailinator.com\', \'Pa$$w0rd!\', \'Numquam est ut maior\', \'ICT\', \'Entebbe\', \'Teacher\', \'Mobile Money\', \'Sales\', \'class teacher\', NULL, \'Mercedes Stone\', \'Cyrus Sellers\', \'Et nostrum odio volu\', \'640\', \'Quasi nobis consequa\', \'Laborum a quos est n\')', 0)
 2 SYSTEMPATH\Database\BaseConnection.php(692): CodeIgniter\Database\MySQLi\Connection->execute('INSERT INTO `employee_table` (`first_name`, `last_name`, `date_of_birth`, `gender`, `contact_number`, `email`, `password`, `address`, `department`, `branch`, `designation`, `payement_type`, `contract_type`, `job_type`, `position`, `bank_name`, `account_holder_name`, `bank_branch`, `account_number`, `bank_identifier_code`, `tax_payer_id`) VALUES (\'Declan\', \'Guerra\', \'1998-06-14\', \'Female\', \'949\', \'xijaxezu@mailinator.com\', \'Pa$$w0rd!\', \'Numquam est ut maior\', \'ICT\', \'Entebbe\', \'Teacher\', \'Mobile Money\', \'Sales\', \'class teacher\', NULL, \'Mercedes Stone\', \'Cyrus Sellers\', \'Et nostrum odio volu\', \'640\', \'Quasi nobis consequa\', \'Laborum a quos est n\')')
 3 SYSTEMPATH\Database\BaseConnection.php(606): CodeIgniter\Database\BaseConnection->simpleQuery('INSERT INTO `employee_table` (`first_name`, `last_name`, `date_of_birth`, `gender`, `contact_number`, `email`, `password`, `address`, `department`, `branch`, `designation`, `payement_type`, `contract_type`, `job_type`, `position`, `bank_name`, `account_holder_name`, `bank_branch`, `account_number`, `bank_identifier_code`, `tax_payer_id`) VALUES (\'Declan\', \'Guerra\', \'1998-06-14\', \'Female\', \'949\', \'xijaxezu@mailinator.com\', \'Pa$$w0rd!\', \'Numquam est ut maior\', \'ICT\', \'Entebbe\', \'Teacher\', \'Mobile Money\', \'Sales\', \'class teacher\', NULL, \'Mercedes Stone\', \'Cyrus Sellers\', \'Et nostrum odio volu\', \'640\', \'Quasi nobis consequa\', \'Laborum a quos est n\')')
 4 SYSTEMPATH\Database\BaseBuilder.php(2309): CodeIgniter\Database\BaseConnection->query('INSERT INTO `employee_table` (`first_name`, `last_name`, `date_of_birth`, `gender`, `contact_number`, `email`, `password`, `address`, `department`, `branch`, `designation`, `payement_type`, `contract_type`, `job_type`, `position`, `bank_name`, `account_holder_name`, `bank_branch`, `account_number`, `bank_identifier_code`, `tax_payer_id`) VALUES (:first_name:, :last_name:, :date_of_birth:, :gender:, :contact_number:, :email:, :password:, :address:, :department:, :branch:, :designation:, :payement_type:, :contract_type:, :job_type:, :position:, :bank_name:, :account_holder_name:, :bank_branch:, :account_number:, :bank_identifier_code:, :tax_payer_id:)', [...], false)
 5 SYSTEMPATH\Model.php(330): CodeIgniter\Database\BaseBuilder->insert()
 6 SYSTEMPATH\BaseModel.php(782): CodeIgniter\Model->doInsert([...])
 7 SYSTEMPATH\Model.php(730): CodeIgniter\BaseModel->insert([...], true)
 8 APPPATH\Controllers\EmployeeDataInsert.php(41): CodeIgniter\Model->insert([...])
 9 SYSTEMPATH\CodeIgniter.php(932): App\Controllers\EmployeeDataInsert->index()
10 SYSTEMPATH\CodeIgniter.php(497): CodeIgniter\CodeIgniter->runController(Object(App\Controllers\EmployeeDataInsert))
11 SYSTEMPATH\CodeIgniter.php(366): CodeIgniter\CodeIgniter->handleRequest(null, Object(Config\Cache), false)
12 FCPATH\index.php(67): CodeIgniter\CodeIgniter->run()
ERROR - 2024-01-29 06:53:49 --> mysqli_sql_exception: Cannot add or update a child row: a foreign key constraint fails (`hrmsdb`.`employee_table`, CONSTRAINT `department_fk` FOREIGN KEY (`department`) REFERENCES `department_table` (`department_id`) ON DELETE CASCADE ON UPDATE CASCADE) in C:\xampp\htdocs\HR-MS\vendor\codeigniter4\framework\system\Database\MySQLi\Connection.php:295
Stack trace:
#0 C:\xampp\htdocs\HR-MS\vendor\codeigniter4\framework\system\Database\MySQLi\Connection.php(295): mysqli->query('INSERT INTO `em...', 0)
#1 C:\xampp\htdocs\HR-MS\vendor\codeigniter4\framework\system\Database\BaseConnection.php(692): CodeIgniter\Database\MySQLi\Connection->execute('INSERT INTO `em...')
#2 C:\xampp\htdocs\HR-MS\vendor\codeigniter4\framework\system\Database\BaseConnection.php(606): CodeIgniter\Database\BaseConnection->simpleQuery('INSERT INTO `em...')
#3 C:\xampp\htdocs\HR-MS\vendor\codeigniter4\framework\system\Database\BaseBuilder.php(2309): CodeIgniter\Database\BaseConnection->query('INSERT INTO `em...', Array, false)
#4 C:\xampp\htdocs\HR-MS\vendor\codeigniter4\framework\system\Model.php(330): CodeIgniter\Database\BaseBuilder->insert()
#5 C:\xampp\htdocs\HR-MS\vendor\codeigniter4\framework\system\BaseModel.php(782): CodeIgniter\Model->doInsert(Array)
#6 C:\xampp\htdocs\HR-MS\vendor\codeigniter4\framework\system\Model.php(730): CodeIgniter\BaseModel->insert(Array, true)
#7 C:\xampp\htdocs\HR-MS\app\Controllers\EmployeeDataInsert.php(41): CodeIgniter\Model->insert(Array)
#8 C:\xampp\htdocs\HR-MS\vendor\codeigniter4\framework\system\CodeIgniter.php(932): App\Controllers\EmployeeDataInsert->index()
#9 C:\xampp\htdocs\HR-MS\vendor\codeigniter4\framework\system\CodeIgniter.php(497): CodeIgniter\CodeIgniter->runController(Object(App\Controllers\EmployeeDataInsert))
#10 C:\xampp\htdocs\HR-MS\vendor\codeigniter4\framework\system\CodeIgniter.php(366): CodeIgniter\CodeIgniter->handleRequest(NULL, Object(Config\Cache), false)
#11 C:\xampp\htdocs\HR-MS\index.php(67): CodeIgniter\CodeIgniter->run()
#12 {main}
CRITICAL - 2024-01-29 06:53:49 --> Cannot add or update a child row: a foreign key constraint fails (`hrmsdb`.`employee_table`, CONSTRAINT `department_fk` FOREIGN KEY (`department`) REFERENCES `department_table` (`department_id`) ON DELETE CASCADE ON UPDATE CASCADE)
in SYSTEMPATH\Database\MySQLi\Connection.php on line 295.
 1 SYSTEMPATH\Database\MySQLi\Connection.php(295): mysqli->query('INSERT INTO `employee_table` (`first_name`, `last_name`, `date_of_birth`, `gender`, `contact_number`, `email`, `password`, `address`, `department`, `branch`, `designation`, `payement_type`, `contract_type`, `job_type`, `position`, `bank_name`, `account_holder_name`, `bank_branch`, `account_number`, `bank_identifier_code`, `tax_payer_id`) VALUES (\'Brittany\', \'Blanchard\', \'2005-03-27\', \'Female\', \'453\', \'puzugyw@mailinator.com\', \'Pa$$w0rd!\', \'Dolorem doloribus ap\', \'ICT\', \'Mbarara\', \'Teacher\', \'Credit\', \'Adhesion\', \'class teacher\', NULL, \'Lyle Sherman\', \'Leilani Keller\', \'Eum et dolor est es\', \'754\', \'Exercitation sapient\', \'Tenetur eveniet sit\')', 0)
 2 SYSTEMPATH\Database\BaseConnection.php(692): CodeIgniter\Database\MySQLi\Connection->execute('INSERT INTO `employee_table` (`first_name`, `last_name`, `date_of_birth`, `gender`, `contact_number`, `email`, `password`, `address`, `department`, `branch`, `designation`, `payement_type`, `contract_type`, `job_type`, `position`, `bank_name`, `account_holder_name`, `bank_branch`, `account_number`, `bank_identifier_code`, `tax_payer_id`) VALUES (\'Brittany\', \'Blanchard\', \'2005-03-27\', \'Female\', \'453\', \'puzugyw@mailinator.com\', \'Pa$$w0rd!\', \'Dolorem doloribus ap\', \'ICT\', \'Mbarara\', \'Teacher\', \'Credit\', \'Adhesion\', \'class teacher\', NULL, \'Lyle Sherman\', \'Leilani Keller\', \'Eum et dolor est es\', \'754\', \'Exercitation sapient\', \'Tenetur eveniet sit\')')
 3 SYSTEMPATH\Database\BaseConnection.php(606): CodeIgniter\Database\BaseConnection->simpleQuery('INSERT INTO `employee_table` (`first_name`, `last_name`, `date_of_birth`, `gender`, `contact_number`, `email`, `password`, `address`, `department`, `branch`, `designation`, `payement_type`, `contract_type`, `job_type`, `position`, `bank_name`, `account_holder_name`, `bank_branch`, `account_number`, `bank_identifier_code`, `tax_payer_id`) VALUES (\'Brittany\', \'Blanchard\', \'2005-03-27\', \'Female\', \'453\', \'puzugyw@mailinator.com\', \'Pa$$w0rd!\', \'Dolorem doloribus ap\', \'ICT\', \'Mbarara\', \'Teacher\', \'Credit\', \'Adhesion\', \'class teacher\', NULL, \'Lyle Sherman\', \'Leilani Keller\', \'Eum et dolor est es\', \'754\', \'Exercitation sapient\', \'Tenetur eveniet sit\')')
 4 SYSTEMPATH\Database\BaseBuilder.php(2309): CodeIgniter\Database\BaseConnection->query('INSERT INTO `employee_table` (`first_name`, `last_name`, `date_of_birth`, `gender`, `contact_number`, `email`, `password`, `address`, `department`, `branch`, `designation`, `payement_type`, `contract_type`, `job_type`, `position`, `bank_name`, `account_holder_name`, `bank_branch`, `account_number`, `bank_identifier_code`, `tax_payer_id`) VALUES (:first_name:, :last_name:, :date_of_birth:, :gender:, :contact_number:, :email:, :password:, :address:, :department:, :branch:, :designation:, :payement_type:, :contract_type:, :job_type:, :position:, :bank_name:, :account_holder_name:, :bank_branch:, :account_number:, :bank_identifier_code:, :tax_payer_id:)', [...], false)
 5 SYSTEMPATH\Model.php(330): CodeIgniter\Database\BaseBuilder->insert()
 6 SYSTEMPATH\BaseModel.php(782): CodeIgniter\Model->doInsert([...])
 7 SYSTEMPATH\Model.php(730): CodeIgniter\BaseModel->insert([...], true)
 8 APPPATH\Controllers\EmployeeDataInsert.php(41): CodeIgniter\Model->insert([...])
 9 SYSTEMPATH\CodeIgniter.php(932): App\Controllers\EmployeeDataInsert->index()
10 SYSTEMPATH\CodeIgniter.php(497): CodeIgniter\CodeIgniter->runController(Object(App\Controllers\EmployeeDataInsert))
11 SYSTEMPATH\CodeIgniter.php(366): CodeIgniter\CodeIgniter->handleRequest(null, Object(Config\Cache), false)
12 FCPATH\index.php(67): CodeIgniter\CodeIgniter->run()
ERROR - 2024-01-29 07:30:23 --> mysqli_sql_exception: Cannot add or update a child row: a foreign key constraint fails (`hrmsdb`.`employee_table`, CONSTRAINT `position_fk` FOREIGN KEY (`position`) REFERENCES `position_table` (`position_id`) ON DELETE CASCADE ON UPDATE CASCADE) in C:\xampp\htdocs\HR-MS\vendor\codeigniter4\framework\system\Database\MySQLi\Connection.php:295
Stack trace:
#0 C:\xampp\htdocs\HR-MS\vendor\codeigniter4\framework\system\Database\MySQLi\Connection.php(295): mysqli->query('INSERT INTO `em...', 0)
#1 C:\xampp\htdocs\HR-MS\vendor\codeigniter4\framework\system\Database\BaseConnection.php(692): CodeIgniter\Database\MySQLi\Connection->execute('INSERT INTO `em...')
#2 C:\xampp\htdocs\HR-MS\vendor\codeigniter4\framework\system\Database\BaseConnection.php(606): CodeIgniter\Database\BaseConnection->simpleQuery('INSERT INTO `em...')
#3 C:\xampp\htdocs\HR-MS\vendor\codeigniter4\framework\system\Database\BaseBuilder.php(2309): CodeIgniter\Database\BaseConnection->query('INSERT INTO `em...', Array, false)
#4 C:\xampp\htdocs\HR-MS\vendor\codeigniter4\framework\system\Model.php(330): CodeIgniter\Database\BaseBuilder->insert()
#5 C:\xampp\htdocs\HR-MS\vendor\codeigniter4\framework\system\BaseModel.php(782): CodeIgniter\Model->doInsert(Array)
#6 C:\xampp\htdocs\HR-MS\vendor\codeigniter4\framework\system\Model.php(730): CodeIgniter\BaseModel->insert(Array, true)
#7 C:\xampp\htdocs\HR-MS\app\Controllers\EmployeeDataInsert.php(41): CodeIgniter\Model->insert(Array)
#8 C:\xampp\htdocs\HR-MS\vendor\codeigniter4\framework\system\CodeIgniter.php(932): App\Controllers\EmployeeDataInsert->index()
#9 C:\xampp\htdocs\HR-MS\vendor\codeigniter4\framework\system\CodeIgniter.php(497): CodeIgniter\CodeIgniter->runController(Object(App\Controllers\EmployeeDataInsert))
#10 C:\xampp\htdocs\HR-MS\vendor\codeigniter4\framework\system\CodeIgniter.php(366): CodeIgniter\CodeIgniter->handleRequest(NULL, Object(Config\Cache), false)
#11 C:\xampp\htdocs\HR-MS\index.php(67): CodeIgniter\CodeIgniter->run()
#12 {main}
CRITICAL - 2024-01-29 07:30:23 --> Cannot add or update a child row: a foreign key constraint fails (`hrmsdb`.`employee_table`, CONSTRAINT `position_fk` FOREIGN KEY (`position`) REFERENCES `position_table` (`position_id`) ON DELETE CASCADE ON UPDATE CASCADE)
in SYSTEMPATH\Database\MySQLi\Connection.php on line 295.
 1 SYSTEMPATH\Database\MySQLi\Connection.php(295): mysqli->query('INSERT INTO `employee_table` (`first_name`, `last_name`, `date_of_birth`, `gender`, `contact_number`, `email`, `password`, `address`, `department`, `branch`, `designation`, `payement_type`, `contract_type`, `job_type`, `position`, `bank_name`, `account_holder_name`, `bank_branch`, `account_number`, `bank_identifier_code`, `tax_payer_id`) VALUES (\'Erica\', \'Reynolds\', \'2014-04-04\', \'Female\', \'456\', \'gydyje@mailinator.com\', \'Pa$$w0rd!\', \'Minima anim cumque n\', \'2\', \'Mbarara\', \'supervisor\', \'Cash\', \'Adhesion\', \'cleanig\', \'main gate supervisor\', \'Glenna Sampson\', \'Chelsea Mccullough\', \'Sed ab suscipit et e\', \'962\', \'Eos omnis aut illum\', \'Aliquip enim at sed \')', 0)
 2 SYSTEMPATH\Database\BaseConnection.php(692): CodeIgniter\Database\MySQLi\Connection->execute('INSERT INTO `employee_table` (`first_name`, `last_name`, `date_of_birth`, `gender`, `contact_number`, `email`, `password`, `address`, `department`, `branch`, `designation`, `payement_type`, `contract_type`, `job_type`, `position`, `bank_name`, `account_holder_name`, `bank_branch`, `account_number`, `bank_identifier_code`, `tax_payer_id`) VALUES (\'Erica\', \'Reynolds\', \'2014-04-04\', \'Female\', \'456\', \'gydyje@mailinator.com\', \'Pa$$w0rd!\', \'Minima anim cumque n\', \'2\', \'Mbarara\', \'supervisor\', \'Cash\', \'Adhesion\', \'cleanig\', \'main gate supervisor\', \'Glenna Sampson\', \'Chelsea Mccullough\', \'Sed ab suscipit et e\', \'962\', \'Eos omnis aut illum\', \'Aliquip enim at sed \')')
 3 SYSTEMPATH\Database\BaseConnection.php(606): CodeIgniter\Database\BaseConnection->simpleQuery('INSERT INTO `employee_table` (`first_name`, `last_name`, `date_of_birth`, `gender`, `contact_number`, `email`, `password`, `address`, `department`, `branch`, `designation`, `payement_type`, `contract_type`, `job_type`, `position`, `bank_name`, `account_holder_name`, `bank_branch`, `account_number`, `bank_identifier_code`, `tax_payer_id`) VALUES (\'Erica\', \'Reynolds\', \'2014-04-04\', \'Female\', \'456\', \'gydyje@mailinator.com\', \'Pa$$w0rd!\', \'Minima anim cumque n\', \'2\', \'Mbarara\', \'supervisor\', \'Cash\', \'Adhesion\', \'cleanig\', \'main gate supervisor\', \'Glenna Sampson\', \'Chelsea Mccullough\', \'Sed ab suscipit et e\', \'962\', \'Eos omnis aut illum\', \'Aliquip enim at sed \')')
 4 SYSTEMPATH\Database\BaseBuilder.php(2309): CodeIgniter\Database\BaseConnection->query('INSERT INTO `employee_table` (`first_name`, `last_name`, `date_of_birth`, `gender`, `contact_number`, `email`, `password`, `address`, `department`, `branch`, `designation`, `payement_type`, `contract_type`, `job_type`, `position`, `bank_name`, `account_holder_name`, `bank_branch`, `account_number`, `bank_identifier_code`, `tax_payer_id`) VALUES (:first_name:, :last_name:, :date_of_birth:, :gender:, :contact_number:, :email:, :password:, :address:, :department:, :branch:, :designation:, :payement_type:, :contract_type:, :job_type:, :position:, :bank_name:, :account_holder_name:, :bank_branch:, :account_number:, :bank_identifier_code:, :tax_payer_id:)', [...], false)
 5 SYSTEMPATH\Model.php(330): CodeIgniter\Database\BaseBuilder->insert()
 6 SYSTEMPATH\BaseModel.php(782): CodeIgniter\Model->doInsert([...])
 7 SYSTEMPATH\Model.php(730): CodeIgniter\BaseModel->insert([...], true)
 8 APPPATH\Controllers\EmployeeDataInsert.php(41): CodeIgniter\Model->insert([...])
 9 SYSTEMPATH\CodeIgniter.php(932): App\Controllers\EmployeeDataInsert->index()
10 SYSTEMPATH\CodeIgniter.php(497): CodeIgniter\CodeIgniter->runController(Object(App\Controllers\EmployeeDataInsert))
11 SYSTEMPATH\CodeIgniter.php(366): CodeIgniter\CodeIgniter->handleRequest(null, Object(Config\Cache), false)
12 FCPATH\index.php(67): CodeIgniter\CodeIgniter->run()
ERROR - 2024-01-29 10:14:10 --> mysqli_sql_exception: Unknown column 'department_table.branch' in 'on clause' in C:\xampp\htdocs\HR-MS\vendor\codeigniter4\framework\system\Database\MySQLi\Connection.php:295
Stack trace:
#0 C:\xampp\htdocs\HR-MS\vendor\codeigniter4\framework\system\Database\MySQLi\Connection.php(295): mysqli->query('SELECT COUNT(*)...', 0)
#1 C:\xampp\htdocs\HR-MS\vendor\codeigniter4\framework\system\Database\BaseConnection.php(692): CodeIgniter\Database\MySQLi\Connection->execute('SELECT COUNT(*)...')
#2 C:\xampp\htdocs\HR-MS\vendor\codeigniter4\framework\system\Database\BaseConnection.php(606): CodeIgniter\Database\BaseConnection->simpleQuery('SELECT COUNT(*)...')
#3 C:\xampp\htdocs\HR-MS\vendor\codeigniter4\framework\system\Database\BaseBuilder.php(1700): CodeIgniter\Database\BaseConnection->query('SELECT COUNT(*)...', Array, false)
#4 C:\xampp\htdocs\HR-MS\app\Controllers\DepartmentController.php(57): CodeIgniter\Database\BaseBuilder->countAllResults(false)
#5 C:\xampp\htdocs\HR-MS\vendor\codeigniter4\framework\system\CodeIgniter.php(932): App\Controllers\DepartmentController->fetchdepartments()
#6 C:\xampp\htdocs\HR-MS\vendor\codeigniter4\framework\system\CodeIgniter.php(497): CodeIgniter\CodeIgniter->runController(Object(App\Controllers\DepartmentController))
#7 C:\xampp\htdocs\HR-MS\vendor\codeigniter4\framework\system\CodeIgniter.php(366): CodeIgniter\CodeIgniter->handleRequest(NULL, Object(Config\Cache), false)
#8 C:\xampp\htdocs\HR-MS\index.php(67): CodeIgniter\CodeIgniter->run()
#9 {main}
CRITICAL - 2024-01-29 10:14:11 --> Unknown column 'department_table.branch' in 'on clause'
in SYSTEMPATH\Database\MySQLi\Connection.php on line 295.
 1 SYSTEMPATH\Database\MySQLi\Connection.php(295): mysqli->query('SELECT COUNT(*) AS `numrows`
FROM `department_table`
INNER JOIN `branch_manager_table` ON `department_table`.`branch` = `branch_manager_table`.`branch_manager_id`', 0)
 2 SYSTEMPATH\Database\BaseConnection.php(692): CodeIgniter\Database\MySQLi\Connection->execute('SELECT COUNT(*) AS `numrows`
FROM `department_table`
INNER JOIN `branch_manager_table` ON `department_table`.`branch` = `branch_manager_table`.`branch_manager_id`')
 3 SYSTEMPATH\Database\BaseConnection.php(606): CodeIgniter\Database\BaseConnection->simpleQuery('SELECT COUNT(*) AS `numrows`
FROM `department_table`
INNER JOIN `branch_manager_table` ON `department_table`.`branch` = `branch_manager_table`.`branch_manager_id`')
 4 SYSTEMPATH\Database\BaseBuilder.php(1700): CodeIgniter\Database\BaseConnection->query('SELECT COUNT(*) AS `numrows`
FROM `department_table`
INNER JOIN `branch_manager_table` ON `department_table`.`branch` = `branch_manager_table`.`branch_manager_id`', [], false)
 5 APPPATH\Controllers\DepartmentController.php(57): CodeIgniter\Database\BaseBuilder->countAllResults(false)
 6 SYSTEMPATH\CodeIgniter.php(932): App\Controllers\DepartmentController->fetchdepartments()
 7 SYSTEMPATH\CodeIgniter.php(497): CodeIgniter\CodeIgniter->runController(Object(App\Controllers\DepartmentController))
 8 SYSTEMPATH\CodeIgniter.php(366): CodeIgniter\CodeIgniter->handleRequest(null, Object(Config\Cache), false)
 9 FCPATH\index.php(67): CodeIgniter\CodeIgniter->run()
