ERROR - 2024-01-14 19:52:07 --> mysqli_sql_exception: Cannot add or update a child row: a foreign key constraint fails (`hrmsdb`.`department_table`, CONSTRAINT `branch_fk` FOREIGN KEY (`branch`) REFERENCES `branch_manager_table` (`branch_manager_id`) ON DELETE SET NULL ON UPDATE CASCADE) in C:\xampp\htdocs\ci4\HR-MS2\vendor\codeigniter4\framework\system\Database\MySQLi\Connection.php:295
Stack trace:
#0 C:\xampp\htdocs\ci4\HR-MS2\vendor\codeigniter4\framework\system\Database\MySQLi\Connection.php(295): mysqli->query('INSERT INTO `de...', 0)
#1 C:\xampp\htdocs\ci4\HR-MS2\vendor\codeigniter4\framework\system\Database\BaseConnection.php(692): CodeIgniter\Database\MySQLi\Connection->execute('INSERT INTO `de...')
#2 C:\xampp\htdocs\ci4\HR-MS2\vendor\codeigniter4\framework\system\Database\BaseConnection.php(606): CodeIgniter\Database\BaseConnection->simpleQuery('INSERT INTO `de...')
#3 C:\xampp\htdocs\ci4\HR-MS2\vendor\codeigniter4\framework\system\Database\BaseBuilder.php(2309): CodeIgniter\Database\BaseConnection->query('INSERT INTO `de...', Array, false)
#4 C:\xampp\htdocs\ci4\HR-MS2\vendor\codeigniter4\framework\system\Model.php(330): CodeIgniter\Database\BaseBuilder->insert()
#5 C:\xampp\htdocs\ci4\HR-MS2\vendor\codeigniter4\framework\system\BaseModel.php(782): CodeIgniter\Model->doInsert(Array)
#6 C:\xampp\htdocs\ci4\HR-MS2\vendor\codeigniter4\framework\system\Model.php(730): CodeIgniter\BaseModel->insert(Array, true)
#7 C:\xampp\htdocs\ci4\HR-MS2\app\Controllers\DepartmentController.php(137): CodeIgniter\Model->insert(Array)
#8 C:\xampp\htdocs\ci4\HR-MS2\vendor\codeigniter4\framework\system\CodeIgniter.php(932): App\Controllers\DepartmentController->adddepartment()
#9 C:\xampp\htdocs\ci4\HR-MS2\vendor\codeigniter4\framework\system\CodeIgniter.php(497): CodeIgniter\CodeIgniter->runController(Object(App\Controllers\DepartmentController))
#10 C:\xampp\htdocs\ci4\HR-MS2\vendor\codeigniter4\framework\system\CodeIgniter.php(366): CodeIgniter\CodeIgniter->handleRequest(NULL, Object(Config\Cache), false)
#11 C:\xampp\htdocs\ci4\HR-MS2\index.php(67): CodeIgniter\CodeIgniter->run()
#12 {main}
CRITICAL - 2024-01-14 19:52:07 --> Cannot add or update a child row: a foreign key constraint fails (`hrmsdb`.`department_table`, CONSTRAINT `branch_fk` FOREIGN KEY (`branch`) REFERENCES `branch_manager_table` (`branch_manager_id`) ON DELETE SET NULL ON UPDATE CASCADE)
in SYSTEMPATH\Database\MySQLi\Connection.php on line 295.
 1 SYSTEMPATH\Database\MySQLi\Connection.php(295): mysqli->query('INSERT INTO `department_table` (`branch`, `department_name`, `salary`) VALUES (\'Select Branch\', \'\', \'\')', 0)
 2 SYSTEMPATH\Database\BaseConnection.php(692): CodeIgniter\Database\MySQLi\Connection->execute('INSERT INTO `department_table` (`branch`, `department_name`, `salary`) VALUES (\'Select Branch\', \'\', \'\')')
 3 SYSTEMPATH\Database\BaseConnection.php(606): CodeIgniter\Database\BaseConnection->simpleQuery('INSERT INTO `department_table` (`branch`, `department_name`, `salary`) VALUES (\'Select Branch\', \'\', \'\')')
 4 SYSTEMPATH\Database\BaseBuilder.php(2309): CodeIgniter\Database\BaseConnection->query('INSERT INTO `department_table` (`branch`, `department_name`, `salary`) VALUES (:branch:, :department_name:, :salary:)', [...], false)
 5 SYSTEMPATH\Model.php(330): CodeIgniter\Database\BaseBuilder->insert()
 6 SYSTEMPATH\BaseModel.php(782): CodeIgniter\Model->doInsert([...])
 7 SYSTEMPATH\Model.php(730): CodeIgniter\BaseModel->insert([...], true)
 8 APPPATH\Controllers\DepartmentController.php(137): CodeIgniter\Model->insert([...])
 9 SYSTEMPATH\CodeIgniter.php(932): App\Controllers\DepartmentController->adddepartment()
10 SYSTEMPATH\CodeIgniter.php(497): CodeIgniter\CodeIgniter->runController(Object(App\Controllers\DepartmentController))
11 SYSTEMPATH\CodeIgniter.php(366): CodeIgniter\CodeIgniter->handleRequest(null, Object(Config\Cache), false)
12 FCPATH\index.php(67): CodeIgniter\CodeIgniter->run()
ERROR - 2024-01-14 19:52:08 --> mysqli_sql_exception: Cannot add or update a child row: a foreign key constraint fails (`hrmsdb`.`department_table`, CONSTRAINT `branch_fk` FOREIGN KEY (`branch`) REFERENCES `branch_manager_table` (`branch_manager_id`) ON DELETE SET NULL ON UPDATE CASCADE) in C:\xampp\htdocs\ci4\HR-MS2\vendor\codeigniter4\framework\system\Database\MySQLi\Connection.php:295
Stack trace:
#0 C:\xampp\htdocs\ci4\HR-MS2\vendor\codeigniter4\framework\system\Database\MySQLi\Connection.php(295): mysqli->query('INSERT INTO `de...', 0)
#1 C:\xampp\htdocs\ci4\HR-MS2\vendor\codeigniter4\framework\system\Database\BaseConnection.php(692): CodeIgniter\Database\MySQLi\Connection->execute('INSERT INTO `de...')
#2 C:\xampp\htdocs\ci4\HR-MS2\vendor\codeigniter4\framework\system\Database\BaseConnection.php(606): CodeIgniter\Database\BaseConnection->simpleQuery('INSERT INTO `de...')
#3 C:\xampp\htdocs\ci4\HR-MS2\vendor\codeigniter4\framework\system\Database\BaseBuilder.php(2309): CodeIgniter\Database\BaseConnection->query('INSERT INTO `de...', Array, false)
#4 C:\xampp\htdocs\ci4\HR-MS2\vendor\codeigniter4\framework\system\Model.php(330): CodeIgniter\Database\BaseBuilder->insert()
#5 C:\xampp\htdocs\ci4\HR-MS2\vendor\codeigniter4\framework\system\BaseModel.php(782): CodeIgniter\Model->doInsert(Array)
#6 C:\xampp\htdocs\ci4\HR-MS2\vendor\codeigniter4\framework\system\Model.php(730): CodeIgniter\BaseModel->insert(Array, true)
#7 C:\xampp\htdocs\ci4\HR-MS2\app\Controllers\DepartmentController.php(137): CodeIgniter\Model->insert(Array)
#8 C:\xampp\htdocs\ci4\HR-MS2\vendor\codeigniter4\framework\system\CodeIgniter.php(932): App\Controllers\DepartmentController->adddepartment()
#9 C:\xampp\htdocs\ci4\HR-MS2\vendor\codeigniter4\framework\system\CodeIgniter.php(497): CodeIgniter\CodeIgniter->runController(Object(App\Controllers\DepartmentController))
#10 C:\xampp\htdocs\ci4\HR-MS2\vendor\codeigniter4\framework\system\CodeIgniter.php(366): CodeIgniter\CodeIgniter->handleRequest(NULL, Object(Config\Cache), false)
#11 C:\xampp\htdocs\ci4\HR-MS2\index.php(67): CodeIgniter\CodeIgniter->run()
#12 {main}
CRITICAL - 2024-01-14 19:52:08 --> Cannot add or update a child row: a foreign key constraint fails (`hrmsdb`.`department_table`, CONSTRAINT `branch_fk` FOREIGN KEY (`branch`) REFERENCES `branch_manager_table` (`branch_manager_id`) ON DELETE SET NULL ON UPDATE CASCADE)
in SYSTEMPATH\Database\MySQLi\Connection.php on line 295.
 1 SYSTEMPATH\Database\MySQLi\Connection.php(295): mysqli->query('INSERT INTO `department_table` (`branch`, `department_name`, `salary`) VALUES (\'Select Branch\', \'\', \'\')', 0)
 2 SYSTEMPATH\Database\BaseConnection.php(692): CodeIgniter\Database\MySQLi\Connection->execute('INSERT INTO `department_table` (`branch`, `department_name`, `salary`) VALUES (\'Select Branch\', \'\', \'\')')
 3 SYSTEMPATH\Database\BaseConnection.php(606): CodeIgniter\Database\BaseConnection->simpleQuery('INSERT INTO `department_table` (`branch`, `department_name`, `salary`) VALUES (\'Select Branch\', \'\', \'\')')
 4 SYSTEMPATH\Database\BaseBuilder.php(2309): CodeIgniter\Database\BaseConnection->query('INSERT INTO `department_table` (`branch`, `department_name`, `salary`) VALUES (:branch:, :department_name:, :salary:)', [...], false)
 5 SYSTEMPATH\Model.php(330): CodeIgniter\Database\BaseBuilder->insert()
 6 SYSTEMPATH\BaseModel.php(782): CodeIgniter\Model->doInsert([...])
 7 SYSTEMPATH\Model.php(730): CodeIgniter\BaseModel->insert([...], true)
 8 APPPATH\Controllers\DepartmentController.php(137): CodeIgniter\Model->insert([...])
 9 SYSTEMPATH\CodeIgniter.php(932): App\Controllers\DepartmentController->adddepartment()
10 SYSTEMPATH\CodeIgniter.php(497): CodeIgniter\CodeIgniter->runController(Object(App\Controllers\DepartmentController))
11 SYSTEMPATH\CodeIgniter.php(366): CodeIgniter\CodeIgniter->handleRequest(null, Object(Config\Cache), false)
12 FCPATH\index.php(67): CodeIgniter\CodeIgniter->run()
ERROR - 2024-01-14 19:52:22 --> mysqli_sql_exception: Cannot add or update a child row: a foreign key constraint fails (`hrmsdb`.`department_table`, CONSTRAINT `branch_fk` FOREIGN KEY (`branch`) REFERENCES `branch_manager_table` (`branch_manager_id`) ON DELETE SET NULL ON UPDATE CASCADE) in C:\xampp\htdocs\ci4\HR-MS2\vendor\codeigniter4\framework\system\Database\MySQLi\Connection.php:295
Stack trace:
#0 C:\xampp\htdocs\ci4\HR-MS2\vendor\codeigniter4\framework\system\Database\MySQLi\Connection.php(295): mysqli->query('INSERT INTO `de...', 0)
#1 C:\xampp\htdocs\ci4\HR-MS2\vendor\codeigniter4\framework\system\Database\BaseConnection.php(692): CodeIgniter\Database\MySQLi\Connection->execute('INSERT INTO `de...')
#2 C:\xampp\htdocs\ci4\HR-MS2\vendor\codeigniter4\framework\system\Database\BaseConnection.php(606): CodeIgniter\Database\BaseConnection->simpleQuery('INSERT INTO `de...')
#3 C:\xampp\htdocs\ci4\HR-MS2\vendor\codeigniter4\framework\system\Database\BaseBuilder.php(2309): CodeIgniter\Database\BaseConnection->query('INSERT INTO `de...', Array, false)
#4 C:\xampp\htdocs\ci4\HR-MS2\vendor\codeigniter4\framework\system\Model.php(330): CodeIgniter\Database\BaseBuilder->insert()
#5 C:\xampp\htdocs\ci4\HR-MS2\vendor\codeigniter4\framework\system\BaseModel.php(782): CodeIgniter\Model->doInsert(Array)
#6 C:\xampp\htdocs\ci4\HR-MS2\vendor\codeigniter4\framework\system\Model.php(730): CodeIgniter\BaseModel->insert(Array, true)
#7 C:\xampp\htdocs\ci4\HR-MS2\app\Controllers\DepartmentController.php(137): CodeIgniter\Model->insert(Array)
#8 C:\xampp\htdocs\ci4\HR-MS2\vendor\codeigniter4\framework\system\CodeIgniter.php(932): App\Controllers\DepartmentController->adddepartment()
#9 C:\xampp\htdocs\ci4\HR-MS2\vendor\codeigniter4\framework\system\CodeIgniter.php(497): CodeIgniter\CodeIgniter->runController(Object(App\Controllers\DepartmentController))
#10 C:\xampp\htdocs\ci4\HR-MS2\vendor\codeigniter4\framework\system\CodeIgniter.php(366): CodeIgniter\CodeIgniter->handleRequest(NULL, Object(Config\Cache), false)
#11 C:\xampp\htdocs\ci4\HR-MS2\index.php(67): CodeIgniter\CodeIgniter->run()
#12 {main}
CRITICAL - 2024-01-14 19:52:22 --> Cannot add or update a child row: a foreign key constraint fails (`hrmsdb`.`department_table`, CONSTRAINT `branch_fk` FOREIGN KEY (`branch`) REFERENCES `branch_manager_table` (`branch_manager_id`) ON DELETE SET NULL ON UPDATE CASCADE)
in SYSTEMPATH\Database\MySQLi\Connection.php on line 295.
 1 SYSTEMPATH\Database\MySQLi\Connection.php(295): mysqli->query('INSERT INTO `department_table` (`branch`, `department_name`, `salary`) VALUES (\'Select Branch\', \'\', \'\')', 0)
 2 SYSTEMPATH\Database\BaseConnection.php(692): CodeIgniter\Database\MySQLi\Connection->execute('INSERT INTO `department_table` (`branch`, `department_name`, `salary`) VALUES (\'Select Branch\', \'\', \'\')')
 3 SYSTEMPATH\Database\BaseConnection.php(606): CodeIgniter\Database\BaseConnection->simpleQuery('INSERT INTO `department_table` (`branch`, `department_name`, `salary`) VALUES (\'Select Branch\', \'\', \'\')')
 4 SYSTEMPATH\Database\BaseBuilder.php(2309): CodeIgniter\Database\BaseConnection->query('INSERT INTO `department_table` (`branch`, `department_name`, `salary`) VALUES (:branch:, :department_name:, :salary:)', [...], false)
 5 SYSTEMPATH\Model.php(330): CodeIgniter\Database\BaseBuilder->insert()
 6 SYSTEMPATH\BaseModel.php(782): CodeIgniter\Model->doInsert([...])
 7 SYSTEMPATH\Model.php(730): CodeIgniter\BaseModel->insert([...], true)
 8 APPPATH\Controllers\DepartmentController.php(137): CodeIgniter\Model->insert([...])
 9 SYSTEMPATH\CodeIgniter.php(932): App\Controllers\DepartmentController->adddepartment()
10 SYSTEMPATH\CodeIgniter.php(497): CodeIgniter\CodeIgniter->runController(Object(App\Controllers\DepartmentController))
11 SYSTEMPATH\CodeIgniter.php(366): CodeIgniter\CodeIgniter->handleRequest(null, Object(Config\Cache), false)
12 FCPATH\index.php(67): CodeIgniter\CodeIgniter->run()
ERROR - 2024-01-14 19:52:46 --> mysqli_sql_exception: Cannot add or update a child row: a foreign key constraint fails (`hrmsdb`.`department_table`, CONSTRAINT `branch_fk` FOREIGN KEY (`branch`) REFERENCES `branch_manager_table` (`branch_manager_id`) ON DELETE SET NULL ON UPDATE CASCADE) in C:\xampp\htdocs\ci4\HR-MS2\vendor\codeigniter4\framework\system\Database\MySQLi\Connection.php:295
Stack trace:
#0 C:\xampp\htdocs\ci4\HR-MS2\vendor\codeigniter4\framework\system\Database\MySQLi\Connection.php(295): mysqli->query('INSERT INTO `de...', 0)
#1 C:\xampp\htdocs\ci4\HR-MS2\vendor\codeigniter4\framework\system\Database\BaseConnection.php(692): CodeIgniter\Database\MySQLi\Connection->execute('INSERT INTO `de...')
#2 C:\xampp\htdocs\ci4\HR-MS2\vendor\codeigniter4\framework\system\Database\BaseConnection.php(606): CodeIgniter\Database\BaseConnection->simpleQuery('INSERT INTO `de...')
#3 C:\xampp\htdocs\ci4\HR-MS2\vendor\codeigniter4\framework\system\Database\BaseBuilder.php(2309): CodeIgniter\Database\BaseConnection->query('INSERT INTO `de...', Array, false)
#4 C:\xampp\htdocs\ci4\HR-MS2\vendor\codeigniter4\framework\system\Model.php(330): CodeIgniter\Database\BaseBuilder->insert()
#5 C:\xampp\htdocs\ci4\HR-MS2\vendor\codeigniter4\framework\system\BaseModel.php(782): CodeIgniter\Model->doInsert(Array)
#6 C:\xampp\htdocs\ci4\HR-MS2\vendor\codeigniter4\framework\system\Model.php(730): CodeIgniter\BaseModel->insert(Array, true)
#7 C:\xampp\htdocs\ci4\HR-MS2\app\Controllers\DepartmentController.php(137): CodeIgniter\Model->insert(Array)
#8 C:\xampp\htdocs\ci4\HR-MS2\vendor\codeigniter4\framework\system\CodeIgniter.php(932): App\Controllers\DepartmentController->adddepartment()
#9 C:\xampp\htdocs\ci4\HR-MS2\vendor\codeigniter4\framework\system\CodeIgniter.php(497): CodeIgniter\CodeIgniter->runController(Object(App\Controllers\DepartmentController))
#10 C:\xampp\htdocs\ci4\HR-MS2\vendor\codeigniter4\framework\system\CodeIgniter.php(366): CodeIgniter\CodeIgniter->handleRequest(NULL, Object(Config\Cache), false)
#11 C:\xampp\htdocs\ci4\HR-MS2\index.php(67): CodeIgniter\CodeIgniter->run()
#12 {main}
CRITICAL - 2024-01-14 19:52:46 --> Cannot add or update a child row: a foreign key constraint fails (`hrmsdb`.`department_table`, CONSTRAINT `branch_fk` FOREIGN KEY (`branch`) REFERENCES `branch_manager_table` (`branch_manager_id`) ON DELETE SET NULL ON UPDATE CASCADE)
in SYSTEMPATH\Database\MySQLi\Connection.php on line 295.
 1 SYSTEMPATH\Database\MySQLi\Connection.php(295): mysqli->query('INSERT INTO `department_table` (`branch`, `department_name`, `salary`) VALUES (\'Select Branch\', \'\', \'\')', 0)
 2 SYSTEMPATH\Database\BaseConnection.php(692): CodeIgniter\Database\MySQLi\Connection->execute('INSERT INTO `department_table` (`branch`, `department_name`, `salary`) VALUES (\'Select Branch\', \'\', \'\')')
 3 SYSTEMPATH\Database\BaseConnection.php(606): CodeIgniter\Database\BaseConnection->simpleQuery('INSERT INTO `department_table` (`branch`, `department_name`, `salary`) VALUES (\'Select Branch\', \'\', \'\')')
 4 SYSTEMPATH\Database\BaseBuilder.php(2309): CodeIgniter\Database\BaseConnection->query('INSERT INTO `department_table` (`branch`, `department_name`, `salary`) VALUES (:branch:, :department_name:, :salary:)', [...], false)
 5 SYSTEMPATH\Model.php(330): CodeIgniter\Database\BaseBuilder->insert()
 6 SYSTEMPATH\BaseModel.php(782): CodeIgniter\Model->doInsert([...])
 7 SYSTEMPATH\Model.php(730): CodeIgniter\BaseModel->insert([...], true)
 8 APPPATH\Controllers\DepartmentController.php(137): CodeIgniter\Model->insert([...])
 9 SYSTEMPATH\CodeIgniter.php(932): App\Controllers\DepartmentController->adddepartment()
10 SYSTEMPATH\CodeIgniter.php(497): CodeIgniter\CodeIgniter->runController(Object(App\Controllers\DepartmentController))
11 SYSTEMPATH\CodeIgniter.php(366): CodeIgniter\CodeIgniter->handleRequest(null, Object(Config\Cache), false)
12 FCPATH\index.php(67): CodeIgniter\CodeIgniter->run()
ERROR - 2024-01-14 19:53:21 --> mysqli_sql_exception: Cannot add or update a child row: a foreign key constraint fails (`hrmsdb`.`department_table`, CONSTRAINT `branch_fk` FOREIGN KEY (`branch`) REFERENCES `branch_manager_table` (`branch_manager_id`) ON DELETE SET NULL ON UPDATE CASCADE) in C:\xampp\htdocs\ci4\HR-MS2\vendor\codeigniter4\framework\system\Database\MySQLi\Connection.php:295
Stack trace:
#0 C:\xampp\htdocs\ci4\HR-MS2\vendor\codeigniter4\framework\system\Database\MySQLi\Connection.php(295): mysqli->query('INSERT INTO `de...', 0)
#1 C:\xampp\htdocs\ci4\HR-MS2\vendor\codeigniter4\framework\system\Database\BaseConnection.php(692): CodeIgniter\Database\MySQLi\Connection->execute('INSERT INTO `de...')
#2 C:\xampp\htdocs\ci4\HR-MS2\vendor\codeigniter4\framework\system\Database\BaseConnection.php(606): CodeIgniter\Database\BaseConnection->simpleQuery('INSERT INTO `de...')
#3 C:\xampp\htdocs\ci4\HR-MS2\vendor\codeigniter4\framework\system\Database\BaseBuilder.php(2309): CodeIgniter\Database\BaseConnection->query('INSERT INTO `de...', Array, false)
#4 C:\xampp\htdocs\ci4\HR-MS2\vendor\codeigniter4\framework\system\Model.php(330): CodeIgniter\Database\BaseBuilder->insert()
#5 C:\xampp\htdocs\ci4\HR-MS2\vendor\codeigniter4\framework\system\BaseModel.php(782): CodeIgniter\Model->doInsert(Array)
#6 C:\xampp\htdocs\ci4\HR-MS2\vendor\codeigniter4\framework\system\Model.php(730): CodeIgniter\BaseModel->insert(Array, true)
#7 C:\xampp\htdocs\ci4\HR-MS2\app\Controllers\DepartmentController.php(137): CodeIgniter\Model->insert(Array)
#8 C:\xampp\htdocs\ci4\HR-MS2\vendor\codeigniter4\framework\system\CodeIgniter.php(932): App\Controllers\DepartmentController->adddepartment()
#9 C:\xampp\htdocs\ci4\HR-MS2\vendor\codeigniter4\framework\system\CodeIgniter.php(497): CodeIgniter\CodeIgniter->runController(Object(App\Controllers\DepartmentController))
#10 C:\xampp\htdocs\ci4\HR-MS2\vendor\codeigniter4\framework\system\CodeIgniter.php(366): CodeIgniter\CodeIgniter->handleRequest(NULL, Object(Config\Cache), false)
#11 C:\xampp\htdocs\ci4\HR-MS2\index.php(67): CodeIgniter\CodeIgniter->run()
#12 {main}
CRITICAL - 2024-01-14 19:53:21 --> Cannot add or update a child row: a foreign key constraint fails (`hrmsdb`.`department_table`, CONSTRAINT `branch_fk` FOREIGN KEY (`branch`) REFERENCES `branch_manager_table` (`branch_manager_id`) ON DELETE SET NULL ON UPDATE CASCADE)
in SYSTEMPATH\Database\MySQLi\Connection.php on line 295.
 1 SYSTEMPATH\Database\MySQLi\Connection.php(295): mysqli->query('INSERT INTO `department_table` (`branch`, `department_name`, `salary`) VALUES (\'Select Branch\', \'\', \'\')', 0)
 2 SYSTEMPATH\Database\BaseConnection.php(692): CodeIgniter\Database\MySQLi\Connection->execute('INSERT INTO `department_table` (`branch`, `department_name`, `salary`) VALUES (\'Select Branch\', \'\', \'\')')
 3 SYSTEMPATH\Database\BaseConnection.php(606): CodeIgniter\Database\BaseConnection->simpleQuery('INSERT INTO `department_table` (`branch`, `department_name`, `salary`) VALUES (\'Select Branch\', \'\', \'\')')
 4 SYSTEMPATH\Database\BaseBuilder.php(2309): CodeIgniter\Database\BaseConnection->query('INSERT INTO `department_table` (`branch`, `department_name`, `salary`) VALUES (:branch:, :department_name:, :salary:)', [...], false)
 5 SYSTEMPATH\Model.php(330): CodeIgniter\Database\BaseBuilder->insert()
 6 SYSTEMPATH\BaseModel.php(782): CodeIgniter\Model->doInsert([...])
 7 SYSTEMPATH\Model.php(730): CodeIgniter\BaseModel->insert([...], true)
 8 APPPATH\Controllers\DepartmentController.php(137): CodeIgniter\Model->insert([...])
 9 SYSTEMPATH\CodeIgniter.php(932): App\Controllers\DepartmentController->adddepartment()
10 SYSTEMPATH\CodeIgniter.php(497): CodeIgniter\CodeIgniter->runController(Object(App\Controllers\DepartmentController))
11 SYSTEMPATH\CodeIgniter.php(366): CodeIgniter\CodeIgniter->handleRequest(null, Object(Config\Cache), false)
12 FCPATH\index.php(67): CodeIgniter\CodeIgniter->run()
